<?xml version="1.0" encoding="UTF-8"?>
<testsuites name="Smart Wait Regression" time="376.932" tests="7" failures="1" errors="0">
   <testsuite name="Smart Wait Regression" tests="7" failures="1" errors="0" time="376.932" skipped="0" timestamp="2022-01-24 12:02:47" hostname="anle - localhost" id="Test Suites/Smart Wait Regression">
      <properties>
         <property name="deviceName" value=""/>
         <property name="devicePlatform" value=""/>
         <property name="logFolder" value="/Users/anle/Projects/TestCloud/Testing/smart-wait-example-tests/Reports/20220124_120245/Smart Wait Regression/20220124_120245"/>
         <property name="logFiles" value="/Users/anle/Projects/TestCloud/Testing/smart-wait-example-tests/Reports/20220124_120245/Smart Wait Regression/20220124_120245/execution0.log"/>
         <property name="attachments" value="/Users/anle/Projects/TestCloud/Testing/smart-wait-example-tests/Reports/20220124_120245/Smart Wait Regression/20220124_120245/1643000843307.png"/>
         <property name="hostName" value="anle - localhost"/>
         <property name="remoteDriverUrl" value="testcloud.dev.katalon.com/hub"/>
         <property name="desiredCapabilities" value="{
  &quot;acceptInsecureCerts&quot;: false,
  &quot;browserName&quot;: &quot;firefox&quot;,
  &quot;browserVersion&quot;: &quot;93&quot;,
  &quot;javascriptEnabled&quot;: true,
  &quot;katalon:option&quot;: {
    &quot;class&quot;: &quot;com.katalon.testcloud.grid.common.tunnel.domain.UserOptionCapability&quot;,
    &quot;jwt&quot;: &quot;eyJ0eXAiOiJKV1QiLCJhbGciOiJSUzI1NiJ9.eyJzdWIiOiJhbi5sZUBrYXRhbG9uLmNvbSIsInVwbiI6IjQ4Nzk3OCIsImdyb3VwcyI6WyJVU0VSIl0sInN0YXR1cyI6IlZFUklGSUVEIiwiZ2l2ZW5fbmFtZSI6IiIsImZhbWlseV9uYW1lIjoiIiwiZW1haWwiOiJhbi5sZUBrYXRhbG9uLmNvbSIsImVtYWlsX3ZlcmlmaWVkIjp0cnVlLCJjcmVhdGVkX2F0IjoxNjMxMjcwMjU2LCJ1cGRhdGVkX2F0IjoxNjQyOTk5NjIxLCJhbXIiOlsicHdkIl0sImlhdCI6MTY0Mjk5OTYyNiwiZXhwIjoxNjQzNjA0NDI2LCJqdGkiOiJmNjkwNTJjNi0yMjkyLTRlMjUtYjQwYi00YzRmZjQ1YjM0NjMiLCJpc3MiOiJrYXRhbG9uLWF1dGgifQ.Y_X9OKVCIgS5LnhUnRT7ehbOo4hdIx_lBJKzlcSOklNMhQndirUuikSPpjQntptWqq5mRWrfWY-KChOgsfL3os0rjwtzCVqibxN404oliaMoAVO4cmVn1xLTXmVk4pl_JBeROjg_EaP6a7MMb80HJYP_xrmJ4nWHYu1UyZzhJ3FiNIvK9rrUYKRCWsZ_4xtJpjs-7GVR5GiewfBT82kFdyRqmAKgH5e5A-EDUh4Vl_Yf51oibrq3C7V0Av8wQWrK761XZ_ojOjLQxt13IF8o6szZLhOOjWzgsO_58gq4ZvM1dEDI_7kX0km0jCzLWUtXRWmPBL7GK9-ceqMtpnvJIw&quot;,
    &quot;organizationId&quot;: &quot;152796&quot;,
    &quot;userId&quot;: 487978,
    &quot;username&quot;: &quot;an.le@katalon.com&quot;,
    &quot;usingTunnel&quot;: false
  },
  &quot;moz:accessibilityChecks&quot;: false,
  &quot;moz:buildID&quot;: &quot;20210927210923&quot;,
  &quot;moz:geckodriverVersion&quot;: &quot;0.30.0&quot;,
  &quot;moz:headless&quot;: false,
  &quot;moz:processID&quot;: 144,
  &quot;moz:profile&quot;: &quot;/tmp/rust_mozprofiler8vENQ&quot;,
  &quot;moz:shutdownTimeout&quot;: 60000,
  &quot;moz:useNonSpecCompliantPointerOrigin&quot;: false,
  &quot;moz:webdriverClick&quot;: true,
  &quot;pageLoadStrategy&quot;: &quot;normal&quot;,
  &quot;platform&quot;: &quot;LINUX&quot;,
  &quot;platformName&quot;: &quot;LINUX&quot;,
  &quot;platformVersion&quot;: &quot;5.10.68&quot;,
  &quot;proxy&quot;: {
    &quot;proxyType&quot;: &quot;DIRECT&quot;,
    &quot;autodetect&quot;: false
  },
  &quot;se:vnc&quot;: &quot;ws://172.41.5.157:4444/session/eeb5cd77-6a33-4311-a56c-9bfcbd10c9d9/se/vnc&quot;,
  &quot;se:vncEnabled&quot;: true,
  &quot;se:vncLocalAddress&quot;: &quot;ws://172.41.5.157:7900&quot;,
  &quot;setWindowRect&quot;: true,
  &quot;strictFileInteractability&quot;: false,
  &quot;timeouts&quot;: {
    &quot;implicit&quot;: 0,
    &quot;pageLoad&quot;: 300000,
    &quot;script&quot;: 30000
  },
  &quot;unhandledPromptBehavior&quot;: &quot;dismiss and notify&quot;
}"/>
         <property name="os" value="Mac OS X 64bit"/>
         <property name="remoteOS" value="Linux"/>
         <property name="katalonVersion" value="8.2.5.208"/>
         <property name="browser" value="Firefox 93.0"/>
         <property name="hostAddress" value="127.0.0.1"/>
         <property name="sessionId" value="eeb5cd77-6a33-4311-a56c-9bfcbd10c9d9"/>
         <property name="seleniumVersion" value="3.141.59"/>
         <property name="proxyInformation" value="ProxyInformation { proxyOption=NO_PROXY, proxyServerType=HTTP, username=, password=********, proxyServerAddress=, proxyServerPort=0, executionList=&quot;&quot;, isApplyToDesiredCapabilities=true }"/>
         <property name="platform" value="Mac OS X"/>
      </properties>
      <testcase name="Test Cases/Smart Await" time="69.021" classname="Test Cases/Smart Await" status="PASSED">
         <system-out><![CDATA[2022-01-24 12:02:51 - [TEST_CASE][PASSED] - Test Cases/Smart Await: Test Cases/Smart Await

2022-01-24 12:02:51 - [TEST_STEP][PASSED] - openBrowser(""): Browser is opened with url: ''

2022-01-24 12:02:51 - [MESSAGE][INFO] - User set preference: ['os', 'linux']

2022-01-24 12:02:51 - [MESSAGE][INFO] - User set preference: ['browserName', 'firefox']

2022-01-24 12:02:51 - [MESSAGE][INFO] - User set preference: ['browserVersion', '93']

2022-01-24 12:02:51 - [MESSAGE][INFO] - User set preference: ['katalon:option', '{organizationId=152796, tunnelId=, usingTunnel=false}']

2022-01-24 12:02:51 - [MESSAGE][INFO] - Connecting to remote web server 'testcloud.dev.katalon.com/hub' with type 'Selenium'

2022-01-24 12:02:52 - [MESSAGE][INFO] - Action delay is set to 0 milliseconds

2022-01-24 12:03:45 - [MESSAGE][PASSED] - Browser is opened with url: ''

2022-01-24 12:03:45 - [TEST_STEP][PASSED] - navigateToUrl("https://testcloud-smart-await.dev.katalon.com/"): Navigate to 'https://testcloud-smart-await.dev.katalon.com/' successfully

2022-01-24 12:03:46 - [MESSAGE][PASSED] - Navigate to 'https://testcloud-smart-await.dev.katalon.com/' successfully

2022-01-24 12:03:46 - [TEST_STEP][PASSED] - click(findTestObject("Object Repository/Page_tc-smart-await - 1.0.0-SNAPSHOT/button_Button")): Object: 'Object Repository/Page_tc-smart-await - 1.0.0-SNAPSHOT/button_Button' is clicked on

2022-01-24 12:03:49 - [MESSAGE][PASSED] - Object: 'Object Repository/Page_tc-smart-await - 1.0.0-SNAPSHOT/button_Button' is clicked on

2022-01-24 12:03:49 - [TEST_STEP][PASSED] - verifyTextPresent("Hello RESTEasy", true): Text 'Hello RESTEasy' is present on page  using regular expression

2022-01-24 12:03:58 - [MESSAGE][PASSED] - Text 'Hello RESTEasy' is present on page  using regular expression

2022-01-24 12:03:58 - [TEST_STEP][PASSED] - closeBrowser(): Browser is closed

2022-01-24 12:04:00 - [MESSAGE][PASSED] - Browser is closed]]></system-out>
         <system-err><![CDATA[]]></system-err>
      </testcase>
      <testcase name="Test Cases/Smart Await" time="50.858" classname="Test Cases/Smart Await" status="PASSED">
         <system-out><![CDATA[2022-01-24 12:04:00 - [TEST_CASE][PASSED] - Test Cases/Smart Await: Test Cases/Smart Await

2022-01-24 12:04:00 - [TEST_STEP][PASSED] - openBrowser(""): Browser is opened with url: ''

2022-01-24 12:04:00 - [MESSAGE][INFO] - User set preference: ['os', 'linux']

2022-01-24 12:04:00 - [MESSAGE][INFO] - User set preference: ['browserName', 'firefox']

2022-01-24 12:04:00 - [MESSAGE][INFO] - User set preference: ['browserVersion', '93']

2022-01-24 12:04:00 - [MESSAGE][INFO] - User set preference: ['katalon:option', '{organizationId=152796, tunnelId=, usingTunnel=false}']

2022-01-24 12:04:00 - [MESSAGE][INFO] - Connecting to remote web server 'testcloud.dev.katalon.com/hub' with type 'Selenium'

2022-01-24 12:04:00 - [MESSAGE][INFO] - Action delay is set to 0 milliseconds

2022-01-24 12:04:36 - [MESSAGE][PASSED] - Browser is opened with url: ''

2022-01-24 12:04:36 - [TEST_STEP][PASSED] - navigateToUrl("https://testcloud-smart-await.dev.katalon.com/"): Navigate to 'https://testcloud-smart-await.dev.katalon.com/' successfully

2022-01-24 12:04:37 - [MESSAGE][PASSED] - Navigate to 'https://testcloud-smart-await.dev.katalon.com/' successfully

2022-01-24 12:04:37 - [TEST_STEP][PASSED] - click(findTestObject("Object Repository/Page_tc-smart-await - 1.0.0-SNAPSHOT/button_Button")): Object: 'Object Repository/Page_tc-smart-await - 1.0.0-SNAPSHOT/button_Button' is clicked on

2022-01-24 12:04:40 - [MESSAGE][PASSED] - Object: 'Object Repository/Page_tc-smart-await - 1.0.0-SNAPSHOT/button_Button' is clicked on

2022-01-24 12:04:40 - [TEST_STEP][PASSED] - verifyTextPresent("Hello RESTEasy", true): Text 'Hello RESTEasy' is present on page  using regular expression

2022-01-24 12:04:49 - [MESSAGE][PASSED] - Text 'Hello RESTEasy' is present on page  using regular expression

2022-01-24 12:04:49 - [TEST_STEP][PASSED] - closeBrowser(): Browser is closed

2022-01-24 12:04:51 - [MESSAGE][PASSED] - Browser is closed]]></system-out>
         <system-err><![CDATA[]]></system-err>
      </testcase>
      <testcase name="Test Cases/Apply Specific Elementsts - Verify AJAX Text Present" time="53.181" classname="Test Cases/Apply Specific Elementsts - Verify AJAX Text Present" status="PASSED">
         <system-out><![CDATA[2022-01-24 12:04:51 - [TEST_CASE][PASSED] - Test Cases/Apply Specific Elementsts - Verify AJAX Text Present: Test Cases/Apply Specific Elementsts - Verify AJAX Text Present

2022-01-24 12:04:51 - [TEST_STEP][PASSED] - comment("If you want to use Smart Wait function for certain test elements only, it's important that you disable Default Smart Wait in Project Settings."): If you want to use Smart Wait function for certain test elements only, it's important that you disable Default Smart Wait in Project Settings.

2022-01-24 12:04:51 - [MESSAGE][INFO] - If you want to use Smart Wait function for certain test elements only, it's important that you disable Default Smart Wait in Project Settings.

2022-01-24 12:04:51 - [TEST_STEP][PASSED] - openBrowser(""): Browser is opened with url: ''

2022-01-24 12:04:51 - [MESSAGE][INFO] - User set preference: ['os', 'linux']

2022-01-24 12:04:51 - [MESSAGE][INFO] - User set preference: ['browserName', 'firefox']

2022-01-24 12:04:51 - [MESSAGE][INFO] - User set preference: ['browserVersion', '93']

2022-01-24 12:04:51 - [MESSAGE][INFO] - User set preference: ['katalon:option', '{organizationId=152796, tunnelId=, usingTunnel=false}']

2022-01-24 12:04:51 - [MESSAGE][INFO] - Connecting to remote web server 'testcloud.dev.katalon.com/hub' with type 'Selenium'

2022-01-24 12:04:51 - [MESSAGE][INFO] - Action delay is set to 0 milliseconds

2022-01-24 12:05:30 - [MESSAGE][PASSED] - Browser is opened with url: ''

2022-01-24 12:05:30 - [TEST_STEP][PASSED] - navigateToUrl("https://demo.tutorialzine.com/2009/09/simple-ajax-website-jquery/demo.html"): Navigate to 'https://demo.tutorialzine.com/2009/09/simple-ajax-website-jquery/demo.html' successfully

2022-01-24 12:05:31 - [MESSAGE][PASSED] - Navigate to 'https://demo.tutorialzine.com/2009/09/simple-ajax-website-jquery/demo.html' successfully

2022-01-24 12:05:31 - [TEST_STEP][PASSED] - enableSmartWait(): null

2022-01-24 12:05:31 - [TEST_STEP][PASSED] - click(findTestObject("Page_AjaxDemo/a_Page 1")): Object: 'Object Repository/Page_AjaxDemo/a_Page 1' is clicked on

2022-01-24 12:05:35 - [MESSAGE][PASSED] - Object: 'Object Repository/Page_AjaxDemo/a_Page 1' is clicked on

2022-01-24 12:05:35 - [TEST_STEP][PASSED] - verifyTextPresent("Lorem ipsum dolor sit amet, consectetur adipiscing elit. Etiam feugiat neque vel metus sodales auctor sed et arcu. Pellentesque habitant morbi tristique senectus et netus et malesuada fames ac turpis egestas. Phasellus cursus tellus ac urna sollicitudin viverra.", false): Text 'Lorem ipsum dolor sit amet, consectetur adipiscing elit. Etiam feugiat neque vel metus sodales auctor sed et arcu. Pellentesque habitant morbi tristique senectus et netus et malesuada fames ac turpis egestas. Phasellus cursus tellus ac urna sollicitudin viverra.' is present on page 

2022-01-24 12:05:39 - [MESSAGE][PASSED] - Text 'Lorem ipsum dolor sit amet, consectetur adipiscing elit. Etiam feugiat neque vel metus sodales auctor sed et arcu. Pellentesque habitant morbi tristique senectus et netus et malesuada fames ac turpis egestas. Phasellus cursus tellus ac urna sollicitudin viverra.' is present on page 

2022-01-24 12:05:39 - [TEST_STEP][PASSED] - disableSmartWait(): null

2022-01-24 12:05:39 - [TEST_STEP][PASSED] - click(findTestObject("Page_AjaxDemo/a_Page 2")): Object: 'Object Repository/Page_AjaxDemo/a_Page 2' is clicked on

2022-01-24 12:05:40 - [MESSAGE][PASSED] - Object: 'Object Repository/Page_AjaxDemo/a_Page 2' is clicked on

2022-01-24 12:05:40 - [TEST_STEP][PASSED] - verifyElementText(findTestObject("Page_AjaxDemo/div_Page2_Content"), "Aliquam imperdiet tempor facilisis. Sed elementum ultrices vulputate. In hac habitasse platea dictumst. In et accumsan turpis. Nullam laoreet posuere eros ac iaculis. Nullam ut velit arcu. Lorem ipsum dolor sit amet, consectetur adipiscing elit. Aliquam erat volutpat."): Actual text and expected text of test object 'Object Repository/Page_AjaxDemo/div_Page2_Content' are matched.

2022-01-24 12:05:42 - [MESSAGE][PASSED] - Actual text and expected text of test object 'Object Repository/Page_AjaxDemo/div_Page2_Content' are matched.

2022-01-24 12:05:42 - [TEST_STEP][PASSED] - closeBrowser(): Browser is closed

2022-01-24 12:05:44 - [MESSAGE][PASSED] - Browser is closed]]></system-out>
         <system-err><![CDATA[]]></system-err>
      </testcase>
      <testcase name="Test Cases/Apply All Elements - Verify AJAX Text Present" time="51.691" classname="Test Cases/Apply All Elements - Verify AJAX Text Present" status="PASSED">
         <system-out><![CDATA[2022-01-24 12:05:44 - [TEST_CASE][PASSED] - Test Cases/Apply All Elements - Verify AJAX Text Present: Test Cases/Apply All Elements - Verify AJAX Text Present

2022-01-24 12:05:44 - [TEST_STEP][PASSED] - comment("To enable the Smart Wait function for the whole project in Katalon Studio, navigate to Project > Settings > Execution> Select Enable in Default Smart Wait."): To enable the Smart Wait function for the whole project in Katalon Studio, navigate to Project > Settings > Execution> Select Enable in Default Smart Wait.

2022-01-24 12:05:44 - [MESSAGE][INFO] - To enable the Smart Wait function for the whole project in Katalon Studio, navigate to Project > Settings > Execution> Select Enable in Default Smart Wait.

2022-01-24 12:05:44 - [TEST_STEP][PASSED] - openBrowser(""): Browser is opened with url: ''

2022-01-24 12:05:44 - [MESSAGE][INFO] - User set preference: ['os', 'linux']

2022-01-24 12:05:44 - [MESSAGE][INFO] - User set preference: ['browserName', 'firefox']

2022-01-24 12:05:44 - [MESSAGE][INFO] - User set preference: ['browserVersion', '93']

2022-01-24 12:05:44 - [MESSAGE][INFO] - User set preference: ['katalon:option', '{organizationId=152796, tunnelId=, usingTunnel=false}']

2022-01-24 12:05:44 - [MESSAGE][INFO] - Connecting to remote web server 'testcloud.dev.katalon.com/hub' with type 'Selenium'

2022-01-24 12:05:44 - [MESSAGE][INFO] - Action delay is set to 0 milliseconds

2022-01-24 12:06:25 - [MESSAGE][PASSED] - Browser is opened with url: ''

2022-01-24 12:06:25 - [TEST_STEP][PASSED] - navigateToUrl("https://demo.tutorialzine.com/2009/09/simple-ajax-website-jquery/demo.html"): Navigate to 'https://demo.tutorialzine.com/2009/09/simple-ajax-website-jquery/demo.html' successfully

2022-01-24 12:06:27 - [MESSAGE][PASSED] - Navigate to 'https://demo.tutorialzine.com/2009/09/simple-ajax-website-jquery/demo.html' successfully

2022-01-24 12:06:27 - [TEST_STEP][PASSED] - click(findTestObject("Page_AjaxDemo/a_Page 1")): Object: 'Object Repository/Page_AjaxDemo/a_Page 1' is clicked on

2022-01-24 12:06:29 - [MESSAGE][PASSED] - Object: 'Object Repository/Page_AjaxDemo/a_Page 1' is clicked on

2022-01-24 12:06:29 - [TEST_STEP][PASSED] - verifyTextPresent("Lorem ipsum dolor sit amet, consectetur adipiscing elit. Etiam feugiat neque vel metus sodales auctor sed et arcu. Pellentesque habitant morbi tristique senectus et netus et malesuada fames ac turpis egestas. Phasellus cursus tellus ac urna sollicitudin viverra.", false): Text 'Lorem ipsum dolor sit amet, consectetur adipiscing elit. Etiam feugiat neque vel metus sodales auctor sed et arcu. Pellentesque habitant morbi tristique senectus et netus et malesuada fames ac turpis egestas. Phasellus cursus tellus ac urna sollicitudin viverra.' is present on page 

2022-01-24 12:06:31 - [MESSAGE][PASSED] - Text 'Lorem ipsum dolor sit amet, consectetur adipiscing elit. Etiam feugiat neque vel metus sodales auctor sed et arcu. Pellentesque habitant morbi tristique senectus et netus et malesuada fames ac turpis egestas. Phasellus cursus tellus ac urna sollicitudin viverra.' is present on page 

2022-01-24 12:06:31 - [TEST_STEP][PASSED] - click(findTestObject("Page_AjaxDemo/a_Page 2")): Object: 'Object Repository/Page_AjaxDemo/a_Page 2' is clicked on

2022-01-24 12:06:33 - [MESSAGE][PASSED] - Object: 'Object Repository/Page_AjaxDemo/a_Page 2' is clicked on

2022-01-24 12:06:33 - [TEST_STEP][PASSED] - verifyElementText(findTestObject("Page_AjaxDemo/div_Page2_Content"), "Aliquam imperdiet tempor facilisis. Sed elementum ultrices vulputate. In hac habitasse platea dictumst. In et accumsan turpis. Nullam laoreet posuere eros ac iaculis. Nullam ut velit arcu. Lorem ipsum dolor sit amet, consectetur adipiscing elit. Aliquam erat volutpat."): Actual text and expected text of test object 'Object Repository/Page_AjaxDemo/div_Page2_Content' are matched.

2022-01-24 12:06:34 - [MESSAGE][PASSED] - Actual text and expected text of test object 'Object Repository/Page_AjaxDemo/div_Page2_Content' are matched.

2022-01-24 12:06:34 - [TEST_STEP][PASSED] - closeBrowser(): Browser is closed

2022-01-24 12:06:36 - [MESSAGE][PASSED] - Browser is closed]]></system-out>
         <system-err><![CDATA[]]></system-err>
      </testcase>
      <testcase name="Test Cases/Smart Await" time="48.271" classname="Test Cases/Smart Await" status="FAILED">
         <failure type="FAILED" message="Test Cases/Smart Await FAILED.
Reason:
com.kms.katalon.core.exception.StepFailedException: Unable to verify text 'Hello RESTEasy' is present  using regular expression
	at com.kms.katalon.core.webui.keyword.internal.WebUIKeywordMain.stepFailed(WebUIKeywordMain.groovy:64)
	at com.kms.katalon.core.webui.keyword.internal.WebUIKeywordMain.runKeyword(WebUIKeywordMain.groovy:26)
	at com.kms.katalon.core.webui.keyword.builtin.VerifyTextPresentKeyword.verifyTextPresent(VerifyTextPresentKeyword.groovy:83)
	at com.kms.katalon.core.webui.keyword.builtin.VerifyTextPresentKeyword.execute(VerifyTextPresentKeyword.groovy:68)
	at com.kms.katalon.core.keyword.internal.KeywordExecutor.executeKeywordForPlatform(KeywordExecutor.groovy:74)
	at com.kms.katalon.core.webui.keyword.WebUiBuiltInKeywords.verifyTextPresent(WebUiBuiltInKeywords.groovy:1723)
	at com.kms.katalon.core.webui.keyword.WebUiBuiltInKeywords$verifyTextPresent$2.call(Unknown Source)
	at Smart Await.run(Smart Await:26)
	at com.kms.katalon.core.main.ScriptEngine.run(ScriptEngine.java:194)
	at com.kms.katalon.core.main.ScriptEngine.runScriptAsRawText(ScriptEngine.java:119)
	at com.kms.katalon.core.main.TestCaseExecutor.runScript(TestCaseExecutor.java:442)
	at com.kms.katalon.core.main.TestCaseExecutor.doExecute(TestCaseExecutor.java:433)
	at com.kms.katalon.core.main.TestCaseExecutor.processExecutionPhase(TestCaseExecutor.java:412)
	at com.kms.katalon.core.main.TestCaseExecutor.accessMainPhase(TestCaseExecutor.java:404)
	at com.kms.katalon.core.main.TestCaseExecutor.execute(TestCaseExecutor.java:281)
	at com.kms.katalon.core.main.TestSuiteExecutor.accessTestCaseMainPhase(TestSuiteExecutor.java:202)
	at com.kms.katalon.core.main.TestSuiteExecutor.accessTestSuiteMainPhase(TestSuiteExecutor.java:164)
	at com.kms.katalon.core.main.TestSuiteExecutor.execute(TestSuiteExecutor.java:105)
	at com.kms.katalon.core.main.TestCaseMain.startTestSuite(TestCaseMain.java:185)
	at com.kms.katalon.core.main.TestCaseMain$startTestSuite$0.call(Unknown Source)
	at TempTestSuite1643000565325.run(TempTestSuite1643000565325.groovy:36)
Caused by: com.kms.katalon.core.exception.StepFailedException: Text 'Hello RESTEasy' is not present on page  using regular expression
	at com.kms.katalon.core.webui.keyword.internal.WebUIKeywordMain.stepFailed(WebUIKeywordMain.groovy:64)
	at com.kms.katalon.core.webui.keyword.builtin.VerifyTextPresentKeyword$_verifyTextPresent_closure1.doCall(VerifyTextPresentKeyword.groovy:79)
	at com.kms.katalon.core.webui.keyword.builtin.VerifyTextPresentKeyword$_verifyTextPresent_closure1.call(VerifyTextPresentKeyword.groovy)
	at com.kms.katalon.core.webui.keyword.internal.WebUIKeywordMain.runKeyword(WebUIKeywordMain.groovy:20)
	... 19 more
"/>
         <system-out><![CDATA[2022-01-24 12:06:36 - [TEST_CASE][FAILED] - Test Cases/Smart Await: Test Cases/Smart Await FAILED.
Reason:
com.kms.katalon.core.exception.StepFailedException: Unable to verify text 'Hello RESTEasy' is present  using regular expression
	at com.kms.katalon.core.webui.keyword.internal.WebUIKeywordMain.stepFailed(WebUIKeywordMain.groovy:64)
	at com.kms.katalon.core.webui.keyword.internal.WebUIKeywordMain.runKeyword(WebUIKeywordMain.groovy:26)
	at com.kms.katalon.core.webui.keyword.builtin.VerifyTextPresentKeyword.verifyTextPresent(VerifyTextPresentKeyword.groovy:83)
	at com.kms.katalon.core.webui.keyword.builtin.VerifyTextPresentKeyword.execute(VerifyTextPresentKeyword.groovy:68)
	at com.kms.katalon.core.keyword.internal.KeywordExecutor.executeKeywordForPlatform(KeywordExecutor.groovy:74)
	at com.kms.katalon.core.webui.keyword.WebUiBuiltInKeywords.verifyTextPresent(WebUiBuiltInKeywords.groovy:1723)
	at com.kms.katalon.core.webui.keyword.WebUiBuiltInKeywords$verifyTextPresent$2.call(Unknown Source)
	at Smart Await.run(Smart Await:26)
	at com.kms.katalon.core.main.ScriptEngine.run(ScriptEngine.java:194)
	at com.kms.katalon.core.main.ScriptEngine.runScriptAsRawText(ScriptEngine.java:119)
	at com.kms.katalon.core.main.TestCaseExecutor.runScript(TestCaseExecutor.java:442)
	at com.kms.katalon.core.main.TestCaseExecutor.doExecute(TestCaseExecutor.java:433)
	at com.kms.katalon.core.main.TestCaseExecutor.processExecutionPhase(TestCaseExecutor.java:412)
	at com.kms.katalon.core.main.TestCaseExecutor.accessMainPhase(TestCaseExecutor.java:404)
	at com.kms.katalon.core.main.TestCaseExecutor.execute(TestCaseExecutor.java:281)
	at com.kms.katalon.core.main.TestSuiteExecutor.accessTestCaseMainPhase(TestSuiteExecutor.java:202)
	at com.kms.katalon.core.main.TestSuiteExecutor.accessTestSuiteMainPhase(TestSuiteExecutor.java:164)
	at com.kms.katalon.core.main.TestSuiteExecutor.execute(TestSuiteExecutor.java:105)
	at com.kms.katalon.core.main.TestCaseMain.startTestSuite(TestCaseMain.java:185)
	at com.kms.katalon.core.main.TestCaseMain$startTestSuite$0.call(Unknown Source)
	at TempTestSuite1643000565325.run(TempTestSuite1643000565325.groovy:36)
Caused by: com.kms.katalon.core.exception.StepFailedException: Text 'Hello RESTEasy' is not present on page  using regular expression
	at com.kms.katalon.core.webui.keyword.internal.WebUIKeywordMain.stepFailed(WebUIKeywordMain.groovy:64)
	at com.kms.katalon.core.webui.keyword.builtin.VerifyTextPresentKeyword$_verifyTextPresent_closure1.doCall(VerifyTextPresentKeyword.groovy:79)
	at com.kms.katalon.core.webui.keyword.builtin.VerifyTextPresentKeyword$_verifyTextPresent_closure1.call(VerifyTextPresentKeyword.groovy)
	at com.kms.katalon.core.webui.keyword.internal.WebUIKeywordMain.runKeyword(WebUIKeywordMain.groovy:20)
	... 19 more


2022-01-24 12:06:36 - [TEST_STEP][PASSED] - openBrowser(""): Browser is opened with url: ''

2022-01-24 12:06:36 - [MESSAGE][INFO] - User set preference: ['os', 'linux']

2022-01-24 12:06:36 - [MESSAGE][INFO] - User set preference: ['browserName', 'firefox']

2022-01-24 12:06:36 - [MESSAGE][INFO] - User set preference: ['browserVersion', '93']

2022-01-24 12:06:36 - [MESSAGE][INFO] - User set preference: ['katalon:option', '{organizationId=152796, tunnelId=, usingTunnel=false}']

2022-01-24 12:06:36 - [MESSAGE][INFO] - Connecting to remote web server 'testcloud.dev.katalon.com/hub' with type 'Selenium'

2022-01-24 12:06:36 - [MESSAGE][INFO] - Action delay is set to 0 milliseconds

2022-01-24 12:07:15 - [MESSAGE][PASSED] - Browser is opened with url: ''

2022-01-24 12:07:15 - [TEST_STEP][PASSED] - navigateToUrl("https://testcloud-smart-await.dev.katalon.com/"): Navigate to 'https://testcloud-smart-await.dev.katalon.com/' successfully

2022-01-24 12:07:16 - [MESSAGE][PASSED] - Navigate to 'https://testcloud-smart-await.dev.katalon.com/' successfully

2022-01-24 12:07:16 - [TEST_STEP][PASSED] - click(findTestObject("Object Repository/Page_tc-smart-await - 1.0.0-SNAPSHOT/button_Button")): Object: 'Object Repository/Page_tc-smart-await - 1.0.0-SNAPSHOT/button_Button' is clicked on

2022-01-24 12:07:21 - [MESSAGE][PASSED] - Object: 'Object Repository/Page_tc-smart-await - 1.0.0-SNAPSHOT/button_Button' is clicked on

2022-01-24 12:07:21 - [TEST_STEP][FAILED] - verifyTextPresent("Hello RESTEasy", true): Unable to verify text 'Hello RESTEasy' is present  using regular expression (Root cause: com.kms.katalon.core.exception.StepFailedException: Unable to verify text 'Hello RESTEasy' is present  using regular expression
	at com.kms.katalon.core.webui.keyword.internal.WebUIKeywordMain.stepFailed(WebUIKeywordMain.groovy:64)
	at com.kms.katalon.core.webui.keyword.internal.WebUIKeywordMain.runKeyword(WebUIKeywordMain.groovy:26)
	at com.kms.katalon.core.webui.keyword.builtin.VerifyTextPresentKeyword.verifyTextPresent(VerifyTextPresentKeyword.groovy:83)
	at com.kms.katalon.core.webui.keyword.builtin.VerifyTextPresentKeyword.execute(VerifyTextPresentKeyword.groovy:68)
	at com.kms.katalon.core.keyword.internal.KeywordExecutor.executeKeywordForPlatform(KeywordExecutor.groovy:74)
	at com.kms.katalon.core.webui.keyword.WebUiBuiltInKeywords.verifyTextPresent(WebUiBuiltInKeywords.groovy:1723)
	at com.kms.katalon.core.webui.keyword.WebUiBuiltInKeywords$verifyTextPresent$2.call(Unknown Source)
	at Smart Await.run(Smart Await:26)
	at com.kms.katalon.core.main.ScriptEngine.run(ScriptEngine.java:194)
	at com.kms.katalon.core.main.ScriptEngine.runScriptAsRawText(ScriptEngine.java:119)
	at com.kms.katalon.core.main.TestCaseExecutor.runScript(TestCaseExecutor.java:442)
	at com.kms.katalon.core.main.TestCaseExecutor.doExecute(TestCaseExecutor.java:433)
	at com.kms.katalon.core.main.TestCaseExecutor.processExecutionPhase(TestCaseExecutor.java:412)
	at com.kms.katalon.core.main.TestCaseExecutor.accessMainPhase(TestCaseExecutor.java:404)
	at com.kms.katalon.core.main.TestCaseExecutor.execute(TestCaseExecutor.java:281)
	at com.kms.katalon.core.main.TestSuiteExecutor.accessTestCaseMainPhase(TestSuiteExecutor.java:202)
	at com.kms.katalon.core.main.TestSuiteExecutor.accessTestSuiteMainPhase(TestSuiteExecutor.java:164)
	at com.kms.katalon.core.main.TestSuiteExecutor.execute(TestSuiteExecutor.java:105)
	at com.kms.katalon.core.main.TestCaseMain.startTestSuite(TestCaseMain.java:185)
	at com.kms.katalon.core.main.TestCaseMain$startTestSuite$0.call(Unknown Source)
	at TempTestSuite1643000565325.run(TempTestSuite1643000565325.groovy:36)
Caused by: com.kms.katalon.core.exception.StepFailedException: Text 'Hello RESTEasy' is not present on page  using regular expression
	at com.kms.katalon.core.webui.keyword.internal.WebUIKeywordMain.stepFailed(WebUIKeywordMain.groovy:64)
	at com.kms.katalon.core.webui.keyword.builtin.VerifyTextPresentKeyword$_verifyTextPresent_closure1.doCall(VerifyTextPresentKeyword.groovy:79)
	at com.kms.katalon.core.webui.keyword.builtin.VerifyTextPresentKeyword$_verifyTextPresent_closure1.call(VerifyTextPresentKeyword.groovy)
	at com.kms.katalon.core.webui.keyword.internal.WebUIKeywordMain.runKeyword(WebUIKeywordMain.groovy:20)
	... 19 more
)

2022-01-24 12:07:23 - [MESSAGE][FAILED] - Text 'Hello RESTEasy' is not present on page  using regular expression (Root cause: com.kms.katalon.core.exception.StepFailedException: Text 'Hello RESTEasy' is not present on page  using regular expression
	at com.kms.katalon.core.webui.keyword.internal.WebUIKeywordMain.stepFailed(WebUIKeywordMain.groovy:64)
	at com.kms.katalon.core.webui.keyword.builtin.VerifyTextPresentKeyword$_verifyTextPresent_closure1.doCall(VerifyTextPresentKeyword.groovy:79)
	at com.kms.katalon.core.webui.keyword.builtin.VerifyTextPresentKeyword$_verifyTextPresent_closure1.call(VerifyTextPresentKeyword.groovy)
	at com.kms.katalon.core.webui.keyword.internal.WebUIKeywordMain.runKeyword(WebUIKeywordMain.groovy:20)
	at com.kms.katalon.core.webui.keyword.builtin.VerifyTextPresentKeyword.verifyTextPresent(VerifyTextPresentKeyword.groovy:83)
	at com.kms.katalon.core.webui.keyword.builtin.VerifyTextPresentKeyword.execute(VerifyTextPresentKeyword.groovy:68)
	at com.kms.katalon.core.keyword.internal.KeywordExecutor.executeKeywordForPlatform(KeywordExecutor.groovy:74)
	at com.kms.katalon.core.webui.keyword.WebUiBuiltInKeywords.verifyTextPresent(WebUiBuiltInKeywords.groovy:1723)
	at com.kms.katalon.core.webui.keyword.WebUiBuiltInKeywords$verifyTextPresent$2.call(Unknown Source)
	at Smart Await.run(Smart Await:26)
	at com.kms.katalon.core.main.ScriptEngine.run(ScriptEngine.java:194)
	at com.kms.katalon.core.main.ScriptEngine.runScriptAsRawText(ScriptEngine.java:119)
	at com.kms.katalon.core.main.TestCaseExecutor.runScript(TestCaseExecutor.java:442)
	at com.kms.katalon.core.main.TestCaseExecutor.doExecute(TestCaseExecutor.java:433)
	at com.kms.katalon.core.main.TestCaseExecutor.processExecutionPhase(TestCaseExecutor.java:412)
	at com.kms.katalon.core.main.TestCaseExecutor.accessMainPhase(TestCaseExecutor.java:404)
	at com.kms.katalon.core.main.TestCaseExecutor.execute(TestCaseExecutor.java:281)
	at com.kms.katalon.core.main.TestSuiteExecutor.accessTestCaseMainPhase(TestSuiteExecutor.java:202)
	at com.kms.katalon.core.main.TestSuiteExecutor.accessTestSuiteMainPhase(TestSuiteExecutor.java:164)
	at com.kms.katalon.core.main.TestSuiteExecutor.execute(TestSuiteExecutor.java:105)
	at com.kms.katalon.core.main.TestCaseMain.startTestSuite(TestCaseMain.java:185)
	at com.kms.katalon.core.main.TestCaseMain$startTestSuite$0.call(Unknown Source)
	at TempTestSuite1643000565325.run(TempTestSuite1643000565325.groovy:36)
)

2022-01-24 12:07:24 - [MESSAGE][FAILED] - Unable to verify text 'Hello RESTEasy' is present  using regular expression (Root cause: com.kms.katalon.core.exception.StepFailedException: Unable to verify text 'Hello RESTEasy' is present  using regular expression
	at com.kms.katalon.core.webui.keyword.internal.WebUIKeywordMain.stepFailed(WebUIKeywordMain.groovy:64)
	at com.kms.katalon.core.webui.keyword.internal.WebUIKeywordMain.runKeyword(WebUIKeywordMain.groovy:26)
	at com.kms.katalon.core.webui.keyword.builtin.VerifyTextPresentKeyword.verifyTextPresent(VerifyTextPresentKeyword.groovy:83)
	at com.kms.katalon.core.webui.keyword.builtin.VerifyTextPresentKeyword.execute(VerifyTextPresentKeyword.groovy:68)
	at com.kms.katalon.core.keyword.internal.KeywordExecutor.executeKeywordForPlatform(KeywordExecutor.groovy:74)
	at com.kms.katalon.core.webui.keyword.WebUiBuiltInKeywords.verifyTextPresent(WebUiBuiltInKeywords.groovy:1723)
	at com.kms.katalon.core.webui.keyword.WebUiBuiltInKeywords$verifyTextPresent$2.call(Unknown Source)
	at Smart Await.run(Smart Await:26)
	at com.kms.katalon.core.main.ScriptEngine.run(ScriptEngine.java:194)
	at com.kms.katalon.core.main.ScriptEngine.runScriptAsRawText(ScriptEngine.java:119)
	at com.kms.katalon.core.main.TestCaseExecutor.runScript(TestCaseExecutor.java:442)
	at com.kms.katalon.core.main.TestCaseExecutor.doExecute(TestCaseExecutor.java:433)
	at com.kms.katalon.core.main.TestCaseExecutor.processExecutionPhase(TestCaseExecutor.java:412)
	at com.kms.katalon.core.main.TestCaseExecutor.accessMainPhase(TestCaseExecutor.java:404)
	at com.kms.katalon.core.main.TestCaseExecutor.execute(TestCaseExecutor.java:281)
	at com.kms.katalon.core.main.TestSuiteExecutor.accessTestCaseMainPhase(TestSuiteExecutor.java:202)
	at com.kms.katalon.core.main.TestSuiteExecutor.accessTestSuiteMainPhase(TestSuiteExecutor.java:164)
	at com.kms.katalon.core.main.TestSuiteExecutor.execute(TestSuiteExecutor.java:105)
	at com.kms.katalon.core.main.TestCaseMain.startTestSuite(TestCaseMain.java:185)
	at com.kms.katalon.core.main.TestCaseMain$startTestSuite$0.call(Unknown Source)
	at TempTestSuite1643000565325.run(TempTestSuite1643000565325.groovy:36)
Caused by: com.kms.katalon.core.exception.StepFailedException: Text 'Hello RESTEasy' is not present on page  using regular expression
	at com.kms.katalon.core.webui.keyword.internal.WebUIKeywordMain.stepFailed(WebUIKeywordMain.groovy:64)
	at com.kms.katalon.core.webui.keyword.builtin.VerifyTextPresentKeyword$_verifyTextPresent_closure1.doCall(VerifyTextPresentKeyword.groovy:79)
	at com.kms.katalon.core.webui.keyword.builtin.VerifyTextPresentKeyword$_verifyTextPresent_closure1.call(VerifyTextPresentKeyword.groovy)
	at com.kms.katalon.core.webui.keyword.internal.WebUIKeywordMain.runKeyword(WebUIKeywordMain.groovy:20)
	... 19 more
)
[[ATTACHMENT|/Users/anle/Projects/TestCloud/Testing/smart-wait-example-tests/Reports/20220124_120245/Smart Wait Regression/20220124_120245/1643000843307.png]]]]></system-out>
         <system-err><![CDATA[2022-01-24 12:06:36 - [TEST_CASE][FAILED] - Test Cases/Smart Await: Test Cases/Smart Await FAILED.
Reason:
com.kms.katalon.core.exception.StepFailedException: Unable to verify text 'Hello RESTEasy' is present  using regular expression
	at com.kms.katalon.core.webui.keyword.internal.WebUIKeywordMain.stepFailed(WebUIKeywordMain.groovy:64)
	at com.kms.katalon.core.webui.keyword.internal.WebUIKeywordMain.runKeyword(WebUIKeywordMain.groovy:26)
	at com.kms.katalon.core.webui.keyword.builtin.VerifyTextPresentKeyword.verifyTextPresent(VerifyTextPresentKeyword.groovy:83)
	at com.kms.katalon.core.webui.keyword.builtin.VerifyTextPresentKeyword.execute(VerifyTextPresentKeyword.groovy:68)
	at com.kms.katalon.core.keyword.internal.KeywordExecutor.executeKeywordForPlatform(KeywordExecutor.groovy:74)
	at com.kms.katalon.core.webui.keyword.WebUiBuiltInKeywords.verifyTextPresent(WebUiBuiltInKeywords.groovy:1723)
	at com.kms.katalon.core.webui.keyword.WebUiBuiltInKeywords$verifyTextPresent$2.call(Unknown Source)
	at Smart Await.run(Smart Await:26)
	at com.kms.katalon.core.main.ScriptEngine.run(ScriptEngine.java:194)
	at com.kms.katalon.core.main.ScriptEngine.runScriptAsRawText(ScriptEngine.java:119)
	at com.kms.katalon.core.main.TestCaseExecutor.runScript(TestCaseExecutor.java:442)
	at com.kms.katalon.core.main.TestCaseExecutor.doExecute(TestCaseExecutor.java:433)
	at com.kms.katalon.core.main.TestCaseExecutor.processExecutionPhase(TestCaseExecutor.java:412)
	at com.kms.katalon.core.main.TestCaseExecutor.accessMainPhase(TestCaseExecutor.java:404)
	at com.kms.katalon.core.main.TestCaseExecutor.execute(TestCaseExecutor.java:281)
	at com.kms.katalon.core.main.TestSuiteExecutor.accessTestCaseMainPhase(TestSuiteExecutor.java:202)
	at com.kms.katalon.core.main.TestSuiteExecutor.accessTestSuiteMainPhase(TestSuiteExecutor.java:164)
	at com.kms.katalon.core.main.TestSuiteExecutor.execute(TestSuiteExecutor.java:105)
	at com.kms.katalon.core.main.TestCaseMain.startTestSuite(TestCaseMain.java:185)
	at com.kms.katalon.core.main.TestCaseMain$startTestSuite$0.call(Unknown Source)
	at TempTestSuite1643000565325.run(TempTestSuite1643000565325.groovy:36)
Caused by: com.kms.katalon.core.exception.StepFailedException: Text 'Hello RESTEasy' is not present on page  using regular expression
	at com.kms.katalon.core.webui.keyword.internal.WebUIKeywordMain.stepFailed(WebUIKeywordMain.groovy:64)
	at com.kms.katalon.core.webui.keyword.builtin.VerifyTextPresentKeyword$_verifyTextPresent_closure1.doCall(VerifyTextPresentKeyword.groovy:79)
	at com.kms.katalon.core.webui.keyword.builtin.VerifyTextPresentKeyword$_verifyTextPresent_closure1.call(VerifyTextPresentKeyword.groovy)
	at com.kms.katalon.core.webui.keyword.internal.WebUIKeywordMain.runKeyword(WebUIKeywordMain.groovy:20)
	... 19 more]]></system-err>
      </testcase>
      <testcase name="Test Cases/Apply Specific Elementsts - Verify AJAX Text Present" time="53.603" classname="Test Cases/Apply Specific Elementsts - Verify AJAX Text Present" status="PASSED">
         <system-out><![CDATA[2022-01-24 12:07:24 - [TEST_CASE][PASSED] - Test Cases/Apply Specific Elementsts - Verify AJAX Text Present: Test Cases/Apply Specific Elementsts - Verify AJAX Text Present

2022-01-24 12:07:24 - [TEST_STEP][PASSED] - comment("If you want to use Smart Wait function for certain test elements only, it's important that you disable Default Smart Wait in Project Settings."): If you want to use Smart Wait function for certain test elements only, it's important that you disable Default Smart Wait in Project Settings.

2022-01-24 12:07:24 - [MESSAGE][INFO] - If you want to use Smart Wait function for certain test elements only, it's important that you disable Default Smart Wait in Project Settings.

2022-01-24 12:07:24 - [TEST_STEP][PASSED] - openBrowser(""): Browser is opened with url: ''

2022-01-24 12:07:24 - [MESSAGE][WARNING] - A browser is already opened. Closing browser and opening a new one

2022-01-24 12:07:27 - [MESSAGE][INFO] - User set preference: ['os', 'linux']

2022-01-24 12:07:27 - [MESSAGE][INFO] - User set preference: ['browserName', 'firefox']

2022-01-24 12:07:27 - [MESSAGE][INFO] - User set preference: ['browserVersion', '93']

2022-01-24 12:07:27 - [MESSAGE][INFO] - User set preference: ['katalon:option', '{organizationId=152796, tunnelId=, usingTunnel=false}']

2022-01-24 12:07:27 - [MESSAGE][INFO] - Connecting to remote web server 'testcloud.dev.katalon.com/hub' with type 'Selenium'

2022-01-24 12:07:27 - [MESSAGE][INFO] - Action delay is set to 0 milliseconds

2022-01-24 12:08:05 - [MESSAGE][PASSED] - Browser is opened with url: ''

2022-01-24 12:08:05 - [TEST_STEP][PASSED] - navigateToUrl("https://demo.tutorialzine.com/2009/09/simple-ajax-website-jquery/demo.html"): Navigate to 'https://demo.tutorialzine.com/2009/09/simple-ajax-website-jquery/demo.html' successfully

2022-01-24 12:08:06 - [MESSAGE][PASSED] - Navigate to 'https://demo.tutorialzine.com/2009/09/simple-ajax-website-jquery/demo.html' successfully

2022-01-24 12:08:06 - [TEST_STEP][PASSED] - enableSmartWait(): null

2022-01-24 12:08:06 - [TEST_STEP][PASSED] - click(findTestObject("Page_AjaxDemo/a_Page 1")): Object: 'Object Repository/Page_AjaxDemo/a_Page 1' is clicked on

2022-01-24 12:08:10 - [MESSAGE][PASSED] - Object: 'Object Repository/Page_AjaxDemo/a_Page 1' is clicked on

2022-01-24 12:08:10 - [TEST_STEP][PASSED] - verifyTextPresent("Lorem ipsum dolor sit amet, consectetur adipiscing elit. Etiam feugiat neque vel metus sodales auctor sed et arcu. Pellentesque habitant morbi tristique senectus et netus et malesuada fames ac turpis egestas. Phasellus cursus tellus ac urna sollicitudin viverra.", false): Text 'Lorem ipsum dolor sit amet, consectetur adipiscing elit. Etiam feugiat neque vel metus sodales auctor sed et arcu. Pellentesque habitant morbi tristique senectus et netus et malesuada fames ac turpis egestas. Phasellus cursus tellus ac urna sollicitudin viverra.' is present on page 

2022-01-24 12:08:13 - [MESSAGE][PASSED] - Text 'Lorem ipsum dolor sit amet, consectetur adipiscing elit. Etiam feugiat neque vel metus sodales auctor sed et arcu. Pellentesque habitant morbi tristique senectus et netus et malesuada fames ac turpis egestas. Phasellus cursus tellus ac urna sollicitudin viverra.' is present on page 

2022-01-24 12:08:13 - [TEST_STEP][PASSED] - disableSmartWait(): null

2022-01-24 12:08:13 - [TEST_STEP][PASSED] - click(findTestObject("Page_AjaxDemo/a_Page 2")): Object: 'Object Repository/Page_AjaxDemo/a_Page 2' is clicked on

2022-01-24 12:08:15 - [MESSAGE][PASSED] - Object: 'Object Repository/Page_AjaxDemo/a_Page 2' is clicked on

2022-01-24 12:08:15 - [TEST_STEP][PASSED] - verifyElementText(findTestObject("Page_AjaxDemo/div_Page2_Content"), "Aliquam imperdiet tempor facilisis. Sed elementum ultrices vulputate. In hac habitasse platea dictumst. In et accumsan turpis. Nullam laoreet posuere eros ac iaculis. Nullam ut velit arcu. Lorem ipsum dolor sit amet, consectetur adipiscing elit. Aliquam erat volutpat."): Actual text and expected text of test object 'Object Repository/Page_AjaxDemo/div_Page2_Content' are matched.

2022-01-24 12:08:16 - [MESSAGE][PASSED] - Actual text and expected text of test object 'Object Repository/Page_AjaxDemo/div_Page2_Content' are matched.

2022-01-24 12:08:16 - [TEST_STEP][PASSED] - closeBrowser(): Browser is closed

2022-01-24 12:08:18 - [MESSAGE][PASSED] - Browser is closed]]></system-out>
         <system-err><![CDATA[]]></system-err>
      </testcase>
      <testcase name="Test Cases/Apply All Elements - Verify AJAX Text Present" time="46.483" classname="Test Cases/Apply All Elements - Verify AJAX Text Present" status="PASSED">
         <system-out><![CDATA[2022-01-24 12:08:18 - [TEST_CASE][PASSED] - Test Cases/Apply All Elements - Verify AJAX Text Present: Test Cases/Apply All Elements - Verify AJAX Text Present

2022-01-24 12:08:18 - [TEST_STEP][PASSED] - comment("To enable the Smart Wait function for the whole project in Katalon Studio, navigate to Project > Settings > Execution> Select Enable in Default Smart Wait."): To enable the Smart Wait function for the whole project in Katalon Studio, navigate to Project > Settings > Execution> Select Enable in Default Smart Wait.

2022-01-24 12:08:18 - [MESSAGE][INFO] - To enable the Smart Wait function for the whole project in Katalon Studio, navigate to Project > Settings > Execution> Select Enable in Default Smart Wait.

2022-01-24 12:08:18 - [TEST_STEP][PASSED] - openBrowser(""): Browser is opened with url: ''

2022-01-24 12:08:18 - [MESSAGE][INFO] - User set preference: ['os', 'linux']

2022-01-24 12:08:18 - [MESSAGE][INFO] - User set preference: ['browserName', 'firefox']

2022-01-24 12:08:18 - [MESSAGE][INFO] - User set preference: ['browserVersion', '93']

2022-01-24 12:08:18 - [MESSAGE][INFO] - User set preference: ['katalon:option', '{organizationId=152796, tunnelId=, usingTunnel=false}']

2022-01-24 12:08:18 - [MESSAGE][INFO] - Connecting to remote web server 'testcloud.dev.katalon.com/hub' with type 'Selenium'

2022-01-24 12:08:18 - [MESSAGE][INFO] - Action delay is set to 0 milliseconds

2022-01-24 12:08:55 - [MESSAGE][PASSED] - Browser is opened with url: ''

2022-01-24 12:08:55 - [TEST_STEP][PASSED] - navigateToUrl("https://demo.tutorialzine.com/2009/09/simple-ajax-website-jquery/demo.html"): Navigate to 'https://demo.tutorialzine.com/2009/09/simple-ajax-website-jquery/demo.html' successfully

2022-01-24 12:08:56 - [MESSAGE][PASSED] - Navigate to 'https://demo.tutorialzine.com/2009/09/simple-ajax-website-jquery/demo.html' successfully

2022-01-24 12:08:56 - [TEST_STEP][PASSED] - click(findTestObject("Page_AjaxDemo/a_Page 1")): Object: 'Object Repository/Page_AjaxDemo/a_Page 1' is clicked on

2022-01-24 12:08:58 - [MESSAGE][PASSED] - Object: 'Object Repository/Page_AjaxDemo/a_Page 1' is clicked on

2022-01-24 12:08:58 - [TEST_STEP][PASSED] - verifyTextPresent("Lorem ipsum dolor sit amet, consectetur adipiscing elit. Etiam feugiat neque vel metus sodales auctor sed et arcu. Pellentesque habitant morbi tristique senectus et netus et malesuada fames ac turpis egestas. Phasellus cursus tellus ac urna sollicitudin viverra.", false): Text 'Lorem ipsum dolor sit amet, consectetur adipiscing elit. Etiam feugiat neque vel metus sodales auctor sed et arcu. Pellentesque habitant morbi tristique senectus et netus et malesuada fames ac turpis egestas. Phasellus cursus tellus ac urna sollicitudin viverra.' is present on page 

2022-01-24 12:08:59 - [MESSAGE][PASSED] - Text 'Lorem ipsum dolor sit amet, consectetur adipiscing elit. Etiam feugiat neque vel metus sodales auctor sed et arcu. Pellentesque habitant morbi tristique senectus et netus et malesuada fames ac turpis egestas. Phasellus cursus tellus ac urna sollicitudin viverra.' is present on page 

2022-01-24 12:08:59 - [TEST_STEP][PASSED] - click(findTestObject("Page_AjaxDemo/a_Page 2")): Object: 'Object Repository/Page_AjaxDemo/a_Page 2' is clicked on

2022-01-24 12:09:01 - [MESSAGE][PASSED] - Object: 'Object Repository/Page_AjaxDemo/a_Page 2' is clicked on

2022-01-24 12:09:01 - [TEST_STEP][PASSED] - verifyElementText(findTestObject("Page_AjaxDemo/div_Page2_Content"), "Aliquam imperdiet tempor facilisis. Sed elementum ultrices vulputate. In hac habitasse platea dictumst. In et accumsan turpis. Nullam laoreet posuere eros ac iaculis. Nullam ut velit arcu. Lorem ipsum dolor sit amet, consectetur adipiscing elit. Aliquam erat volutpat."): Actual text and expected text of test object 'Object Repository/Page_AjaxDemo/div_Page2_Content' are matched.

2022-01-24 12:09:03 - [MESSAGE][PASSED] - Actual text and expected text of test object 'Object Repository/Page_AjaxDemo/div_Page2_Content' are matched.

2022-01-24 12:09:03 - [TEST_STEP][PASSED] - closeBrowser(): Browser is closed

2022-01-24 12:09:04 - [MESSAGE][PASSED] - Browser is closed]]></system-out>
         <system-err><![CDATA[]]></system-err>
      </testcase>
      <system-out><![CDATA[2022-01-24 12:02:47 - [TEST_SUITE][FAILED] - Smart Wait Regression: Test Cases/Smart Await FAILED.
Reason:
com.kms.katalon.core.exception.StepFailedException: Unable to verify text 'Hello RESTEasy' is present  using regular expression
	at com.kms.katalon.core.webui.keyword.internal.WebUIKeywordMain.stepFailed(WebUIKeywordMain.groovy:64)
	at com.kms.katalon.core.webui.keyword.internal.WebUIKeywordMain.runKeyword(WebUIKeywordMain.groovy:26)
	at com.kms.katalon.core.webui.keyword.builtin.VerifyTextPresentKeyword.verifyTextPresent(VerifyTextPresentKeyword.groovy:83)
	at com.kms.katalon.core.webui.keyword.builtin.VerifyTextPresentKeyword.execute(VerifyTextPresentKeyword.groovy:68)
	at com.kms.katalon.core.keyword.internal.KeywordExecutor.executeKeywordForPlatform(KeywordExecutor.groovy:74)
	at com.kms.katalon.core.webui.keyword.WebUiBuiltInKeywords.verifyTextPresent(WebUiBuiltInKeywords.groovy:1723)
	at com.kms.katalon.core.webui.keyword.WebUiBuiltInKeywords$verifyTextPresent$2.call(Unknown Source)
	at Smart Await.run(Smart Await:26)
	at com.kms.katalon.core.main.ScriptEngine.run(ScriptEngine.java:194)
	at com.kms.katalon.core.main.ScriptEngine.runScriptAsRawText(ScriptEngine.java:119)
	at com.kms.katalon.core.main.TestCaseExecutor.runScript(TestCaseExecutor.java:442)
	at com.kms.katalon.core.main.TestCaseExecutor.doExecute(TestCaseExecutor.java:433)
	at com.kms.katalon.core.main.TestCaseExecutor.processExecutionPhase(TestCaseExecutor.java:412)
	at com.kms.katalon.core.main.TestCaseExecutor.accessMainPhase(TestCaseExecutor.java:404)
	at com.kms.katalon.core.main.TestCaseExecutor.execute(TestCaseExecutor.java:281)
	at com.kms.katalon.core.main.TestSuiteExecutor.accessTestCaseMainPhase(TestSuiteExecutor.java:202)
	at com.kms.katalon.core.main.TestSuiteExecutor.accessTestSuiteMainPhase(TestSuiteExecutor.java:164)
	at com.kms.katalon.core.main.TestSuiteExecutor.execute(TestSuiteExecutor.java:105)
	at com.kms.katalon.core.main.TestCaseMain.startTestSuite(TestCaseMain.java:185)
	at com.kms.katalon.core.main.TestCaseMain$startTestSuite$0.call(Unknown Source)
	at TempTestSuite1643000565325.run(TempTestSuite1643000565325.groovy:36)
Caused by: com.kms.katalon.core.exception.StepFailedException: Text 'Hello RESTEasy' is not present on page  using regular expression
	at com.kms.katalon.core.webui.keyword.internal.WebUIKeywordMain.stepFailed(WebUIKeywordMain.groovy:64)
	at com.kms.katalon.core.webui.keyword.builtin.VerifyTextPresentKeyword$_verifyTextPresent_closure1.doCall(VerifyTextPresentKeyword.groovy:79)
	at com.kms.katalon.core.webui.keyword.builtin.VerifyTextPresentKeyword$_verifyTextPresent_closure1.call(VerifyTextPresentKeyword.groovy)
	at com.kms.katalon.core.webui.keyword.internal.WebUIKeywordMain.runKeyword(WebUIKeywordMain.groovy:20)
	... 19 more]]></system-out>
      <system-err><![CDATA[2022-01-24 12:02:47 - [TEST_SUITE][FAILED] - Smart Wait Regression: Test Cases/Smart Await FAILED.
Reason:
com.kms.katalon.core.exception.StepFailedException: Unable to verify text 'Hello RESTEasy' is present  using regular expression
	at com.kms.katalon.core.webui.keyword.internal.WebUIKeywordMain.stepFailed(WebUIKeywordMain.groovy:64)
	at com.kms.katalon.core.webui.keyword.internal.WebUIKeywordMain.runKeyword(WebUIKeywordMain.groovy:26)
	at com.kms.katalon.core.webui.keyword.builtin.VerifyTextPresentKeyword.verifyTextPresent(VerifyTextPresentKeyword.groovy:83)
	at com.kms.katalon.core.webui.keyword.builtin.VerifyTextPresentKeyword.execute(VerifyTextPresentKeyword.groovy:68)
	at com.kms.katalon.core.keyword.internal.KeywordExecutor.executeKeywordForPlatform(KeywordExecutor.groovy:74)
	at com.kms.katalon.core.webui.keyword.WebUiBuiltInKeywords.verifyTextPresent(WebUiBuiltInKeywords.groovy:1723)
	at com.kms.katalon.core.webui.keyword.WebUiBuiltInKeywords$verifyTextPresent$2.call(Unknown Source)
	at Smart Await.run(Smart Await:26)
	at com.kms.katalon.core.main.ScriptEngine.run(ScriptEngine.java:194)
	at com.kms.katalon.core.main.ScriptEngine.runScriptAsRawText(ScriptEngine.java:119)
	at com.kms.katalon.core.main.TestCaseExecutor.runScript(TestCaseExecutor.java:442)
	at com.kms.katalon.core.main.TestCaseExecutor.doExecute(TestCaseExecutor.java:433)
	at com.kms.katalon.core.main.TestCaseExecutor.processExecutionPhase(TestCaseExecutor.java:412)
	at com.kms.katalon.core.main.TestCaseExecutor.accessMainPhase(TestCaseExecutor.java:404)
	at com.kms.katalon.core.main.TestCaseExecutor.execute(TestCaseExecutor.java:281)
	at com.kms.katalon.core.main.TestSuiteExecutor.accessTestCaseMainPhase(TestSuiteExecutor.java:202)
	at com.kms.katalon.core.main.TestSuiteExecutor.accessTestSuiteMainPhase(TestSuiteExecutor.java:164)
	at com.kms.katalon.core.main.TestSuiteExecutor.execute(TestSuiteExecutor.java:105)
	at com.kms.katalon.core.main.TestCaseMain.startTestSuite(TestCaseMain.java:185)
	at com.kms.katalon.core.main.TestCaseMain$startTestSuite$0.call(Unknown Source)
	at TempTestSuite1643000565325.run(TempTestSuite1643000565325.groovy:36)
Caused by: com.kms.katalon.core.exception.StepFailedException: Text 'Hello RESTEasy' is not present on page  using regular expression
	at com.kms.katalon.core.webui.keyword.internal.WebUIKeywordMain.stepFailed(WebUIKeywordMain.groovy:64)
	at com.kms.katalon.core.webui.keyword.builtin.VerifyTextPresentKeyword$_verifyTextPresent_closure1.doCall(VerifyTextPresentKeyword.groovy:79)
	at com.kms.katalon.core.webui.keyword.builtin.VerifyTextPresentKeyword$_verifyTextPresent_closure1.call(VerifyTextPresentKeyword.groovy)
	at com.kms.katalon.core.webui.keyword.internal.WebUIKeywordMain.runKeyword(WebUIKeywordMain.groovy:20)
	... 19 more]]></system-err>
   </testsuite>
</testsuites>
