<?xml version="1.0" encoding="UTF-8"?>
<testsuites name="New Test Suite Collection" time="990.199" tests="5" failures="1" errors="0">
   <testsuite name="New Test Suite" tests="1" failures="0" errors="0" time="985.537" skipped="0" timestamp="2022-04-07 08:56:31" hostname="anle - localhost" id="Test Suites/New Test Suite">
      <properties>
         <property name="deviceName" value=""/>
         <property name="devicePlatform" value=""/>
         <property name="logFolder" value="/Users/anle/Projects/TestCloud/Testing/smart-wait-example-tests/Reports/20220407_085612/New Test Suite/20220407_085616"/>
         <property name="logFiles" value="/Users/anle/Projects/TestCloud/Testing/smart-wait-example-tests/Reports/20220407_085612/New Test Suite/20220407_085616/execution0.log"/>
         <property name="attachments" value=""/>
         <property name="hostName" value="anle - localhost"/>
         <property name="remoteDriverUrl" value="testcloud.katalon.com/hub"/>
         <property name="desiredCapabilities" value="{
  &quot;acceptInsecureCerts&quot;: false,
  &quot;browserName&quot;: &quot;chrome&quot;,
  &quot;browserVersion&quot;: &quot;99.0.4844.51&quot;,
  &quot;chrome&quot;: {
    &quot;chromedriverVersion&quot;: &quot;99.0.4844.51 (d537ec02474b5afe23684e7963d538896c63ac77-refs/branch-heads/4844@{#875})&quot;,
    &quot;userDataDir&quot;: &quot;C:\\Users\\ContainerUser\\AppData\\Local\\Temp\\scoped_dir8488_978486444&quot;
  },
  &quot;goog:chromeOptions&quot;: {
    &quot;debuggerAddress&quot;: &quot;localhost:49330&quot;
  },
  &quot;javascriptEnabled&quot;: true,
  &quot;katalon:option&quot;: {
    &quot;organizationId&quot;: &quot;575235&quot;,
    &quot;unlimitedExecutionMinutes&quot;: false,
    &quot;jwt&quot;: &quot;eyJ0eXAiOiJKV1QiLCJhbGciOiJSUzI1NiJ9.eyJzdWIiOiJhbi5sZUBrYXRhbG9uLmNvbSIsInVwbiI6Ijc2MjEwMCIsImdyb3VwcyI6WyJVU0VSIl0sInN0YXR1cyI6IlZFUklGSUVEIiwiZ2l2ZW5fbmFtZSI6IkFuIiwiZmFtaWx5X25hbWUiOiJMZSIsImVtYWlsIjoiYW4ubGVAa2F0YWxvbi5jb20iLCJlbWFpbF92ZXJpZmllZCI6dHJ1ZSwiY3JlYXRlZF9hdCI6MTYzMTI2OTcwMSwidXBkYXRlZF9hdCI6MTY0OTI5NjQ2OCwiYW1yIjpbInB3ZCJdLCJpYXQiOjE2NDkyOTY1NzQsImV4cCI6MTY0OTkwMTM3NCwianRpIjoiNzNkYWYyZDMtYmZlMC00Mjc2LWFkMDQtODQwMTZjMjhjZTI5IiwiaXNzIjoia2F0YWxvbi1hdXRoIn0.eMLisrMF7BcVMpvhrWvJtztUs4qmctcm0V_5zVm7E1Bd0-UuNk4UJasXjblT_3DvR0AA5ERWOLy8VbJUZn7MvLqnTCWLfzVtjHi33rUSQzEu24_pz8Z26RhhR5_JGWGnENPLUmaPn0oZ7ZegWaXYmYluOV_qmnd1sUV3HITuA_NoLSiBFMK2DC2B0fssByWpv9rJRKOTUQrnhztdhbM2m4YqyOmnfLTKC3RzinLvj89I4XNmsndYu6ubsnLawqr7W6ZcaEjIQtSRV7t7HPToAw5E4MbGF0VcmZJivxd0R43X6Zxg1PkN9FLQ7n5HBHJRfgR70_B98zGoWXSiM2FgOQ&quot;,
    &quot;class&quot;: &quot;com.katalon.testcloud.grid.common.tunnel.domain.UserOptionCapability&quot;,
    &quot;userId&quot;: 762100,
    &quot;usingTunnel&quot;: false,
    &quot;username&quot;: &quot;an.le@katalon.com&quot;
  },
  &quot;networkConnectionEnabled&quot;: false,
  &quot;os&quot;: &quot;windows&quot;,
  &quot;pageLoadStrategy&quot;: &quot;normal&quot;,
  &quot;platform&quot;: &quot;WINDOWS&quot;,
  &quot;platformName&quot;: &quot;WINDOWS&quot;,
  &quot;proxy&quot;: {
    &quot;proxyType&quot;: &quot;DIRECT&quot;,
    &quot;autodetect&quot;: false
  },
  &quot;requestId&quot;: &quot;16c88cbc-faf5-44fb-853f-334e8cd1056d&quot;,
  &quot;se:cdp&quot;: &quot;ws://172.48.65.226:4444/session/82d5a33684c73064b5e791a8efde7993/se/cdp&quot;,
  &quot;se:cdpVersion&quot;: &quot;99.0.4844.51&quot;,
  &quot;setWindowRect&quot;: true,
  &quot;strictFileInteractability&quot;: false,
  &quot;timeouts&quot;: {
    &quot;implicit&quot;: 0,
    &quot;pageLoad&quot;: 300000,
    &quot;script&quot;: 30000
  },
  &quot;unhandledPromptBehavior&quot;: &quot;dismiss and notify&quot;,
  &quot;webauthn:extension:credBlob&quot;: true,
  &quot;webauthn:extension:largeBlob&quot;: true,
  &quot;webauthn:virtualAuthenticators&quot;: true
}"/>
         <property name="os" value="Mac OS X 64bit"/>
         <property name="remoteOS" value="Windows"/>
         <property name="katalonVersion" value="8.2.5.208"/>
         <property name="browser" value="Chrome 99.0.4844.51"/>
         <property name="hostAddress" value="127.0.0.1"/>
         <property name="sessionId" value="82d5a33684c73064b5e791a8efde7993"/>
         <property name="seleniumVersion" value="3.141.59"/>
         <property name="proxyInformation" value="ProxyInformation { proxyOption=NO_PROXY, proxyServerType=SOCKS, username=, password=********, proxyServerAddress=localhost, proxyServerPort=8080, executionList=&quot;&quot;, isApplyToDesiredCapabilities=true }"/>
         <property name="platform" value="Mac OS X"/>
      </properties>
      <testcase name="Test Cases/New Test Case" time="78.354" classname="Test Cases/New Test Case" status="PASSED">
         <system-out><![CDATA[2022-04-07 09:11:39 - [TEST_CASE][PASSED] - Test Cases/New Test Case: Test Cases/New Test Case

2022-04-07 09:11:39 - [TEST_STEP][PASSED] - openBrowser(""): Browser is opened with url: ''

2022-04-07 09:11:39 - [MESSAGE][INFO] - User set preference: ['os', 'windows']

2022-04-07 09:11:39 - [MESSAGE][INFO] - User set preference: ['browserName', 'chrome']

2022-04-07 09:11:39 - [MESSAGE][INFO] - User set preference: ['browserVersion', '99']

2022-04-07 09:11:39 - [MESSAGE][INFO] - User set preference: ['katalon:option', '{organizationId=575235, tunnelId=, usingTunnel=false}']

2022-04-07 09:11:39 - [MESSAGE][INFO] - Connecting to remote web server 'testcloud.katalon.com/hub' with type 'Selenium'

2022-04-07 09:11:39 - [MESSAGE][INFO] - Action delay is set to 0 milliseconds

2022-04-07 09:12:42 - [MESSAGE][PASSED] - Browser is opened with url: ''

2022-04-07 09:12:42 - [TEST_STEP][PASSED] - navigateToUrl("https://hosrem.zamo.io/user/login"): Navigate to 'https://hosrem.zamo.io/user/login' successfully

2022-04-07 09:12:47 - [MESSAGE][PASSED] - Navigate to 'https://hosrem.zamo.io/user/login' successfully

2022-04-07 09:12:47 - [TEST_STEP][PASSED] - setText(findTestObject("Object Repository/Page_ng nhp - HOSREM/input_ng nhp_username"), "admin@hosrem.org.vn"): Text 'admin@hosrem.org.vn' is set on object 'Object Repository/Page_ng nhp - HOSREM/input_ng nhp_username'

2022-04-07 09:12:50 - [MESSAGE][PASSED] - Text 'admin@hosrem.org.vn' is set on object 'Object Repository/Page_ng nhp - HOSREM/input_ng nhp_username'

2022-04-07 09:12:50 - [TEST_STEP][PASSED] - setEncryptedText(findTestObject("Object Repository/Page_ng nhp - HOSREM/input_ng nhp_password"), "lRjbE94itQ2P5Nq77tCtDw=="): Text ****** has been set on object 'Object Repository/Page_ng nhp - HOSREM/input_ng nhp_password'

2022-04-07 09:12:52 - [MESSAGE][PASSED] - Text ****** has been set on object 'Object Repository/Page_ng nhp - HOSREM/input_ng nhp_password'

2022-04-07 09:12:52 - [TEST_STEP][PASSED] - click(findTestObject("Object Repository/Page_ng nhp - HOSREM/button_ng nhp")): Object: 'Object Repository/Page_ng nhp - HOSREM/button_ng nhp' is clicked on

2022-04-07 09:12:53 - [MESSAGE][PASSED] - Object: 'Object Repository/Page_ng nhp - HOSREM/button_ng nhp' is clicked on

2022-04-07 09:12:53 - [TEST_STEP][PASSED] - verifyElementText(findTestObject("Object Repository/Page_Hi ngh - HOSREM/span_Danh sch hi ngh"), "Danh sách hội nghị"): Actual text and expected text of test object 'Object Repository/Page_Hi ngh - HOSREM/span_Danh sch hi ngh' are matched.

2022-04-07 09:12:55 - [MESSAGE][PASSED] - Actual text and expected text of test object 'Object Repository/Page_Hi ngh - HOSREM/span_Danh sch hi ngh' are matched.

2022-04-07 09:12:55 - [TEST_STEP][PASSED] - closeBrowser(): Browser is closed

2022-04-07 09:12:57 - [MESSAGE][PASSED] - Browser is closed]]></system-out>
         <system-err><![CDATA[]]></system-err>
      </testcase>
      <system-out><![CDATA[2022-04-07 08:56:31 - [TEST_SUITE][FAILED] - New Test Suite: Test Cases/New Test Case FAILED.
Reason:
com.kms.katalon.core.exception.StepFailedException: Unable to open browser with url: ''
	at com.kms.katalon.core.webui.keyword.internal.WebUIKeywordMain.stepFailed(WebUIKeywordMain.groovy:64)
	at com.kms.katalon.core.webui.keyword.internal.WebUIKeywordMain.runKeyword(WebUIKeywordMain.groovy:26)
	at com.kms.katalon.core.webui.keyword.builtin.OpenBrowserKeyword.openBrowser(OpenBrowserKeyword.groovy:81)
	at com.kms.katalon.core.webui.keyword.builtin.OpenBrowserKeyword.execute(OpenBrowserKeyword.groovy:67)
	at com.kms.katalon.core.keyword.internal.KeywordExecutor.executeKeywordForPlatform(KeywordExecutor.groovy:74)
	at com.kms.katalon.core.webui.keyword.WebUiBuiltInKeywords.openBrowser(WebUiBuiltInKeywords.groovy:64)
	at com.kms.katalon.core.webui.keyword.WebUiBuiltInKeywords$openBrowser.call(Unknown Source)
	at New Test Case.run(New Test Case:20)
	at com.kms.katalon.core.main.ScriptEngine.run(ScriptEngine.java:194)
	at com.kms.katalon.core.main.ScriptEngine.runScriptAsRawText(ScriptEngine.java:119)
	at com.kms.katalon.core.main.TestCaseExecutor.runScript(TestCaseExecutor.java:442)
	at com.kms.katalon.core.main.TestCaseExecutor.doExecute(TestCaseExecutor.java:433)
	at com.kms.katalon.core.main.TestCaseExecutor.processExecutionPhase(TestCaseExecutor.java:412)
	at com.kms.katalon.core.main.TestCaseExecutor.accessMainPhase(TestCaseExecutor.java:404)
	at com.kms.katalon.core.main.TestCaseExecutor.execute(TestCaseExecutor.java:281)
	at com.kms.katalon.core.main.TestSuiteExecutor.accessTestCaseMainPhase(TestSuiteExecutor.java:202)
	at com.kms.katalon.core.main.TestSuiteExecutor.accessTestSuiteMainPhase(TestSuiteExecutor.java:164)
	at com.kms.katalon.core.main.TestSuiteExecutor.execute(TestSuiteExecutor.java:105)
	at com.kms.katalon.core.main.TestCaseMain.startTestSuite(TestCaseMain.java:185)
	at com.kms.katalon.core.main.TestCaseMain$startTestSuite$0.call(Unknown Source)
	at TempTestSuite1649296576655.run(TempTestSuite1649296576655.groovy:36)
Caused by: org.openqa.selenium.remote.UnreachableBrowserException: Could not start a new session. Possible causes are invalid address of the remote server or browser start-up failure.
Build info: version: '3.141.59', revision: 'e82be7d358', time: '2018-11-14T08:25:53'
System info: host: 'Ans-MacBook-Pro.local', ip: 'fe80:0:0:0:1cbf:b225:2c90:e14b%en0', os.name: 'Mac OS X', os.arch: 'x86_64', os.version: '10.16', java.version: '1.8.0_275'
Driver info: driver.version: CRemoteWebDriver
	at org.openqa.selenium.remote.RemoteWebDriver.execute(RemoteWebDriver.java:573)
	at com.kms.katalon.selenium.driver.CRemoteWebDriver.execute(CRemoteWebDriver.java:30)
	at org.openqa.selenium.remote.RemoteWebDriver.startSession(RemoteWebDriver.java:213)
	at org.openqa.selenium.remote.RemoteWebDriver.<init>(RemoteWebDriver.java:131)
	at com.kms.katalon.selenium.driver.CRemoteWebDriver.<init>(CRemoteWebDriver.java:20)
	at com.kms.katalon.core.webui.driver.DriverFactory.createNewRemoteWebDriver(DriverFactory.java:542)
	at com.kms.katalon.core.webui.driver.DriverFactory.startRemoteBrowser(DriverFactory.java:326)
	at com.kms.katalon.core.webui.driver.DriverFactory.openWebDriver(DriverFactory.java:251)
	at com.kms.katalon.core.webui.keyword.builtin.OpenBrowserKeyword$_openBrowser_closure1.doCall(OpenBrowserKeyword.groovy:74)
	at com.kms.katalon.core.webui.keyword.builtin.OpenBrowserKeyword$_openBrowser_closure1.call(OpenBrowserKeyword.groovy)
	at com.kms.katalon.core.webui.keyword.internal.WebUIKeywordMain.runKeyword(WebUIKeywordMain.groovy:20)
	at com.kms.katalon.core.webui.keyword.builtin.OpenBrowserKeyword.openBrowser(OpenBrowserKeyword.groovy:81)
	at com.kms.katalon.core.webui.keyword.builtin.OpenBrowserKeyword.execute(OpenBrowserKeyword.groovy:67)
	at com.kms.katalon.core.keyword.internal.KeywordExecutor.executeKeywordForPlatform(KeywordExecutor.groovy:74)
	at com.kms.katalon.core.webui.keyword.WebUiBuiltInKeywords.openBrowser(WebUiBuiltInKeywords.groovy:64)
	at com.kms.katalon.core.webui.keyword.WebUiBuiltInKeywords$openBrowser.call(Unknown Source)
	at Script1648376737031.run(Script1648376737031.groovy:20)
	... 13 more
Caused by: java.net.SocketTimeoutException: timeout
	at okhttp3.internal.http2.Http2Stream$StreamTimeout.newTimeoutException(Http2Stream.java:616)
	at okhttp3.internal.http2.Http2Stream$StreamTimeout.exitAndThrowIfTimedOut(Http2Stream.java:624)
	at okhttp3.internal.http2.Http2Stream.takeResponseHeaders(Http2Stream.java:146)
	at okhttp3.internal.http2.Http2Codec.readResponseHeaders(Http2Codec.java:127)
	at okhttp3.internal.http.CallServerInterceptor.intercept(CallServerInterceptor.java:88)
	at okhttp3.internal.http.RealInterceptorChain.proceed(RealInterceptorChain.java:147)
	at okhttp3.internal.connection.ConnectInterceptor.intercept(ConnectInterceptor.java:45)
	at okhttp3.internal.http.RealInterceptorChain.proceed(RealInterceptorChain.java:147)
	at okhttp3.internal.http.RealInterceptorChain.proceed(RealInterceptorChain.java:121)
	at okhttp3.internal.cache.CacheInterceptor.intercept(CacheInterceptor.java:93)
	at okhttp3.internal.http.RealInterceptorChain.proceed(RealInterceptorChain.java:147)
	at okhttp3.internal.http.RealInterceptorChain.proceed(RealInterceptorChain.java:121)
	at okhttp3.internal.http.BridgeInterceptor.intercept(BridgeInterceptor.java:93)
	at okhttp3.internal.http.RealInterceptorChain.proceed(RealInterceptorChain.java:147)
	at okhttp3.internal.http.RetryAndFollowUpInterceptor.intercept(RetryAndFollowUpInterceptor.java:126)
	at okhttp3.internal.http.RealInterceptorChain.proceed(RealInterceptorChain.java:147)
	at okhttp3.internal.http.RealInterceptorChain.proceed(RealInterceptorChain.java:121)
	at okhttp3.RealCall.getResponseWithInterceptorChain(RealCall.java:200)
	at okhttp3.RealCall.execute(RealCall.java:77)
	at org.openqa.selenium.remote.internal.OkHttpClient.execute(OkHttpClient.java:103)
	at org.openqa.selenium.remote.ProtocolHandshake.createSession(ProtocolHandshake.java:105)
	at org.openqa.selenium.remote.ProtocolHandshake.createSession(ProtocolHandshake.java:74)
	at org.openqa.selenium.remote.HttpCommandExecutor.execute(HttpCommandExecutor.java:136)
	at org.openqa.selenium.remote.RemoteWebDriver.execute(RemoteWebDriver.java:552)
	at com.kms.katalon.selenium.driver.CRemoteWebDriver.execute(CRemoteWebDriver.java:30)
	at org.openqa.selenium.remote.RemoteWebDriver.startSession(RemoteWebDriver.java:213)
	at org.openqa.selenium.remote.RemoteWebDriver.<init>(RemoteWebDriver.java:131)
	at com.kms.katalon.selenium.driver.CRemoteWebDriver.<init>(CRemoteWebDriver.java:20)
	at com.kms.katalon.core.webui.driver.DriverFactory.createNewRemoteWebDriver(DriverFactory.java:542)
	at com.kms.katalon.core.webui.driver.DriverFactory.startRemoteBrowser(DriverFactory.java:326)
	at com.kms.katalon.core.webui.driver.DriverFactory.openWebDriver(DriverFactory.java:251)
	at com.kms.katalon.core.webui.keyword.builtin.OpenBrowserKeyword$_openBrowser_closure1.doCall(OpenBrowserKeyword.groovy:74)
	at com.kms.katalon.core.webui.keyword.builtin.OpenBrowserKeyword$_openBrowser_closure1.call(OpenBrowserKeyword.groovy)
	at com.kms.katalon.core.webui.keyword.internal.WebUIKeywordMain.runKeyword(WebUIKeywordMain.groovy:20)
	at com.kms.katalon.core.webui.keyword.builtin.OpenBrowserKeyword.openBrowser(OpenBrowserKeyword.groovy:81)
	at com.kms.katalon.core.webui.keyword.builtin.OpenBrowserKeyword.execute(OpenBrowserKeyword.groovy:67)
	at com.kms.katalon.core.keyword.internal.KeywordExecutor.executeKeywordForPlatform(KeywordExecutor.groovy:74)
	at com.kms.katalon.core.webui.keyword.WebUiBuiltInKeywords.openBrowser(WebUiBuiltInKeywords.groovy:64)
	at com.kms.katalon.core.webui.keyword.WebUiBuiltInKeywords$openBrowser.call(Unknown Source)
	at New Test Case.run(New Test Case:20)
	... 13 more]]></system-out>
      <system-err><![CDATA[2022-04-07 08:56:31 - [TEST_SUITE][FAILED] - New Test Suite: Test Cases/New Test Case FAILED.
Reason:
com.kms.katalon.core.exception.StepFailedException: Unable to open browser with url: ''
	at com.kms.katalon.core.webui.keyword.internal.WebUIKeywordMain.stepFailed(WebUIKeywordMain.groovy:64)
	at com.kms.katalon.core.webui.keyword.internal.WebUIKeywordMain.runKeyword(WebUIKeywordMain.groovy:26)
	at com.kms.katalon.core.webui.keyword.builtin.OpenBrowserKeyword.openBrowser(OpenBrowserKeyword.groovy:81)
	at com.kms.katalon.core.webui.keyword.builtin.OpenBrowserKeyword.execute(OpenBrowserKeyword.groovy:67)
	at com.kms.katalon.core.keyword.internal.KeywordExecutor.executeKeywordForPlatform(KeywordExecutor.groovy:74)
	at com.kms.katalon.core.webui.keyword.WebUiBuiltInKeywords.openBrowser(WebUiBuiltInKeywords.groovy:64)
	at com.kms.katalon.core.webui.keyword.WebUiBuiltInKeywords$openBrowser.call(Unknown Source)
	at New Test Case.run(New Test Case:20)
	at com.kms.katalon.core.main.ScriptEngine.run(ScriptEngine.java:194)
	at com.kms.katalon.core.main.ScriptEngine.runScriptAsRawText(ScriptEngine.java:119)
	at com.kms.katalon.core.main.TestCaseExecutor.runScript(TestCaseExecutor.java:442)
	at com.kms.katalon.core.main.TestCaseExecutor.doExecute(TestCaseExecutor.java:433)
	at com.kms.katalon.core.main.TestCaseExecutor.processExecutionPhase(TestCaseExecutor.java:412)
	at com.kms.katalon.core.main.TestCaseExecutor.accessMainPhase(TestCaseExecutor.java:404)
	at com.kms.katalon.core.main.TestCaseExecutor.execute(TestCaseExecutor.java:281)
	at com.kms.katalon.core.main.TestSuiteExecutor.accessTestCaseMainPhase(TestSuiteExecutor.java:202)
	at com.kms.katalon.core.main.TestSuiteExecutor.accessTestSuiteMainPhase(TestSuiteExecutor.java:164)
	at com.kms.katalon.core.main.TestSuiteExecutor.execute(TestSuiteExecutor.java:105)
	at com.kms.katalon.core.main.TestCaseMain.startTestSuite(TestCaseMain.java:185)
	at com.kms.katalon.core.main.TestCaseMain$startTestSuite$0.call(Unknown Source)
	at TempTestSuite1649296576655.run(TempTestSuite1649296576655.groovy:36)
Caused by: org.openqa.selenium.remote.UnreachableBrowserException: Could not start a new session. Possible causes are invalid address of the remote server or browser start-up failure.
Build info: version: '3.141.59', revision: 'e82be7d358', time: '2018-11-14T08:25:53'
System info: host: 'Ans-MacBook-Pro.local', ip: 'fe80:0:0:0:1cbf:b225:2c90:e14b%en0', os.name: 'Mac OS X', os.arch: 'x86_64', os.version: '10.16', java.version: '1.8.0_275'
Driver info: driver.version: CRemoteWebDriver
	at org.openqa.selenium.remote.RemoteWebDriver.execute(RemoteWebDriver.java:573)
	at com.kms.katalon.selenium.driver.CRemoteWebDriver.execute(CRemoteWebDriver.java:30)
	at org.openqa.selenium.remote.RemoteWebDriver.startSession(RemoteWebDriver.java:213)
	at org.openqa.selenium.remote.RemoteWebDriver.<init>(RemoteWebDriver.java:131)
	at com.kms.katalon.selenium.driver.CRemoteWebDriver.<init>(CRemoteWebDriver.java:20)
	at com.kms.katalon.core.webui.driver.DriverFactory.createNewRemoteWebDriver(DriverFactory.java:542)
	at com.kms.katalon.core.webui.driver.DriverFactory.startRemoteBrowser(DriverFactory.java:326)
	at com.kms.katalon.core.webui.driver.DriverFactory.openWebDriver(DriverFactory.java:251)
	at com.kms.katalon.core.webui.keyword.builtin.OpenBrowserKeyword$_openBrowser_closure1.doCall(OpenBrowserKeyword.groovy:74)
	at com.kms.katalon.core.webui.keyword.builtin.OpenBrowserKeyword$_openBrowser_closure1.call(OpenBrowserKeyword.groovy)
	at com.kms.katalon.core.webui.keyword.internal.WebUIKeywordMain.runKeyword(WebUIKeywordMain.groovy:20)
	at com.kms.katalon.core.webui.keyword.builtin.OpenBrowserKeyword.openBrowser(OpenBrowserKeyword.groovy:81)
	at com.kms.katalon.core.webui.keyword.builtin.OpenBrowserKeyword.execute(OpenBrowserKeyword.groovy:67)
	at com.kms.katalon.core.keyword.internal.KeywordExecutor.executeKeywordForPlatform(KeywordExecutor.groovy:74)
	at com.kms.katalon.core.webui.keyword.WebUiBuiltInKeywords.openBrowser(WebUiBuiltInKeywords.groovy:64)
	at com.kms.katalon.core.webui.keyword.WebUiBuiltInKeywords$openBrowser.call(Unknown Source)
	at Script1648376737031.run(Script1648376737031.groovy:20)
	... 13 more
Caused by: java.net.SocketTimeoutException: timeout
	at okhttp3.internal.http2.Http2Stream$StreamTimeout.newTimeoutException(Http2Stream.java:616)
	at okhttp3.internal.http2.Http2Stream$StreamTimeout.exitAndThrowIfTimedOut(Http2Stream.java:624)
	at okhttp3.internal.http2.Http2Stream.takeResponseHeaders(Http2Stream.java:146)
	at okhttp3.internal.http2.Http2Codec.readResponseHeaders(Http2Codec.java:127)
	at okhttp3.internal.http.CallServerInterceptor.intercept(CallServerInterceptor.java:88)
	at okhttp3.internal.http.RealInterceptorChain.proceed(RealInterceptorChain.java:147)
	at okhttp3.internal.connection.ConnectInterceptor.intercept(ConnectInterceptor.java:45)
	at okhttp3.internal.http.RealInterceptorChain.proceed(RealInterceptorChain.java:147)
	at okhttp3.internal.http.RealInterceptorChain.proceed(RealInterceptorChain.java:121)
	at okhttp3.internal.cache.CacheInterceptor.intercept(CacheInterceptor.java:93)
	at okhttp3.internal.http.RealInterceptorChain.proceed(RealInterceptorChain.java:147)
	at okhttp3.internal.http.RealInterceptorChain.proceed(RealInterceptorChain.java:121)
	at okhttp3.internal.http.BridgeInterceptor.intercept(BridgeInterceptor.java:93)
	at okhttp3.internal.http.RealInterceptorChain.proceed(RealInterceptorChain.java:147)
	at okhttp3.internal.http.RetryAndFollowUpInterceptor.intercept(RetryAndFollowUpInterceptor.java:126)
	at okhttp3.internal.http.RealInterceptorChain.proceed(RealInterceptorChain.java:147)
	at okhttp3.internal.http.RealInterceptorChain.proceed(RealInterceptorChain.java:121)
	at okhttp3.RealCall.getResponseWithInterceptorChain(RealCall.java:200)
	at okhttp3.RealCall.execute(RealCall.java:77)
	at org.openqa.selenium.remote.internal.OkHttpClient.execute(OkHttpClient.java:103)
	at org.openqa.selenium.remote.ProtocolHandshake.createSession(ProtocolHandshake.java:105)
	at org.openqa.selenium.remote.ProtocolHandshake.createSession(ProtocolHandshake.java:74)
	at org.openqa.selenium.remote.HttpCommandExecutor.execute(HttpCommandExecutor.java:136)
	at org.openqa.selenium.remote.RemoteWebDriver.execute(RemoteWebDriver.java:552)
	at com.kms.katalon.selenium.driver.CRemoteWebDriver.execute(CRemoteWebDriver.java:30)
	at org.openqa.selenium.remote.RemoteWebDriver.startSession(RemoteWebDriver.java:213)
	at org.openqa.selenium.remote.RemoteWebDriver.<init>(RemoteWebDriver.java:131)
	at com.kms.katalon.selenium.driver.CRemoteWebDriver.<init>(CRemoteWebDriver.java:20)
	at com.kms.katalon.core.webui.driver.DriverFactory.createNewRemoteWebDriver(DriverFactory.java:542)
	at com.kms.katalon.core.webui.driver.DriverFactory.startRemoteBrowser(DriverFactory.java:326)
	at com.kms.katalon.core.webui.driver.DriverFactory.openWebDriver(DriverFactory.java:251)
	at com.kms.katalon.core.webui.keyword.builtin.OpenBrowserKeyword$_openBrowser_closure1.doCall(OpenBrowserKeyword.groovy:74)
	at com.kms.katalon.core.webui.keyword.builtin.OpenBrowserKeyword$_openBrowser_closure1.call(OpenBrowserKeyword.groovy)
	at com.kms.katalon.core.webui.keyword.internal.WebUIKeywordMain.runKeyword(WebUIKeywordMain.groovy:20)
	at com.kms.katalon.core.webui.keyword.builtin.OpenBrowserKeyword.openBrowser(OpenBrowserKeyword.groovy:81)
	at com.kms.katalon.core.webui.keyword.builtin.OpenBrowserKeyword.execute(OpenBrowserKeyword.groovy:67)
	at com.kms.katalon.core.keyword.internal.KeywordExecutor.executeKeywordForPlatform(KeywordExecutor.groovy:74)
	at com.kms.katalon.core.webui.keyword.WebUiBuiltInKeywords.openBrowser(WebUiBuiltInKeywords.groovy:64)
	at com.kms.katalon.core.webui.keyword.WebUiBuiltInKeywords$openBrowser.call(Unknown Source)
	at New Test Case.run(New Test Case:20)
	... 13 more]]></system-err>
   </testsuite>
   <testsuite name="New Test Suite" tests="1" failures="0" errors="0" time="194.592" skipped="0" timestamp="2022-04-07 08:56:32" hostname="anle - localhost" id="Test Suites/New Test Suite">
      <properties>
         <property name="deviceName" value=""/>
         <property name="devicePlatform" value=""/>
         <property name="logFolder" value="/Users/anle/Projects/TestCloud/Testing/smart-wait-example-tests/Reports/20220407_085612/New Test Suite/20220407_085618"/>
         <property name="logFiles" value="/Users/anle/Projects/TestCloud/Testing/smart-wait-example-tests/Reports/20220407_085612/New Test Suite/20220407_085618/execution0.log"/>
         <property name="attachments" value=""/>
         <property name="hostName" value="anle - localhost"/>
         <property name="remoteDriverUrl" value="testcloud.katalon.com/hub"/>
         <property name="desiredCapabilities" value="{
  &quot;acceptInsecureCerts&quot;: false,
  &quot;browserName&quot;: &quot;chrome&quot;,
  &quot;browserVersion&quot;: &quot;97.0.4692.99&quot;,
  &quot;chrome&quot;: {
    &quot;chromedriverVersion&quot;: &quot;97.0.4692.71 (adefa7837d02a07a604c1e6eff0b3a09422ab88d-refs/branch-heads/4692@{#1247})&quot;,
    &quot;userDataDir&quot;: &quot;C:\\Users\\ContainerUser\\AppData\\Local\\Temp\\scoped_dir17132_1027497180&quot;
  },
  &quot;goog:chromeOptions&quot;: {
    &quot;debuggerAddress&quot;: &quot;localhost:49332&quot;
  },
  &quot;javascriptEnabled&quot;: true,
  &quot;katalon:option&quot;: {
    &quot;organizationId&quot;: &quot;575235&quot;,
    &quot;unlimitedExecutionMinutes&quot;: false,
    &quot;jwt&quot;: &quot;eyJ0eXAiOiJKV1QiLCJhbGciOiJSUzI1NiJ9.eyJzdWIiOiJhbi5sZUBrYXRhbG9uLmNvbSIsInVwbiI6Ijc2MjEwMCIsImdyb3VwcyI6WyJVU0VSIl0sInN0YXR1cyI6IlZFUklGSUVEIiwiZ2l2ZW5fbmFtZSI6IkFuIiwiZmFtaWx5X25hbWUiOiJMZSIsImVtYWlsIjoiYW4ubGVAa2F0YWxvbi5jb20iLCJlbWFpbF92ZXJpZmllZCI6dHJ1ZSwiY3JlYXRlZF9hdCI6MTYzMTI2OTcwMSwidXBkYXRlZF9hdCI6MTY0OTI5NjQ2OCwiYW1yIjpbInB3ZCJdLCJpYXQiOjE2NDkyOTY1NzQsImV4cCI6MTY0OTkwMTM3NCwianRpIjoiNzNkYWYyZDMtYmZlMC00Mjc2LWFkMDQtODQwMTZjMjhjZTI5IiwiaXNzIjoia2F0YWxvbi1hdXRoIn0.eMLisrMF7BcVMpvhrWvJtztUs4qmctcm0V_5zVm7E1Bd0-UuNk4UJasXjblT_3DvR0AA5ERWOLy8VbJUZn7MvLqnTCWLfzVtjHi33rUSQzEu24_pz8Z26RhhR5_JGWGnENPLUmaPn0oZ7ZegWaXYmYluOV_qmnd1sUV3HITuA_NoLSiBFMK2DC2B0fssByWpv9rJRKOTUQrnhztdhbM2m4YqyOmnfLTKC3RzinLvj89I4XNmsndYu6ubsnLawqr7W6ZcaEjIQtSRV7t7HPToAw5E4MbGF0VcmZJivxd0R43X6Zxg1PkN9FLQ7n5HBHJRfgR70_B98zGoWXSiM2FgOQ&quot;,
    &quot;class&quot;: &quot;com.katalon.testcloud.grid.common.tunnel.domain.UserOptionCapability&quot;,
    &quot;userId&quot;: 762100,
    &quot;usingTunnel&quot;: false,
    &quot;username&quot;: &quot;an.le@katalon.com&quot;
  },
  &quot;networkConnectionEnabled&quot;: false,
  &quot;pageLoadStrategy&quot;: &quot;normal&quot;,
  &quot;platform&quot;: &quot;WINDOWS&quot;,
  &quot;platformName&quot;: &quot;WINDOWS&quot;,
  &quot;proxy&quot;: {
    &quot;proxyType&quot;: &quot;DIRECT&quot;,
    &quot;autodetect&quot;: false
  },
  &quot;requestId&quot;: &quot;f20403fa-2466-4e0e-8184-932f9b4e4106&quot;,
  &quot;se:cdp&quot;: &quot;ws://172.48.88.60:4444/session/13ecc2bfd6d495d6ff5e45dc8f7504a8/se/cdp&quot;,
  &quot;se:cdpVersion&quot;: &quot;97.0.4692.99&quot;,
  &quot;setWindowRect&quot;: true,
  &quot;strictFileInteractability&quot;: false,
  &quot;timeouts&quot;: {
    &quot;implicit&quot;: 0,
    &quot;pageLoad&quot;: 300000,
    &quot;script&quot;: 30000
  },
  &quot;unhandledPromptBehavior&quot;: &quot;dismiss and notify&quot;,
  &quot;webauthn:extension:credBlob&quot;: true,
  &quot;webauthn:extension:largeBlob&quot;: true,
  &quot;webauthn:virtualAuthenticators&quot;: true
}"/>
         <property name="os" value="Mac OS X 64bit"/>
         <property name="remoteOS" value="Windows"/>
         <property name="katalonVersion" value="8.2.5.208"/>
         <property name="browser" value="Chrome 97.0.4692.99"/>
         <property name="hostAddress" value="127.0.0.1"/>
         <property name="sessionId" value="13ecc2bfd6d495d6ff5e45dc8f7504a8"/>
         <property name="seleniumVersion" value="3.141.59"/>
         <property name="proxyInformation" value="ProxyInformation { proxyOption=NO_PROXY, proxyServerType=SOCKS, username=, password=********, proxyServerAddress=localhost, proxyServerPort=8080, executionList=&quot;&quot;, isApplyToDesiredCapabilities=true }"/>
         <property name="platform" value="Mac OS X"/>
      </properties>
      <testcase name="Test Cases/New Test Case" time="193.481" classname="Test Cases/New Test Case" status="PASSED">
         <system-out><![CDATA[2022-04-07 08:56:33 - [TEST_CASE][PASSED] - Test Cases/New Test Case: Test Cases/New Test Case

2022-04-07 08:56:33 - [TEST_STEP][PASSED] - openBrowser(""): Browser is opened with url: ''

2022-04-07 08:56:34 - [MESSAGE][INFO] - User set preference: ['os', 'windows']

2022-04-07 08:56:34 - [MESSAGE][INFO] - User set preference: ['browserName', 'chrome']

2022-04-07 08:56:34 - [MESSAGE][INFO] - User set preference: ['browserVersion', '97']

2022-04-07 08:56:34 - [MESSAGE][INFO] - User set preference: ['katalon:option', '{organizationId=575235, tunnelId=, usingTunnel=false}']

2022-04-07 08:56:34 - [MESSAGE][INFO] - Connecting to remote web server 'testcloud.katalon.com/hub' with type 'Selenium'

2022-04-07 08:56:35 - [MESSAGE][INFO] - Action delay is set to 0 milliseconds

2022-04-07 08:59:24 - [MESSAGE][PASSED] - Browser is opened with url: ''

2022-04-07 08:59:24 - [TEST_STEP][PASSED] - navigateToUrl("https://hosrem.zamo.io/user/login"): Navigate to 'https://hosrem.zamo.io/user/login' successfully

2022-04-07 08:59:31 - [MESSAGE][PASSED] - Navigate to 'https://hosrem.zamo.io/user/login' successfully

2022-04-07 08:59:31 - [TEST_STEP][PASSED] - setText(findTestObject("Object Repository/Page_ng nhp - HOSREM/input_ng nhp_username"), "admin@hosrem.org.vn"): Text 'admin@hosrem.org.vn' is set on object 'Object Repository/Page_ng nhp - HOSREM/input_ng nhp_username'

2022-04-07 08:59:34 - [MESSAGE][PASSED] - Text 'admin@hosrem.org.vn' is set on object 'Object Repository/Page_ng nhp - HOSREM/input_ng nhp_username'

2022-04-07 08:59:34 - [TEST_STEP][PASSED] - setEncryptedText(findTestObject("Object Repository/Page_ng nhp - HOSREM/input_ng nhp_password"), "lRjbE94itQ2P5Nq77tCtDw=="): Text ****** has been set on object 'Object Repository/Page_ng nhp - HOSREM/input_ng nhp_password'

2022-04-07 08:59:37 - [MESSAGE][PASSED] - Text ****** has been set on object 'Object Repository/Page_ng nhp - HOSREM/input_ng nhp_password'

2022-04-07 08:59:37 - [TEST_STEP][PASSED] - click(findTestObject("Object Repository/Page_ng nhp - HOSREM/button_ng nhp")): Object: 'Object Repository/Page_ng nhp - HOSREM/button_ng nhp' is clicked on

2022-04-07 08:59:39 - [MESSAGE][PASSED] - Object: 'Object Repository/Page_ng nhp - HOSREM/button_ng nhp' is clicked on

2022-04-07 08:59:39 - [TEST_STEP][PASSED] - verifyElementText(findTestObject("Object Repository/Page_Hi ngh - HOSREM/span_Danh sch hi ngh"), "Danh sách hội nghị"): Actual text and expected text of test object 'Object Repository/Page_Hi ngh - HOSREM/span_Danh sch hi ngh' are matched.

2022-04-07 08:59:44 - [MESSAGE][PASSED] - Actual text and expected text of test object 'Object Repository/Page_Hi ngh - HOSREM/span_Danh sch hi ngh' are matched.

2022-04-07 08:59:44 - [TEST_STEP][PASSED] - closeBrowser(): Browser is closed

2022-04-07 08:59:46 - [MESSAGE][PASSED] - Browser is closed]]></system-out>
         <system-err><![CDATA[]]></system-err>
      </testcase>
      <system-out><![CDATA[2022-04-07 08:56:32 - [TEST_SUITE][PASSED] - New Test Suite: Test Cases/New Test Case]]></system-out>
      <system-err><![CDATA[]]></system-err>
   </testsuite>
   <testsuite name="New Test Suite" tests="1" failures="0" errors="0" time="138.817" skipped="0" timestamp="2022-04-07 08:56:32" hostname="anle - localhost" id="Test Suites/New Test Suite">
      <properties>
         <property name="deviceName" value=""/>
         <property name="devicePlatform" value=""/>
         <property name="logFolder" value="/Users/anle/Projects/TestCloud/Testing/smart-wait-example-tests/Reports/20220407_085612/New Test Suite/20220407_085620"/>
         <property name="logFiles" value="/Users/anle/Projects/TestCloud/Testing/smart-wait-example-tests/Reports/20220407_085612/New Test Suite/20220407_085620/execution0.log"/>
         <property name="attachments" value=""/>
         <property name="hostName" value="anle - localhost"/>
         <property name="remoteDriverUrl" value="testcloud.katalon.com/hub"/>
         <property name="desiredCapabilities" value="{
  &quot;acceptInsecureCerts&quot;: false,
  &quot;browserName&quot;: &quot;chrome&quot;,
  &quot;browserVersion&quot;: &quot;98.0.4758.80&quot;,
  &quot;chrome&quot;: {
    &quot;chromedriverVersion&quot;: &quot;98.0.4758.80 (7f0488e8ba0d8e019187c6325a16c29d9b7f4989-refs/branch-heads/4758@{#972})&quot;,
    &quot;userDataDir&quot;: &quot;C:\\Users\\ContainerUser\\AppData\\Local\\Temp\\scoped_dir12772_1060360999&quot;
  },
  &quot;goog:chromeOptions&quot;: {
    &quot;debuggerAddress&quot;: &quot;localhost:49325&quot;
  },
  &quot;javascriptEnabled&quot;: true,
  &quot;katalon:option&quot;: {
    &quot;organizationId&quot;: &quot;575235&quot;,
    &quot;unlimitedExecutionMinutes&quot;: false,
    &quot;jwt&quot;: &quot;eyJ0eXAiOiJKV1QiLCJhbGciOiJSUzI1NiJ9.eyJzdWIiOiJhbi5sZUBrYXRhbG9uLmNvbSIsInVwbiI6Ijc2MjEwMCIsImdyb3VwcyI6WyJVU0VSIl0sInN0YXR1cyI6IlZFUklGSUVEIiwiZ2l2ZW5fbmFtZSI6IkFuIiwiZmFtaWx5X25hbWUiOiJMZSIsImVtYWlsIjoiYW4ubGVAa2F0YWxvbi5jb20iLCJlbWFpbF92ZXJpZmllZCI6dHJ1ZSwiY3JlYXRlZF9hdCI6MTYzMTI2OTcwMSwidXBkYXRlZF9hdCI6MTY0OTI5NjQ2OCwiYW1yIjpbInB3ZCJdLCJpYXQiOjE2NDkyOTY1NzQsImV4cCI6MTY0OTkwMTM3NCwianRpIjoiNzNkYWYyZDMtYmZlMC00Mjc2LWFkMDQtODQwMTZjMjhjZTI5IiwiaXNzIjoia2F0YWxvbi1hdXRoIn0.eMLisrMF7BcVMpvhrWvJtztUs4qmctcm0V_5zVm7E1Bd0-UuNk4UJasXjblT_3DvR0AA5ERWOLy8VbJUZn7MvLqnTCWLfzVtjHi33rUSQzEu24_pz8Z26RhhR5_JGWGnENPLUmaPn0oZ7ZegWaXYmYluOV_qmnd1sUV3HITuA_NoLSiBFMK2DC2B0fssByWpv9rJRKOTUQrnhztdhbM2m4YqyOmnfLTKC3RzinLvj89I4XNmsndYu6ubsnLawqr7W6ZcaEjIQtSRV7t7HPToAw5E4MbGF0VcmZJivxd0R43X6Zxg1PkN9FLQ7n5HBHJRfgR70_B98zGoWXSiM2FgOQ&quot;,
    &quot;class&quot;: &quot;com.katalon.testcloud.grid.common.tunnel.domain.UserOptionCapability&quot;,
    &quot;userId&quot;: 762100,
    &quot;usingTunnel&quot;: false,
    &quot;username&quot;: &quot;an.le@katalon.com&quot;
  },
  &quot;networkConnectionEnabled&quot;: false,
  &quot;pageLoadStrategy&quot;: &quot;normal&quot;,
  &quot;platform&quot;: &quot;WINDOWS&quot;,
  &quot;platformName&quot;: &quot;WINDOWS&quot;,
  &quot;proxy&quot;: {
    &quot;proxyType&quot;: &quot;DIRECT&quot;,
    &quot;autodetect&quot;: false
  },
  &quot;requestId&quot;: &quot;6bca02c9-d97b-4b6a-9ab4-5fad584366f4&quot;,
  &quot;se:cdp&quot;: &quot;ws://172.48.92.70:4444/session/9c7a8e6d578b2fd71d2da904ee8a7de8/se/cdp&quot;,
  &quot;se:cdpVersion&quot;: &quot;98.0.4758.80&quot;,
  &quot;setWindowRect&quot;: true,
  &quot;strictFileInteractability&quot;: false,
  &quot;timeouts&quot;: {
    &quot;implicit&quot;: 0,
    &quot;pageLoad&quot;: 300000,
    &quot;script&quot;: 30000
  },
  &quot;unhandledPromptBehavior&quot;: &quot;dismiss and notify&quot;,
  &quot;webauthn:extension:credBlob&quot;: true,
  &quot;webauthn:extension:largeBlob&quot;: true,
  &quot;webauthn:virtualAuthenticators&quot;: true
}"/>
         <property name="os" value="Mac OS X 64bit"/>
         <property name="remoteOS" value="Windows"/>
         <property name="katalonVersion" value="8.2.5.208"/>
         <property name="browser" value="Chrome 98.0.4758.80"/>
         <property name="hostAddress" value="127.0.0.1"/>
         <property name="sessionId" value="9c7a8e6d578b2fd71d2da904ee8a7de8"/>
         <property name="seleniumVersion" value="3.141.59"/>
         <property name="proxyInformation" value="ProxyInformation { proxyOption=NO_PROXY, proxyServerType=SOCKS, username=, password=********, proxyServerAddress=localhost, proxyServerPort=8080, executionList=&quot;&quot;, isApplyToDesiredCapabilities=true }"/>
         <property name="platform" value="Mac OS X"/>
      </properties>
      <testcase name="Test Cases/New Test Case" time="137.807" classname="Test Cases/New Test Case" status="PASSED">
         <system-out><![CDATA[2022-04-07 08:56:33 - [TEST_CASE][PASSED] - Test Cases/New Test Case: Test Cases/New Test Case

2022-04-07 08:56:34 - [TEST_STEP][PASSED] - openBrowser(""): Browser is opened with url: ''

2022-04-07 08:56:35 - [MESSAGE][INFO] - User set preference: ['os', 'windows']

2022-04-07 08:56:35 - [MESSAGE][INFO] - User set preference: ['browserName', 'chrome']

2022-04-07 08:56:35 - [MESSAGE][INFO] - User set preference: ['browserVersion', '98']

2022-04-07 08:56:35 - [MESSAGE][INFO] - User set preference: ['katalon:option', '{organizationId=575235, tunnelId=, usingTunnel=false}']

2022-04-07 08:56:35 - [MESSAGE][INFO] - Connecting to remote web server 'testcloud.katalon.com/hub' with type 'Selenium'

2022-04-07 08:56:36 - [MESSAGE][INFO] - Action delay is set to 0 milliseconds

2022-04-07 08:58:24 - [MESSAGE][PASSED] - Browser is opened with url: ''

2022-04-07 08:58:24 - [TEST_STEP][PASSED] - navigateToUrl("https://hosrem.zamo.io/user/login"): Navigate to 'https://hosrem.zamo.io/user/login' successfully

2022-04-07 08:58:32 - [MESSAGE][PASSED] - Navigate to 'https://hosrem.zamo.io/user/login' successfully

2022-04-07 08:58:32 - [TEST_STEP][PASSED] - setText(findTestObject("Object Repository/Page_ng nhp - HOSREM/input_ng nhp_username"), "admin@hosrem.org.vn"): Text 'admin@hosrem.org.vn' is set on object 'Object Repository/Page_ng nhp - HOSREM/input_ng nhp_username'

2022-04-07 08:58:39 - [MESSAGE][PASSED] - Text 'admin@hosrem.org.vn' is set on object 'Object Repository/Page_ng nhp - HOSREM/input_ng nhp_username'

2022-04-07 08:58:39 - [TEST_STEP][PASSED] - setEncryptedText(findTestObject("Object Repository/Page_ng nhp - HOSREM/input_ng nhp_password"), "lRjbE94itQ2P5Nq77tCtDw=="): Text ****** has been set on object 'Object Repository/Page_ng nhp - HOSREM/input_ng nhp_password'

2022-04-07 08:58:42 - [MESSAGE][PASSED] - Text ****** has been set on object 'Object Repository/Page_ng nhp - HOSREM/input_ng nhp_password'

2022-04-07 08:58:42 - [TEST_STEP][PASSED] - click(findTestObject("Object Repository/Page_ng nhp - HOSREM/button_ng nhp")): Object: 'Object Repository/Page_ng nhp - HOSREM/button_ng nhp' is clicked on

2022-04-07 08:58:44 - [MESSAGE][PASSED] - Object: 'Object Repository/Page_ng nhp - HOSREM/button_ng nhp' is clicked on

2022-04-07 08:58:44 - [TEST_STEP][PASSED] - verifyElementText(findTestObject("Object Repository/Page_Hi ngh - HOSREM/span_Danh sch hi ngh"), "Danh sách hội nghị"): Actual text and expected text of test object 'Object Repository/Page_Hi ngh - HOSREM/span_Danh sch hi ngh' are matched.

2022-04-07 08:58:48 - [MESSAGE][PASSED] - Actual text and expected text of test object 'Object Repository/Page_Hi ngh - HOSREM/span_Danh sch hi ngh' are matched.

2022-04-07 08:58:48 - [TEST_STEP][PASSED] - closeBrowser(): Browser is closed

2022-04-07 08:58:51 - [MESSAGE][PASSED] - Browser is closed]]></system-out>
         <system-err><![CDATA[]]></system-err>
      </testcase>
      <system-out><![CDATA[2022-04-07 08:56:32 - [TEST_SUITE][PASSED] - New Test Suite: Test Cases/New Test Case]]></system-out>
      <system-err><![CDATA[]]></system-err>
   </testsuite>
   <testsuite name="New Test Suite" tests="1" failures="1" errors="0" time="541.399" skipped="0" timestamp="2022-04-07 08:56:33" hostname="anle - localhost" id="Test Suites/New Test Suite">
      <properties>
         <property name="deviceName" value=""/>
         <property name="devicePlatform" value=""/>
         <property name="logFolder" value="/Users/anle/Projects/TestCloud/Testing/smart-wait-example-tests/Reports/20220407_085612/New Test Suite/20220407_085622"/>
         <property name="logFiles" value="/Users/anle/Projects/TestCloud/Testing/smart-wait-example-tests/Reports/20220407_085612/New Test Suite/20220407_085622/execution0.log"/>
         <property name="attachments" value=""/>
         <property name="hostName" value="anle - localhost"/>
         <property name="remoteDriverUrl" value="testcloud.katalon.com/hub"/>
         <property name="desiredCapabilities" value="{
  &quot;acceptInsecureCerts&quot;: false,
  &quot;browserName&quot;: &quot;msedge&quot;,
  &quot;browserVersion&quot;: &quot;99.0.1150.36&quot;,
  &quot;javascriptEnabled&quot;: true,
  &quot;katalon:option&quot;: {
    &quot;organizationId&quot;: &quot;575235&quot;,
    &quot;unlimitedExecutionMinutes&quot;: false,
    &quot;jwt&quot;: &quot;eyJ0eXAiOiJKV1QiLCJhbGciOiJSUzI1NiJ9.eyJzdWIiOiJhbi5sZUBrYXRhbG9uLmNvbSIsInVwbiI6Ijc2MjEwMCIsImdyb3VwcyI6WyJVU0VSIl0sInN0YXR1cyI6IlZFUklGSUVEIiwiZ2l2ZW5fbmFtZSI6IkFuIiwiZmFtaWx5X25hbWUiOiJMZSIsImVtYWlsIjoiYW4ubGVAa2F0YWxvbi5jb20iLCJlbWFpbF92ZXJpZmllZCI6dHJ1ZSwiY3JlYXRlZF9hdCI6MTYzMTI2OTcwMSwidXBkYXRlZF9hdCI6MTY0OTI5NjQ2OCwiYW1yIjpbInB3ZCJdLCJpYXQiOjE2NDkyOTY1NzQsImV4cCI6MTY0OTkwMTM3NCwianRpIjoiNzNkYWYyZDMtYmZlMC00Mjc2LWFkMDQtODQwMTZjMjhjZTI5IiwiaXNzIjoia2F0YWxvbi1hdXRoIn0.eMLisrMF7BcVMpvhrWvJtztUs4qmctcm0V_5zVm7E1Bd0-UuNk4UJasXjblT_3DvR0AA5ERWOLy8VbJUZn7MvLqnTCWLfzVtjHi33rUSQzEu24_pz8Z26RhhR5_JGWGnENPLUmaPn0oZ7ZegWaXYmYluOV_qmnd1sUV3HITuA_NoLSiBFMK2DC2B0fssByWpv9rJRKOTUQrnhztdhbM2m4YqyOmnfLTKC3RzinLvj89I4XNmsndYu6ubsnLawqr7W6ZcaEjIQtSRV7t7HPToAw5E4MbGF0VcmZJivxd0R43X6Zxg1PkN9FLQ7n5HBHJRfgR70_B98zGoWXSiM2FgOQ&quot;,
    &quot;class&quot;: &quot;com.katalon.testcloud.grid.common.tunnel.domain.UserOptionCapability&quot;,
    &quot;userId&quot;: 762100,
    &quot;usingTunnel&quot;: false,
    &quot;username&quot;: &quot;an.le@katalon.com&quot;
  },
  &quot;ms:edgeOptions&quot;: {
    &quot;debuggerAddress&quot;: &quot;localhost:50212&quot;
  },
  &quot;msedge&quot;: {
    &quot;msedgedriverVersion&quot;: &quot;99.0.1150.36 (c438621746b2932668109129d137a7e3a22ef4fd)&quot;,
    &quot;userDataDir&quot;: &quot;C:\\Users\\ContainerUser\\AppData\\Local\\Temp\\scoped_dir18916_615596961&quot;
  },
  &quot;networkConnectionEnabled&quot;: false,
  &quot;pageLoadStrategy&quot;: &quot;normal&quot;,
  &quot;platform&quot;: &quot;WINDOWS&quot;,
  &quot;platformName&quot;: &quot;WINDOWS&quot;,
  &quot;proxy&quot;: {
    &quot;proxyType&quot;: &quot;DIRECT&quot;,
    &quot;autodetect&quot;: false
  },
  &quot;requestId&quot;: &quot;34092e4f-5ce6-4823-a56d-edf589561acb&quot;,
  &quot;se:cdp&quot;: &quot;ws://172.48.107.39:4444/session/85712a13033cd8e1ff7856b79985ddf1/se/cdp&quot;,
  &quot;se:cdpVersion&quot;: &quot;99.0.1150.36&quot;,
  &quot;setWindowRect&quot;: true,
  &quot;strictFileInteractability&quot;: false,
  &quot;timeouts&quot;: {
    &quot;implicit&quot;: 0,
    &quot;pageLoad&quot;: 300000,
    &quot;script&quot;: 30000
  },
  &quot;unhandledPromptBehavior&quot;: &quot;dismiss and notify&quot;,
  &quot;webauthn:extension:credBlob&quot;: true,
  &quot;webauthn:extension:largeBlob&quot;: true,
  &quot;webauthn:virtualAuthenticators&quot;: true
}"/>
         <property name="os" value="Mac OS X 64bit"/>
         <property name="remoteOS" value="Windows"/>
         <property name="katalonVersion" value="8.2.5.208"/>
         <property name="browser" value="Edge Chromium 99"/>
         <property name="hostAddress" value="127.0.0.1"/>
         <property name="sessionId" value="85712a13033cd8e1ff7856b79985ddf1"/>
         <property name="seleniumVersion" value="3.141.59"/>
         <property name="proxyInformation" value="ProxyInformation { proxyOption=NO_PROXY, proxyServerType=SOCKS, username=, password=********, proxyServerAddress=localhost, proxyServerPort=8080, executionList=&quot;&quot;, isApplyToDesiredCapabilities=true }"/>
         <property name="platform" value="Mac OS X"/>
      </properties>
      <testcase name="Test Cases/New Test Case" time="82.074" classname="Test Cases/New Test Case" status="FAILED">
         <failure type="FAILED" message="Test Cases/New Test Case FAILED.
Reason:
com.kms.katalon.core.exception.StepFailedException: Unable to open browser with url: ''
	at com.kms.katalon.core.webui.keyword.internal.WebUIKeywordMain.stepFailed(WebUIKeywordMain.groovy:64)
	at com.kms.katalon.core.webui.keyword.internal.WebUIKeywordMain.runKeyword(WebUIKeywordMain.groovy:26)
	at com.kms.katalon.core.webui.keyword.builtin.OpenBrowserKeyword.openBrowser(OpenBrowserKeyword.groovy:81)
	at com.kms.katalon.core.webui.keyword.builtin.OpenBrowserKeyword.execute(OpenBrowserKeyword.groovy:67)
	at com.kms.katalon.core.keyword.internal.KeywordExecutor.executeKeywordForPlatform(KeywordExecutor.groovy:74)
	at com.kms.katalon.core.webui.keyword.WebUiBuiltInKeywords.openBrowser(WebUiBuiltInKeywords.groovy:64)
	at com.kms.katalon.core.webui.keyword.WebUiBuiltInKeywords$openBrowser.call(Unknown Source)
	at New Test Case.run(New Test Case:20)
	at com.kms.katalon.core.main.ScriptEngine.run(ScriptEngine.java:194)
	at com.kms.katalon.core.main.ScriptEngine.runScriptAsRawText(ScriptEngine.java:119)
	at com.kms.katalon.core.main.TestCaseExecutor.runScript(TestCaseExecutor.java:442)
	at com.kms.katalon.core.main.TestCaseExecutor.doExecute(TestCaseExecutor.java:433)
	at com.kms.katalon.core.main.TestCaseExecutor.processExecutionPhase(TestCaseExecutor.java:412)
	at com.kms.katalon.core.main.TestCaseExecutor.accessMainPhase(TestCaseExecutor.java:404)
	at com.kms.katalon.core.main.TestCaseExecutor.execute(TestCaseExecutor.java:281)
	at com.kms.katalon.core.main.TestCaseExecutor.execute(TestCaseExecutor.java:363)
	at com.kms.katalon.core.main.TestCaseExecutor.execute(TestCaseExecutor.java:363)
	at com.kms.katalon.core.main.TestCaseExecutor.execute(TestCaseExecutor.java:363)
	at com.kms.katalon.core.main.TestSuiteExecutor.accessTestCaseMainPhase(TestSuiteExecutor.java:202)
	at com.kms.katalon.core.main.TestSuiteExecutor.accessTestSuiteMainPhase(TestSuiteExecutor.java:164)
	at com.kms.katalon.core.main.TestSuiteExecutor.execute(TestSuiteExecutor.java:105)
	at com.kms.katalon.core.main.TestCaseMain.startTestSuite(TestCaseMain.java:185)
	at com.kms.katalon.core.main.TestCaseMain$startTestSuite$0.call(Unknown Source)
	at TempTestSuite1649296582443.run(TempTestSuite1649296582443.groovy:36)
Caused by: org.openqa.selenium.SessionNotCreatedException: Could not start a new session. Could not start a new session. Could not start a new session. Error while creating session with the driver service. Stopping driver service: Could not start a new session. Response code 500. Message: unknown error: MSEdge failed to start: was killed.
  (unknown error: DevToolsActivePort file doesn't exist)
  (The process started from msedge location C:\Program Files (x86)\Microsoft\Edge\Application\msedge.exe is no longer running, so MSEdgeDriver is assuming that MSEdge has crashed.)
Build info: version: '4.1.2', revision: 'Unknown'
System info: host: 'W-MSEDGE-99-FA7', ip: '172.48.73.60', os.name: 'Windows 10', os.arch: 'amd64', os.version: '10.0', java.version: '11.0.13'
Driver info: driver.version: unknown
Build info: version: '4.1.2', revision: 'Unknown'
System info: host: 'W-MSEDGE-99-FA7', ip: '172.48.73.60', os.name: 'Windows 10', os.arch: 'amd64', os.version: '10.0', java.version: '11.0.13'
Driver info: driver.version: unknown
Build info: version: '4.1.2', revision: 'Unknown'
System info: host: 'testcloud-grid-session-queue-7fb57c4659-p97p2', ip: '172.48.0.32', os.name: 'Linux', os.arch: 'amd64', os.version: '5.10.68', java.version: '11.0.11'
Driver info: driver.version: unknown
Build info: version: '3.141.59', revision: 'e82be7d358', time: '2018-11-14T08:25:53'
System info: host: 'Ans-MacBook-Pro.local', ip: 'fe80:0:0:0:1cbf:b225:2c90:e14b%en0', os.name: 'Mac OS X', os.arch: 'x86_64', os.version: '10.16', java.version: '1.8.0_275'
Driver info: driver.version: CRemoteWebDriver
remote stacktrace: [{fileName=SessionNotCreated.java, moduleVersion=null, moduleName=null, nativeMethod=false, methodName=execute, className=org.openqa.selenium.grid.sessionqueue.SessionNotCreated, lineNumber=55, classLoaderName=app}, {fileName=Route.java, moduleVersion=null, moduleName=null, nativeMethod=false, methodName=handle, className=org.openqa.selenium.remote.http.Route$TemplatizedRoute, lineNumber=192, classLoaderName=app}, {fileName=Route.java, moduleVersion=null, moduleName=null, nativeMethod=false, methodName=execute, className=org.openqa.selenium.remote.http.Route, lineNumber=68, classLoaderName=app}, {fileName=RequiresSecretFilter.java, moduleVersion=null, moduleName=null, nativeMethod=false, methodName=lambda$apply$0, className=org.openqa.selenium.grid.security.RequiresSecretFilter, lineNumber=64, classLoaderName=app}, {fileName=Filter.java, moduleVersion=null, moduleName=null, nativeMethod=false, methodName=execute, className=org.openqa.selenium.remote.http.Filter$1, lineNumber=64, classLoaderName=app}, {fileName=Route.java, moduleVersion=null, moduleName=null, nativeMethod=false, methodName=handle, className=org.openqa.selenium.remote.http.Route$CombinedRoute, lineNumber=336, classLoaderName=app}, {fileName=Route.java, moduleVersion=null, moduleName=null, nativeMethod=false, methodName=execute, className=org.openqa.selenium.remote.http.Route, lineNumber=68, classLoaderName=app}, {fileName=NewSessionQueue.java, moduleVersion=null, moduleName=null, nativeMethod=false, methodName=execute, className=org.openqa.selenium.grid.sessionqueue.NewSessionQueue, lineNumber=120, classLoaderName=app}, {fileName=Route.java, moduleVersion=null, moduleName=null, nativeMethod=false, methodName=handle, className=org.openqa.selenium.remote.http.Route$CombinedRoute, lineNumber=336, classLoaderName=app}, {fileName=Route.java, moduleVersion=null, moduleName=null, nativeMethod=false, methodName=execute, className=org.openqa.selenium.remote.http.Route, lineNumber=68, classLoaderName=app}, {fileName=AddWebDriverSpecHeaders.java, moduleVersion=null, moduleName=null, nativeMethod=false, methodName=lambda$apply$0, className=org.openqa.selenium.remote.AddWebDriverSpecHeaders, lineNumber=35, classLoaderName=app}, {fileName=ErrorFilter.java, moduleVersion=null, moduleName=null, nativeMethod=false, methodName=lambda$apply$0, className=org.openqa.selenium.remote.ErrorFilter, lineNumber=44, classLoaderName=app}, {fileName=Filter.java, moduleVersion=null, moduleName=null, nativeMethod=false, methodName=execute, className=org.openqa.selenium.remote.http.Filter$1, lineNumber=64, classLoaderName=app}, {fileName=ErrorFilter.java, moduleVersion=null, moduleName=null, nativeMethod=false, methodName=lambda$apply$0, className=org.openqa.selenium.remote.ErrorFilter, lineNumber=44, classLoaderName=app}, {fileName=Filter.java, moduleVersion=null, moduleName=null, nativeMethod=false, methodName=execute, className=org.openqa.selenium.remote.http.Filter$1, lineNumber=64, classLoaderName=app}, {fileName=SeleniumHandler.java, moduleVersion=null, moduleName=null, nativeMethod=false, methodName=lambda$channelRead0$0, className=org.openqa.selenium.netty.server.SeleniumHandler, lineNumber=44, classLoaderName=app}, {fileName=Executors.java, moduleVersion=11.0.11, moduleName=java.base, nativeMethod=false, methodName=call, className=java.util.concurrent.Executors$RunnableAdapter, lineNumber=515, classLoaderName=null}, {fileName=FutureTask.java, moduleVersion=11.0.11, moduleName=java.base, nativeMethod=false, methodName=run, className=java.util.concurrent.FutureTask, lineNumber=264, classLoaderName=null}, {fileName=ThreadPoolExecutor.java, moduleVersion=11.0.11, moduleName=java.base, nativeMethod=false, methodName=runWorker, className=java.util.concurrent.ThreadPoolExecutor, lineNumber=1128, classLoaderName=null}, {fileName=ThreadPoolExecutor.java, moduleVersion=11.0.11, moduleName=java.base, nativeMethod=false, methodName=run, className=java.util.concurrent.ThreadPoolExecutor$Worker, lineNumber=628, classLoaderName=null}, {fileName=Thread.java, moduleVersion=11.0.11, moduleName=java.base, nativeMethod=false, methodName=run, className=java.lang.Thread, lineNumber=829, classLoaderName=null}]
	at org.openqa.selenium.remote.W3CHandshakeResponse.lambda$errorHandler$0(W3CHandshakeResponse.java:62)
	at org.openqa.selenium.remote.HandshakeResponse.lambda$getResponseFunction$0(HandshakeResponse.java:30)
	at org.openqa.selenium.remote.ProtocolHandshake.lambda$createSession$0(ProtocolHandshake.java:126)
	at org.openqa.selenium.remote.ProtocolHandshake.createSession(ProtocolHandshake.java:128)
	at org.openqa.selenium.remote.ProtocolHandshake.createSession(ProtocolHandshake.java:74)
	at org.openqa.selenium.remote.HttpCommandExecutor.execute(HttpCommandExecutor.java:136)
	at org.openqa.selenium.remote.RemoteWebDriver.execute(RemoteWebDriver.java:552)
	at com.kms.katalon.selenium.driver.CRemoteWebDriver.execute(CRemoteWebDriver.java:30)
	at org.openqa.selenium.remote.RemoteWebDriver.startSession(RemoteWebDriver.java:213)
	at org.openqa.selenium.remote.RemoteWebDriver.&lt;init>(RemoteWebDriver.java:131)
	at com.kms.katalon.selenium.driver.CRemoteWebDriver.&lt;init>(CRemoteWebDriver.java:20)
	at com.kms.katalon.core.webui.driver.DriverFactory.createNewRemoteWebDriver(DriverFactory.java:542)
	at com.kms.katalon.core.webui.driver.DriverFactory.startRemoteBrowser(DriverFactory.java:326)
	at com.kms.katalon.core.webui.driver.DriverFactory.openWebDriver(DriverFactory.java:251)
	at com.kms.katalon.core.webui.keyword.builtin.OpenBrowserKeyword$_openBrowser_closure1.doCall(OpenBrowserKeyword.groovy:74)
	at com.kms.katalon.core.webui.keyword.builtin.OpenBrowserKeyword$_openBrowser_closure1.call(OpenBrowserKeyword.groovy)
	at com.kms.katalon.core.webui.keyword.internal.WebUIKeywordMain.runKeyword(WebUIKeywordMain.groovy:20)
	... 22 more
"/>
         <system-out><![CDATA[2022-04-07 09:04:12 - [TEST_CASE][FAILED] - Test Cases/New Test Case: Test Cases/New Test Case FAILED.
Reason:
com.kms.katalon.core.exception.StepFailedException: Unable to open browser with url: ''
	at com.kms.katalon.core.webui.keyword.internal.WebUIKeywordMain.stepFailed(WebUIKeywordMain.groovy:64)
	at com.kms.katalon.core.webui.keyword.internal.WebUIKeywordMain.runKeyword(WebUIKeywordMain.groovy:26)
	at com.kms.katalon.core.webui.keyword.builtin.OpenBrowserKeyword.openBrowser(OpenBrowserKeyword.groovy:81)
	at com.kms.katalon.core.webui.keyword.builtin.OpenBrowserKeyword.execute(OpenBrowserKeyword.groovy:67)
	at com.kms.katalon.core.keyword.internal.KeywordExecutor.executeKeywordForPlatform(KeywordExecutor.groovy:74)
	at com.kms.katalon.core.webui.keyword.WebUiBuiltInKeywords.openBrowser(WebUiBuiltInKeywords.groovy:64)
	at com.kms.katalon.core.webui.keyword.WebUiBuiltInKeywords$openBrowser.call(Unknown Source)
	at New Test Case.run(New Test Case:20)
	at com.kms.katalon.core.main.ScriptEngine.run(ScriptEngine.java:194)
	at com.kms.katalon.core.main.ScriptEngine.runScriptAsRawText(ScriptEngine.java:119)
	at com.kms.katalon.core.main.TestCaseExecutor.runScript(TestCaseExecutor.java:442)
	at com.kms.katalon.core.main.TestCaseExecutor.doExecute(TestCaseExecutor.java:433)
	at com.kms.katalon.core.main.TestCaseExecutor.processExecutionPhase(TestCaseExecutor.java:412)
	at com.kms.katalon.core.main.TestCaseExecutor.accessMainPhase(TestCaseExecutor.java:404)
	at com.kms.katalon.core.main.TestCaseExecutor.execute(TestCaseExecutor.java:281)
	at com.kms.katalon.core.main.TestCaseExecutor.execute(TestCaseExecutor.java:363)
	at com.kms.katalon.core.main.TestCaseExecutor.execute(TestCaseExecutor.java:363)
	at com.kms.katalon.core.main.TestCaseExecutor.execute(TestCaseExecutor.java:363)
	at com.kms.katalon.core.main.TestSuiteExecutor.accessTestCaseMainPhase(TestSuiteExecutor.java:202)
	at com.kms.katalon.core.main.TestSuiteExecutor.accessTestSuiteMainPhase(TestSuiteExecutor.java:164)
	at com.kms.katalon.core.main.TestSuiteExecutor.execute(TestSuiteExecutor.java:105)
	at com.kms.katalon.core.main.TestCaseMain.startTestSuite(TestCaseMain.java:185)
	at com.kms.katalon.core.main.TestCaseMain$startTestSuite$0.call(Unknown Source)
	at TempTestSuite1649296582443.run(TempTestSuite1649296582443.groovy:36)
Caused by: org.openqa.selenium.SessionNotCreatedException: Could not start a new session. Could not start a new session. Could not start a new session. Error while creating session with the driver service. Stopping driver service: Could not start a new session. Response code 500. Message: unknown error: MSEdge failed to start: was killed.
  (unknown error: DevToolsActivePort file doesn't exist)
  (The process started from msedge location C:\Program Files (x86)\Microsoft\Edge\Application\msedge.exe is no longer running, so MSEdgeDriver is assuming that MSEdge has crashed.)
Build info: version: '4.1.2', revision: 'Unknown'
System info: host: 'W-MSEDGE-99-FA7', ip: '172.48.73.60', os.name: 'Windows 10', os.arch: 'amd64', os.version: '10.0', java.version: '11.0.13'
Driver info: driver.version: unknown
Build info: version: '4.1.2', revision: 'Unknown'
System info: host: 'W-MSEDGE-99-FA7', ip: '172.48.73.60', os.name: 'Windows 10', os.arch: 'amd64', os.version: '10.0', java.version: '11.0.13'
Driver info: driver.version: unknown
Build info: version: '4.1.2', revision: 'Unknown'
System info: host: 'testcloud-grid-session-queue-7fb57c4659-p97p2', ip: '172.48.0.32', os.name: 'Linux', os.arch: 'amd64', os.version: '5.10.68', java.version: '11.0.11'
Driver info: driver.version: unknown
Build info: version: '3.141.59', revision: 'e82be7d358', time: '2018-11-14T08:25:53'
System info: host: 'Ans-MacBook-Pro.local', ip: 'fe80:0:0:0:1cbf:b225:2c90:e14b%en0', os.name: 'Mac OS X', os.arch: 'x86_64', os.version: '10.16', java.version: '1.8.0_275'
Driver info: driver.version: CRemoteWebDriver
remote stacktrace: [{fileName=SessionNotCreated.java, moduleVersion=null, moduleName=null, nativeMethod=false, methodName=execute, className=org.openqa.selenium.grid.sessionqueue.SessionNotCreated, lineNumber=55, classLoaderName=app}, {fileName=Route.java, moduleVersion=null, moduleName=null, nativeMethod=false, methodName=handle, className=org.openqa.selenium.remote.http.Route$TemplatizedRoute, lineNumber=192, classLoaderName=app}, {fileName=Route.java, moduleVersion=null, moduleName=null, nativeMethod=false, methodName=execute, className=org.openqa.selenium.remote.http.Route, lineNumber=68, classLoaderName=app}, {fileName=RequiresSecretFilter.java, moduleVersion=null, moduleName=null, nativeMethod=false, methodName=lambda$apply$0, className=org.openqa.selenium.grid.security.RequiresSecretFilter, lineNumber=64, classLoaderName=app}, {fileName=Filter.java, moduleVersion=null, moduleName=null, nativeMethod=false, methodName=execute, className=org.openqa.selenium.remote.http.Filter$1, lineNumber=64, classLoaderName=app}, {fileName=Route.java, moduleVersion=null, moduleName=null, nativeMethod=false, methodName=handle, className=org.openqa.selenium.remote.http.Route$CombinedRoute, lineNumber=336, classLoaderName=app}, {fileName=Route.java, moduleVersion=null, moduleName=null, nativeMethod=false, methodName=execute, className=org.openqa.selenium.remote.http.Route, lineNumber=68, classLoaderName=app}, {fileName=NewSessionQueue.java, moduleVersion=null, moduleName=null, nativeMethod=false, methodName=execute, className=org.openqa.selenium.grid.sessionqueue.NewSessionQueue, lineNumber=120, classLoaderName=app}, {fileName=Route.java, moduleVersion=null, moduleName=null, nativeMethod=false, methodName=handle, className=org.openqa.selenium.remote.http.Route$CombinedRoute, lineNumber=336, classLoaderName=app}, {fileName=Route.java, moduleVersion=null, moduleName=null, nativeMethod=false, methodName=execute, className=org.openqa.selenium.remote.http.Route, lineNumber=68, classLoaderName=app}, {fileName=AddWebDriverSpecHeaders.java, moduleVersion=null, moduleName=null, nativeMethod=false, methodName=lambda$apply$0, className=org.openqa.selenium.remote.AddWebDriverSpecHeaders, lineNumber=35, classLoaderName=app}, {fileName=ErrorFilter.java, moduleVersion=null, moduleName=null, nativeMethod=false, methodName=lambda$apply$0, className=org.openqa.selenium.remote.ErrorFilter, lineNumber=44, classLoaderName=app}, {fileName=Filter.java, moduleVersion=null, moduleName=null, nativeMethod=false, methodName=execute, className=org.openqa.selenium.remote.http.Filter$1, lineNumber=64, classLoaderName=app}, {fileName=ErrorFilter.java, moduleVersion=null, moduleName=null, nativeMethod=false, methodName=lambda$apply$0, className=org.openqa.selenium.remote.ErrorFilter, lineNumber=44, classLoaderName=app}, {fileName=Filter.java, moduleVersion=null, moduleName=null, nativeMethod=false, methodName=execute, className=org.openqa.selenium.remote.http.Filter$1, lineNumber=64, classLoaderName=app}, {fileName=SeleniumHandler.java, moduleVersion=null, moduleName=null, nativeMethod=false, methodName=lambda$channelRead0$0, className=org.openqa.selenium.netty.server.SeleniumHandler, lineNumber=44, classLoaderName=app}, {fileName=Executors.java, moduleVersion=11.0.11, moduleName=java.base, nativeMethod=false, methodName=call, className=java.util.concurrent.Executors$RunnableAdapter, lineNumber=515, classLoaderName=null}, {fileName=FutureTask.java, moduleVersion=11.0.11, moduleName=java.base, nativeMethod=false, methodName=run, className=java.util.concurrent.FutureTask, lineNumber=264, classLoaderName=null}, {fileName=ThreadPoolExecutor.java, moduleVersion=11.0.11, moduleName=java.base, nativeMethod=false, methodName=runWorker, className=java.util.concurrent.ThreadPoolExecutor, lineNumber=1128, classLoaderName=null}, {fileName=ThreadPoolExecutor.java, moduleVersion=11.0.11, moduleName=java.base, nativeMethod=false, methodName=run, className=java.util.concurrent.ThreadPoolExecutor$Worker, lineNumber=628, classLoaderName=null}, {fileName=Thread.java, moduleVersion=11.0.11, moduleName=java.base, nativeMethod=false, methodName=run, className=java.lang.Thread, lineNumber=829, classLoaderName=null}]
	at org.openqa.selenium.remote.W3CHandshakeResponse.lambda$errorHandler$0(W3CHandshakeResponse.java:62)
	at org.openqa.selenium.remote.HandshakeResponse.lambda$getResponseFunction$0(HandshakeResponse.java:30)
	at org.openqa.selenium.remote.ProtocolHandshake.lambda$createSession$0(ProtocolHandshake.java:126)
	at org.openqa.selenium.remote.ProtocolHandshake.createSession(ProtocolHandshake.java:128)
	at org.openqa.selenium.remote.ProtocolHandshake.createSession(ProtocolHandshake.java:74)
	at org.openqa.selenium.remote.HttpCommandExecutor.execute(HttpCommandExecutor.java:136)
	at org.openqa.selenium.remote.RemoteWebDriver.execute(RemoteWebDriver.java:552)
	at com.kms.katalon.selenium.driver.CRemoteWebDriver.execute(CRemoteWebDriver.java:30)
	at org.openqa.selenium.remote.RemoteWebDriver.startSession(RemoteWebDriver.java:213)
	at org.openqa.selenium.remote.RemoteWebDriver.<init>(RemoteWebDriver.java:131)
	at com.kms.katalon.selenium.driver.CRemoteWebDriver.<init>(CRemoteWebDriver.java:20)
	at com.kms.katalon.core.webui.driver.DriverFactory.createNewRemoteWebDriver(DriverFactory.java:542)
	at com.kms.katalon.core.webui.driver.DriverFactory.startRemoteBrowser(DriverFactory.java:326)
	at com.kms.katalon.core.webui.driver.DriverFactory.openWebDriver(DriverFactory.java:251)
	at com.kms.katalon.core.webui.keyword.builtin.OpenBrowserKeyword$_openBrowser_closure1.doCall(OpenBrowserKeyword.groovy:74)
	at com.kms.katalon.core.webui.keyword.builtin.OpenBrowserKeyword$_openBrowser_closure1.call(OpenBrowserKeyword.groovy)
	at com.kms.katalon.core.webui.keyword.internal.WebUIKeywordMain.runKeyword(WebUIKeywordMain.groovy:20)
	... 22 more


2022-04-07 09:04:12 - [TEST_STEP][FAILED] - openBrowser(""): Unable to open browser with url: '' (Root cause: com.kms.katalon.core.exception.StepFailedException: Unable to open browser with url: ''
	at com.kms.katalon.core.webui.keyword.internal.WebUIKeywordMain.stepFailed(WebUIKeywordMain.groovy:64)
	at com.kms.katalon.core.webui.keyword.internal.WebUIKeywordMain.runKeyword(WebUIKeywordMain.groovy:26)
	at com.kms.katalon.core.webui.keyword.builtin.OpenBrowserKeyword.openBrowser(OpenBrowserKeyword.groovy:81)
	at com.kms.katalon.core.webui.keyword.builtin.OpenBrowserKeyword.execute(OpenBrowserKeyword.groovy:67)
	at com.kms.katalon.core.keyword.internal.KeywordExecutor.executeKeywordForPlatform(KeywordExecutor.groovy:74)
	at com.kms.katalon.core.webui.keyword.WebUiBuiltInKeywords.openBrowser(WebUiBuiltInKeywords.groovy:64)
	at com.kms.katalon.core.webui.keyword.WebUiBuiltInKeywords$openBrowser.call(Unknown Source)
	at New Test Case.run(New Test Case:20)
	at com.kms.katalon.core.main.ScriptEngine.run(ScriptEngine.java:194)
	at com.kms.katalon.core.main.ScriptEngine.runScriptAsRawText(ScriptEngine.java:119)
	at com.kms.katalon.core.main.TestCaseExecutor.runScript(TestCaseExecutor.java:442)
	at com.kms.katalon.core.main.TestCaseExecutor.doExecute(TestCaseExecutor.java:433)
	at com.kms.katalon.core.main.TestCaseExecutor.processExecutionPhase(TestCaseExecutor.java:412)
	at com.kms.katalon.core.main.TestCaseExecutor.accessMainPhase(TestCaseExecutor.java:404)
	at com.kms.katalon.core.main.TestCaseExecutor.execute(TestCaseExecutor.java:281)
	at com.kms.katalon.core.main.TestCaseExecutor.execute(TestCaseExecutor.java:363)
	at com.kms.katalon.core.main.TestCaseExecutor.execute(TestCaseExecutor.java:363)
	at com.kms.katalon.core.main.TestCaseExecutor.execute(TestCaseExecutor.java:363)
	at com.kms.katalon.core.main.TestSuiteExecutor.accessTestCaseMainPhase(TestSuiteExecutor.java:202)
	at com.kms.katalon.core.main.TestSuiteExecutor.accessTestSuiteMainPhase(TestSuiteExecutor.java:164)
	at com.kms.katalon.core.main.TestSuiteExecutor.execute(TestSuiteExecutor.java:105)
	at com.kms.katalon.core.main.TestCaseMain.startTestSuite(TestCaseMain.java:185)
	at com.kms.katalon.core.main.TestCaseMain$startTestSuite$0.call(Unknown Source)
	at TempTestSuite1649296582443.run(TempTestSuite1649296582443.groovy:36)
Caused by: org.openqa.selenium.SessionNotCreatedException: Could not start a new session. Could not start a new session. Could not start a new session. Error while creating session with the driver service. Stopping driver service: Could not start a new session. Response code 500. Message: unknown error: MSEdge failed to start: was killed.
  (unknown error: DevToolsActivePort file doesn't exist)
  (The process started from msedge location C:\Program Files (x86)\Microsoft\Edge\Application\msedge.exe is no longer running, so MSEdgeDriver is assuming that MSEdge has crashed.)
Build info: version: '4.1.2', revision: 'Unknown'
System info: host: 'W-MSEDGE-99-FA7', ip: '172.48.73.60', os.name: 'Windows 10', os.arch: 'amd64', os.version: '10.0', java.version: '11.0.13'
Driver info: driver.version: unknown
Build info: version: '4.1.2', revision: 'Unknown'
System info: host: 'W-MSEDGE-99-FA7', ip: '172.48.73.60', os.name: 'Windows 10', os.arch: 'amd64', os.version: '10.0', java.version: '11.0.13'
Driver info: driver.version: unknown
Build info: version: '4.1.2', revision: 'Unknown'
System info: host: 'testcloud-grid-session-queue-7fb57c4659-p97p2', ip: '172.48.0.32', os.name: 'Linux', os.arch: 'amd64', os.version: '5.10.68', java.version: '11.0.11'
Driver info: driver.version: unknown
Build info: version: '3.141.59', revision: 'e82be7d358', time: '2018-11-14T08:25:53'
System info: host: 'Ans-MacBook-Pro.local', ip: 'fe80:0:0:0:1cbf:b225:2c90:e14b%en0', os.name: 'Mac OS X', os.arch: 'x86_64', os.version: '10.16', java.version: '1.8.0_275'
Driver info: driver.version: CRemoteWebDriver
remote stacktrace: [{fileName=SessionNotCreated.java, moduleVersion=null, moduleName=null, nativeMethod=false, methodName=execute, className=org.openqa.selenium.grid.sessionqueue.SessionNotCreated, lineNumber=55, classLoaderName=app}, {fileName=Route.java, moduleVersion=null, moduleName=null, nativeMethod=false, methodName=handle, className=org.openqa.selenium.remote.http.Route$TemplatizedRoute, lineNumber=192, classLoaderName=app}, {fileName=Route.java, moduleVersion=null, moduleName=null, nativeMethod=false, methodName=execute, className=org.openqa.selenium.remote.http.Route, lineNumber=68, classLoaderName=app}, {fileName=RequiresSecretFilter.java, moduleVersion=null, moduleName=null, nativeMethod=false, methodName=lambda$apply$0, className=org.openqa.selenium.grid.security.RequiresSecretFilter, lineNumber=64, classLoaderName=app}, {fileName=Filter.java, moduleVersion=null, moduleName=null, nativeMethod=false, methodName=execute, className=org.openqa.selenium.remote.http.Filter$1, lineNumber=64, classLoaderName=app}, {fileName=Route.java, moduleVersion=null, moduleName=null, nativeMethod=false, methodName=handle, className=org.openqa.selenium.remote.http.Route$CombinedRoute, lineNumber=336, classLoaderName=app}, {fileName=Route.java, moduleVersion=null, moduleName=null, nativeMethod=false, methodName=execute, className=org.openqa.selenium.remote.http.Route, lineNumber=68, classLoaderName=app}, {fileName=NewSessionQueue.java, moduleVersion=null, moduleName=null, nativeMethod=false, methodName=execute, className=org.openqa.selenium.grid.sessionqueue.NewSessionQueue, lineNumber=120, classLoaderName=app}, {fileName=Route.java, moduleVersion=null, moduleName=null, nativeMethod=false, methodName=handle, className=org.openqa.selenium.remote.http.Route$CombinedRoute, lineNumber=336, classLoaderName=app}, {fileName=Route.java, moduleVersion=null, moduleName=null, nativeMethod=false, methodName=execute, className=org.openqa.selenium.remote.http.Route, lineNumber=68, classLoaderName=app}, {fileName=AddWebDriverSpecHeaders.java, moduleVersion=null, moduleName=null, nativeMethod=false, methodName=lambda$apply$0, className=org.openqa.selenium.remote.AddWebDriverSpecHeaders, lineNumber=35, classLoaderName=app}, {fileName=ErrorFilter.java, moduleVersion=null, moduleName=null, nativeMethod=false, methodName=lambda$apply$0, className=org.openqa.selenium.remote.ErrorFilter, lineNumber=44, classLoaderName=app}, {fileName=Filter.java, moduleVersion=null, moduleName=null, nativeMethod=false, methodName=execute, className=org.openqa.selenium.remote.http.Filter$1, lineNumber=64, classLoaderName=app}, {fileName=ErrorFilter.java, moduleVersion=null, moduleName=null, nativeMethod=false, methodName=lambda$apply$0, className=org.openqa.selenium.remote.ErrorFilter, lineNumber=44, classLoaderName=app}, {fileName=Filter.java, moduleVersion=null, moduleName=null, nativeMethod=false, methodName=execute, className=org.openqa.selenium.remote.http.Filter$1, lineNumber=64, classLoaderName=app}, {fileName=SeleniumHandler.java, moduleVersion=null, moduleName=null, nativeMethod=false, methodName=lambda$channelRead0$0, className=org.openqa.selenium.netty.server.SeleniumHandler, lineNumber=44, classLoaderName=app}, {fileName=Executors.java, moduleVersion=11.0.11, moduleName=java.base, nativeMethod=false, methodName=call, className=java.util.concurrent.Executors$RunnableAdapter, lineNumber=515, classLoaderName=null}, {fileName=FutureTask.java, moduleVersion=11.0.11, moduleName=java.base, nativeMethod=false, methodName=run, className=java.util.concurrent.FutureTask, lineNumber=264, classLoaderName=null}, {fileName=ThreadPoolExecutor.java, moduleVersion=11.0.11, moduleName=java.base, nativeMethod=false, methodName=runWorker, className=java.util.concurrent.ThreadPoolExecutor, lineNumber=1128, classLoaderName=null}, {fileName=ThreadPoolExecutor.java, moduleVersion=11.0.11, moduleName=java.base, nativeMethod=false, methodName=run, className=java.util.concurrent.ThreadPoolExecutor$Worker, lineNumber=628, classLoaderName=null}, {fileName=Thread.java, moduleVersion=11.0.11, moduleName=java.base, nativeMethod=false, methodName=run, className=java.lang.Thread, lineNumber=829, classLoaderName=null}]
	at org.openqa.selenium.remote.W3CHandshakeResponse.lambda$errorHandler$0(W3CHandshakeResponse.java:62)
	at org.openqa.selenium.remote.HandshakeResponse.lambda$getResponseFunction$0(HandshakeResponse.java:30)
	at org.openqa.selenium.remote.ProtocolHandshake.lambda$createSession$0(ProtocolHandshake.java:126)
	at org.openqa.selenium.remote.ProtocolHandshake.createSession(ProtocolHandshake.java:128)
	at org.openqa.selenium.remote.ProtocolHandshake.createSession(ProtocolHandshake.java:74)
	at org.openqa.selenium.remote.HttpCommandExecutor.execute(HttpCommandExecutor.java:136)
	at org.openqa.selenium.remote.RemoteWebDriver.execute(RemoteWebDriver.java:552)
	at com.kms.katalon.selenium.driver.CRemoteWebDriver.execute(CRemoteWebDriver.java:30)
	at org.openqa.selenium.remote.RemoteWebDriver.startSession(RemoteWebDriver.java:213)
	at org.openqa.selenium.remote.RemoteWebDriver.<init>(RemoteWebDriver.java:131)
	at com.kms.katalon.selenium.driver.CRemoteWebDriver.<init>(CRemoteWebDriver.java:20)
	at com.kms.katalon.core.webui.driver.DriverFactory.createNewRemoteWebDriver(DriverFactory.java:542)
	at com.kms.katalon.core.webui.driver.DriverFactory.startRemoteBrowser(DriverFactory.java:326)
	at com.kms.katalon.core.webui.driver.DriverFactory.openWebDriver(DriverFactory.java:251)
	at com.kms.katalon.core.webui.keyword.builtin.OpenBrowserKeyword$_openBrowser_closure1.doCall(OpenBrowserKeyword.groovy:74)
	at com.kms.katalon.core.webui.keyword.builtin.OpenBrowserKeyword$_openBrowser_closure1.call(OpenBrowserKeyword.groovy)
	at com.kms.katalon.core.webui.keyword.internal.WebUIKeywordMain.runKeyword(WebUIKeywordMain.groovy:20)
	at com.kms.katalon.core.webui.keyword.builtin.OpenBrowserKeyword.openBrowser(OpenBrowserKeyword.groovy:81)
	at com.kms.katalon.core.webui.keyword.builtin.OpenBrowserKeyword.execute(OpenBrowserKeyword.groovy:67)
	at com.kms.katalon.core.keyword.internal.KeywordExecutor.executeKeywordForPlatform(KeywordExecutor.groovy:74)
	at com.kms.katalon.core.webui.keyword.WebUiBuiltInKeywords.openBrowser(WebUiBuiltInKeywords.groovy:64)
	at com.kms.katalon.core.webui.keyword.WebUiBuiltInKeywords$openBrowser.call(Unknown Source)
	at Script1648376737031.run(Script1648376737031.groovy:20)
	... 16 more
)

2022-04-07 09:04:12 - [MESSAGE][INFO] - User set preference: ['os', 'windows']

2022-04-07 09:04:12 - [MESSAGE][INFO] - User set preference: ['browserName', 'msedge']

2022-04-07 09:04:12 - [MESSAGE][INFO] - User set preference: ['browserVersion', '99']

2022-04-07 09:04:12 - [MESSAGE][INFO] - User set preference: ['katalon:option', '{organizationId=575235, tunnelId=, usingTunnel=false}']

2022-04-07 09:04:12 - [MESSAGE][INFO] - Connecting to remote web server 'testcloud.katalon.com/hub' with type 'Selenium'

2022-04-07 09:04:12 - [MESSAGE][INFO] - Action delay is set to 0 milliseconds

2022-04-07 09:05:34 - [MESSAGE][FAILED] - Unable to open browser with url: '' (Root cause: com.kms.katalon.core.exception.StepFailedException: Unable to open browser with url: ''
	at com.kms.katalon.core.webui.keyword.internal.WebUIKeywordMain.stepFailed(WebUIKeywordMain.groovy:64)
	at com.kms.katalon.core.webui.keyword.internal.WebUIKeywordMain.runKeyword(WebUIKeywordMain.groovy:26)
	at com.kms.katalon.core.webui.keyword.builtin.OpenBrowserKeyword.openBrowser(OpenBrowserKeyword.groovy:81)
	at com.kms.katalon.core.webui.keyword.builtin.OpenBrowserKeyword.execute(OpenBrowserKeyword.groovy:67)
	at com.kms.katalon.core.keyword.internal.KeywordExecutor.executeKeywordForPlatform(KeywordExecutor.groovy:74)
	at com.kms.katalon.core.webui.keyword.WebUiBuiltInKeywords.openBrowser(WebUiBuiltInKeywords.groovy:64)
	at com.kms.katalon.core.webui.keyword.WebUiBuiltInKeywords$openBrowser.call(Unknown Source)
	at New Test Case.run(New Test Case:20)
	at com.kms.katalon.core.main.ScriptEngine.run(ScriptEngine.java:194)
	at com.kms.katalon.core.main.ScriptEngine.runScriptAsRawText(ScriptEngine.java:119)
	at com.kms.katalon.core.main.TestCaseExecutor.runScript(TestCaseExecutor.java:442)
	at com.kms.katalon.core.main.TestCaseExecutor.doExecute(TestCaseExecutor.java:433)
	at com.kms.katalon.core.main.TestCaseExecutor.processExecutionPhase(TestCaseExecutor.java:412)
	at com.kms.katalon.core.main.TestCaseExecutor.accessMainPhase(TestCaseExecutor.java:404)
	at com.kms.katalon.core.main.TestCaseExecutor.execute(TestCaseExecutor.java:281)
	at com.kms.katalon.core.main.TestCaseExecutor.execute(TestCaseExecutor.java:363)
	at com.kms.katalon.core.main.TestCaseExecutor.execute(TestCaseExecutor.java:363)
	at com.kms.katalon.core.main.TestCaseExecutor.execute(TestCaseExecutor.java:363)
	at com.kms.katalon.core.main.TestSuiteExecutor.accessTestCaseMainPhase(TestSuiteExecutor.java:202)
	at com.kms.katalon.core.main.TestSuiteExecutor.accessTestSuiteMainPhase(TestSuiteExecutor.java:164)
	at com.kms.katalon.core.main.TestSuiteExecutor.execute(TestSuiteExecutor.java:105)
	at com.kms.katalon.core.main.TestCaseMain.startTestSuite(TestCaseMain.java:185)
	at com.kms.katalon.core.main.TestCaseMain$startTestSuite$0.call(Unknown Source)
	at TempTestSuite1649296582443.run(TempTestSuite1649296582443.groovy:36)
Caused by: org.openqa.selenium.SessionNotCreatedException: Could not start a new session. Could not start a new session. Could not start a new session. Error while creating session with the driver service. Stopping driver service: Could not start a new session. Response code 500. Message: unknown error: MSEdge failed to start: was killed.
  (unknown error: DevToolsActivePort file doesn't exist)
  (The process started from msedge location C:\Program Files (x86)\Microsoft\Edge\Application\msedge.exe is no longer running, so MSEdgeDriver is assuming that MSEdge has crashed.)
Build info: version: '4.1.2', revision: 'Unknown'
System info: host: 'W-MSEDGE-99-FA7', ip: '172.48.73.60', os.name: 'Windows 10', os.arch: 'amd64', os.version: '10.0', java.version: '11.0.13'
Driver info: driver.version: unknown
Build info: version: '4.1.2', revision: 'Unknown'
System info: host: 'W-MSEDGE-99-FA7', ip: '172.48.73.60', os.name: 'Windows 10', os.arch: 'amd64', os.version: '10.0', java.version: '11.0.13'
Driver info: driver.version: unknown
Build info: version: '4.1.2', revision: 'Unknown'
System info: host: 'testcloud-grid-session-queue-7fb57c4659-p97p2', ip: '172.48.0.32', os.name: 'Linux', os.arch: 'amd64', os.version: '5.10.68', java.version: '11.0.11'
Driver info: driver.version: unknown
Build info: version: '3.141.59', revision: 'e82be7d358', time: '2018-11-14T08:25:53'
System info: host: 'Ans-MacBook-Pro.local', ip: 'fe80:0:0:0:1cbf:b225:2c90:e14b%en0', os.name: 'Mac OS X', os.arch: 'x86_64', os.version: '10.16', java.version: '1.8.0_275'
Driver info: driver.version: CRemoteWebDriver
remote stacktrace: [{fileName=SessionNotCreated.java, moduleVersion=null, moduleName=null, nativeMethod=false, methodName=execute, className=org.openqa.selenium.grid.sessionqueue.SessionNotCreated, lineNumber=55, classLoaderName=app}, {fileName=Route.java, moduleVersion=null, moduleName=null, nativeMethod=false, methodName=handle, className=org.openqa.selenium.remote.http.Route$TemplatizedRoute, lineNumber=192, classLoaderName=app}, {fileName=Route.java, moduleVersion=null, moduleName=null, nativeMethod=false, methodName=execute, className=org.openqa.selenium.remote.http.Route, lineNumber=68, classLoaderName=app}, {fileName=RequiresSecretFilter.java, moduleVersion=null, moduleName=null, nativeMethod=false, methodName=lambda$apply$0, className=org.openqa.selenium.grid.security.RequiresSecretFilter, lineNumber=64, classLoaderName=app}, {fileName=Filter.java, moduleVersion=null, moduleName=null, nativeMethod=false, methodName=execute, className=org.openqa.selenium.remote.http.Filter$1, lineNumber=64, classLoaderName=app}, {fileName=Route.java, moduleVersion=null, moduleName=null, nativeMethod=false, methodName=handle, className=org.openqa.selenium.remote.http.Route$CombinedRoute, lineNumber=336, classLoaderName=app}, {fileName=Route.java, moduleVersion=null, moduleName=null, nativeMethod=false, methodName=execute, className=org.openqa.selenium.remote.http.Route, lineNumber=68, classLoaderName=app}, {fileName=NewSessionQueue.java, moduleVersion=null, moduleName=null, nativeMethod=false, methodName=execute, className=org.openqa.selenium.grid.sessionqueue.NewSessionQueue, lineNumber=120, classLoaderName=app}, {fileName=Route.java, moduleVersion=null, moduleName=null, nativeMethod=false, methodName=handle, className=org.openqa.selenium.remote.http.Route$CombinedRoute, lineNumber=336, classLoaderName=app}, {fileName=Route.java, moduleVersion=null, moduleName=null, nativeMethod=false, methodName=execute, className=org.openqa.selenium.remote.http.Route, lineNumber=68, classLoaderName=app}, {fileName=AddWebDriverSpecHeaders.java, moduleVersion=null, moduleName=null, nativeMethod=false, methodName=lambda$apply$0, className=org.openqa.selenium.remote.AddWebDriverSpecHeaders, lineNumber=35, classLoaderName=app}, {fileName=ErrorFilter.java, moduleVersion=null, moduleName=null, nativeMethod=false, methodName=lambda$apply$0, className=org.openqa.selenium.remote.ErrorFilter, lineNumber=44, classLoaderName=app}, {fileName=Filter.java, moduleVersion=null, moduleName=null, nativeMethod=false, methodName=execute, className=org.openqa.selenium.remote.http.Filter$1, lineNumber=64, classLoaderName=app}, {fileName=ErrorFilter.java, moduleVersion=null, moduleName=null, nativeMethod=false, methodName=lambda$apply$0, className=org.openqa.selenium.remote.ErrorFilter, lineNumber=44, classLoaderName=app}, {fileName=Filter.java, moduleVersion=null, moduleName=null, nativeMethod=false, methodName=execute, className=org.openqa.selenium.remote.http.Filter$1, lineNumber=64, classLoaderName=app}, {fileName=SeleniumHandler.java, moduleVersion=null, moduleName=null, nativeMethod=false, methodName=lambda$channelRead0$0, className=org.openqa.selenium.netty.server.SeleniumHandler, lineNumber=44, classLoaderName=app}, {fileName=Executors.java, moduleVersion=11.0.11, moduleName=java.base, nativeMethod=false, methodName=call, className=java.util.concurrent.Executors$RunnableAdapter, lineNumber=515, classLoaderName=null}, {fileName=FutureTask.java, moduleVersion=11.0.11, moduleName=java.base, nativeMethod=false, methodName=run, className=java.util.concurrent.FutureTask, lineNumber=264, classLoaderName=null}, {fileName=ThreadPoolExecutor.java, moduleVersion=11.0.11, moduleName=java.base, nativeMethod=false, methodName=runWorker, className=java.util.concurrent.ThreadPoolExecutor, lineNumber=1128, classLoaderName=null}, {fileName=ThreadPoolExecutor.java, moduleVersion=11.0.11, moduleName=java.base, nativeMethod=false, methodName=run, className=java.util.concurrent.ThreadPoolExecutor$Worker, lineNumber=628, classLoaderName=null}, {fileName=Thread.java, moduleVersion=11.0.11, moduleName=java.base, nativeMethod=false, methodName=run, className=java.lang.Thread, lineNumber=829, classLoaderName=null}]
	at org.openqa.selenium.remote.W3CHandshakeResponse.lambda$errorHandler$0(W3CHandshakeResponse.java:62)
	at org.openqa.selenium.remote.HandshakeResponse.lambda$getResponseFunction$0(HandshakeResponse.java:30)
	at org.openqa.selenium.remote.ProtocolHandshake.lambda$createSession$0(ProtocolHandshake.java:126)
	at org.openqa.selenium.remote.ProtocolHandshake.createSession(ProtocolHandshake.java:128)
	at org.openqa.selenium.remote.ProtocolHandshake.createSession(ProtocolHandshake.java:74)
	at org.openqa.selenium.remote.HttpCommandExecutor.execute(HttpCommandExecutor.java:136)
	at org.openqa.selenium.remote.RemoteWebDriver.execute(RemoteWebDriver.java:552)
	at com.kms.katalon.selenium.driver.CRemoteWebDriver.execute(CRemoteWebDriver.java:30)
	at org.openqa.selenium.remote.RemoteWebDriver.startSession(RemoteWebDriver.java:213)
	at org.openqa.selenium.remote.RemoteWebDriver.<init>(RemoteWebDriver.java:131)
	at com.kms.katalon.selenium.driver.CRemoteWebDriver.<init>(CRemoteWebDriver.java:20)
	at com.kms.katalon.core.webui.driver.DriverFactory.createNewRemoteWebDriver(DriverFactory.java:542)
	at com.kms.katalon.core.webui.driver.DriverFactory.startRemoteBrowser(DriverFactory.java:326)
	at com.kms.katalon.core.webui.driver.DriverFactory.openWebDriver(DriverFactory.java:251)
	at com.kms.katalon.core.webui.keyword.builtin.OpenBrowserKeyword$_openBrowser_closure1.doCall(OpenBrowserKeyword.groovy:74)
	at com.kms.katalon.core.webui.keyword.builtin.OpenBrowserKeyword$_openBrowser_closure1.call(OpenBrowserKeyword.groovy)
	at com.kms.katalon.core.webui.keyword.internal.WebUIKeywordMain.runKeyword(WebUIKeywordMain.groovy:20)
	at com.kms.katalon.core.webui.keyword.builtin.OpenBrowserKeyword.openBrowser(OpenBrowserKeyword.groovy:81)
	at com.kms.katalon.core.webui.keyword.builtin.OpenBrowserKeyword.execute(OpenBrowserKeyword.groovy:67)
	at com.kms.katalon.core.keyword.internal.KeywordExecutor.executeKeywordForPlatform(KeywordExecutor.groovy:74)
	at com.kms.katalon.core.webui.keyword.WebUiBuiltInKeywords.openBrowser(WebUiBuiltInKeywords.groovy:64)
	at com.kms.katalon.core.webui.keyword.WebUiBuiltInKeywords$openBrowser.call(Unknown Source)
	at Script1648376737031.run(Script1648376737031.groovy:20)
	... 16 more
)]]></system-out>
         <system-err><![CDATA[2022-04-07 09:04:12 - [TEST_CASE][FAILED] - Test Cases/New Test Case: Test Cases/New Test Case FAILED.
Reason:
com.kms.katalon.core.exception.StepFailedException: Unable to open browser with url: ''
	at com.kms.katalon.core.webui.keyword.internal.WebUIKeywordMain.stepFailed(WebUIKeywordMain.groovy:64)
	at com.kms.katalon.core.webui.keyword.internal.WebUIKeywordMain.runKeyword(WebUIKeywordMain.groovy:26)
	at com.kms.katalon.core.webui.keyword.builtin.OpenBrowserKeyword.openBrowser(OpenBrowserKeyword.groovy:81)
	at com.kms.katalon.core.webui.keyword.builtin.OpenBrowserKeyword.execute(OpenBrowserKeyword.groovy:67)
	at com.kms.katalon.core.keyword.internal.KeywordExecutor.executeKeywordForPlatform(KeywordExecutor.groovy:74)
	at com.kms.katalon.core.webui.keyword.WebUiBuiltInKeywords.openBrowser(WebUiBuiltInKeywords.groovy:64)
	at com.kms.katalon.core.webui.keyword.WebUiBuiltInKeywords$openBrowser.call(Unknown Source)
	at New Test Case.run(New Test Case:20)
	at com.kms.katalon.core.main.ScriptEngine.run(ScriptEngine.java:194)
	at com.kms.katalon.core.main.ScriptEngine.runScriptAsRawText(ScriptEngine.java:119)
	at com.kms.katalon.core.main.TestCaseExecutor.runScript(TestCaseExecutor.java:442)
	at com.kms.katalon.core.main.TestCaseExecutor.doExecute(TestCaseExecutor.java:433)
	at com.kms.katalon.core.main.TestCaseExecutor.processExecutionPhase(TestCaseExecutor.java:412)
	at com.kms.katalon.core.main.TestCaseExecutor.accessMainPhase(TestCaseExecutor.java:404)
	at com.kms.katalon.core.main.TestCaseExecutor.execute(TestCaseExecutor.java:281)
	at com.kms.katalon.core.main.TestCaseExecutor.execute(TestCaseExecutor.java:363)
	at com.kms.katalon.core.main.TestCaseExecutor.execute(TestCaseExecutor.java:363)
	at com.kms.katalon.core.main.TestCaseExecutor.execute(TestCaseExecutor.java:363)
	at com.kms.katalon.core.main.TestSuiteExecutor.accessTestCaseMainPhase(TestSuiteExecutor.java:202)
	at com.kms.katalon.core.main.TestSuiteExecutor.accessTestSuiteMainPhase(TestSuiteExecutor.java:164)
	at com.kms.katalon.core.main.TestSuiteExecutor.execute(TestSuiteExecutor.java:105)
	at com.kms.katalon.core.main.TestCaseMain.startTestSuite(TestCaseMain.java:185)
	at com.kms.katalon.core.main.TestCaseMain$startTestSuite$0.call(Unknown Source)
	at TempTestSuite1649296582443.run(TempTestSuite1649296582443.groovy:36)
Caused by: org.openqa.selenium.SessionNotCreatedException: Could not start a new session. Could not start a new session. Could not start a new session. Error while creating session with the driver service. Stopping driver service: Could not start a new session. Response code 500. Message: unknown error: MSEdge failed to start: was killed.
  (unknown error: DevToolsActivePort file doesn't exist)
  (The process started from msedge location C:\Program Files (x86)\Microsoft\Edge\Application\msedge.exe is no longer running, so MSEdgeDriver is assuming that MSEdge has crashed.)
Build info: version: '4.1.2', revision: 'Unknown'
System info: host: 'W-MSEDGE-99-FA7', ip: '172.48.73.60', os.name: 'Windows 10', os.arch: 'amd64', os.version: '10.0', java.version: '11.0.13'
Driver info: driver.version: unknown
Build info: version: '4.1.2', revision: 'Unknown'
System info: host: 'W-MSEDGE-99-FA7', ip: '172.48.73.60', os.name: 'Windows 10', os.arch: 'amd64', os.version: '10.0', java.version: '11.0.13'
Driver info: driver.version: unknown
Build info: version: '4.1.2', revision: 'Unknown'
System info: host: 'testcloud-grid-session-queue-7fb57c4659-p97p2', ip: '172.48.0.32', os.name: 'Linux', os.arch: 'amd64', os.version: '5.10.68', java.version: '11.0.11'
Driver info: driver.version: unknown
Build info: version: '3.141.59', revision: 'e82be7d358', time: '2018-11-14T08:25:53'
System info: host: 'Ans-MacBook-Pro.local', ip: 'fe80:0:0:0:1cbf:b225:2c90:e14b%en0', os.name: 'Mac OS X', os.arch: 'x86_64', os.version: '10.16', java.version: '1.8.0_275'
Driver info: driver.version: CRemoteWebDriver
remote stacktrace: [{fileName=SessionNotCreated.java, moduleVersion=null, moduleName=null, nativeMethod=false, methodName=execute, className=org.openqa.selenium.grid.sessionqueue.SessionNotCreated, lineNumber=55, classLoaderName=app}, {fileName=Route.java, moduleVersion=null, moduleName=null, nativeMethod=false, methodName=handle, className=org.openqa.selenium.remote.http.Route$TemplatizedRoute, lineNumber=192, classLoaderName=app}, {fileName=Route.java, moduleVersion=null, moduleName=null, nativeMethod=false, methodName=execute, className=org.openqa.selenium.remote.http.Route, lineNumber=68, classLoaderName=app}, {fileName=RequiresSecretFilter.java, moduleVersion=null, moduleName=null, nativeMethod=false, methodName=lambda$apply$0, className=org.openqa.selenium.grid.security.RequiresSecretFilter, lineNumber=64, classLoaderName=app}, {fileName=Filter.java, moduleVersion=null, moduleName=null, nativeMethod=false, methodName=execute, className=org.openqa.selenium.remote.http.Filter$1, lineNumber=64, classLoaderName=app}, {fileName=Route.java, moduleVersion=null, moduleName=null, nativeMethod=false, methodName=handle, className=org.openqa.selenium.remote.http.Route$CombinedRoute, lineNumber=336, classLoaderName=app}, {fileName=Route.java, moduleVersion=null, moduleName=null, nativeMethod=false, methodName=execute, className=org.openqa.selenium.remote.http.Route, lineNumber=68, classLoaderName=app}, {fileName=NewSessionQueue.java, moduleVersion=null, moduleName=null, nativeMethod=false, methodName=execute, className=org.openqa.selenium.grid.sessionqueue.NewSessionQueue, lineNumber=120, classLoaderName=app}, {fileName=Route.java, moduleVersion=null, moduleName=null, nativeMethod=false, methodName=handle, className=org.openqa.selenium.remote.http.Route$CombinedRoute, lineNumber=336, classLoaderName=app}, {fileName=Route.java, moduleVersion=null, moduleName=null, nativeMethod=false, methodName=execute, className=org.openqa.selenium.remote.http.Route, lineNumber=68, classLoaderName=app}, {fileName=AddWebDriverSpecHeaders.java, moduleVersion=null, moduleName=null, nativeMethod=false, methodName=lambda$apply$0, className=org.openqa.selenium.remote.AddWebDriverSpecHeaders, lineNumber=35, classLoaderName=app}, {fileName=ErrorFilter.java, moduleVersion=null, moduleName=null, nativeMethod=false, methodName=lambda$apply$0, className=org.openqa.selenium.remote.ErrorFilter, lineNumber=44, classLoaderName=app}, {fileName=Filter.java, moduleVersion=null, moduleName=null, nativeMethod=false, methodName=execute, className=org.openqa.selenium.remote.http.Filter$1, lineNumber=64, classLoaderName=app}, {fileName=ErrorFilter.java, moduleVersion=null, moduleName=null, nativeMethod=false, methodName=lambda$apply$0, className=org.openqa.selenium.remote.ErrorFilter, lineNumber=44, classLoaderName=app}, {fileName=Filter.java, moduleVersion=null, moduleName=null, nativeMethod=false, methodName=execute, className=org.openqa.selenium.remote.http.Filter$1, lineNumber=64, classLoaderName=app}, {fileName=SeleniumHandler.java, moduleVersion=null, moduleName=null, nativeMethod=false, methodName=lambda$channelRead0$0, className=org.openqa.selenium.netty.server.SeleniumHandler, lineNumber=44, classLoaderName=app}, {fileName=Executors.java, moduleVersion=11.0.11, moduleName=java.base, nativeMethod=false, methodName=call, className=java.util.concurrent.Executors$RunnableAdapter, lineNumber=515, classLoaderName=null}, {fileName=FutureTask.java, moduleVersion=11.0.11, moduleName=java.base, nativeMethod=false, methodName=run, className=java.util.concurrent.FutureTask, lineNumber=264, classLoaderName=null}, {fileName=ThreadPoolExecutor.java, moduleVersion=11.0.11, moduleName=java.base, nativeMethod=false, methodName=runWorker, className=java.util.concurrent.ThreadPoolExecutor, lineNumber=1128, classLoaderName=null}, {fileName=ThreadPoolExecutor.java, moduleVersion=11.0.11, moduleName=java.base, nativeMethod=false, methodName=run, className=java.util.concurrent.ThreadPoolExecutor$Worker, lineNumber=628, classLoaderName=null}, {fileName=Thread.java, moduleVersion=11.0.11, moduleName=java.base, nativeMethod=false, methodName=run, className=java.lang.Thread, lineNumber=829, classLoaderName=null}]
	at org.openqa.selenium.remote.W3CHandshakeResponse.lambda$errorHandler$0(W3CHandshakeResponse.java:62)
	at org.openqa.selenium.remote.HandshakeResponse.lambda$getResponseFunction$0(HandshakeResponse.java:30)
	at org.openqa.selenium.remote.ProtocolHandshake.lambda$createSession$0(ProtocolHandshake.java:126)
	at org.openqa.selenium.remote.ProtocolHandshake.createSession(ProtocolHandshake.java:128)
	at org.openqa.selenium.remote.ProtocolHandshake.createSession(ProtocolHandshake.java:74)
	at org.openqa.selenium.remote.HttpCommandExecutor.execute(HttpCommandExecutor.java:136)
	at org.openqa.selenium.remote.RemoteWebDriver.execute(RemoteWebDriver.java:552)
	at com.kms.katalon.selenium.driver.CRemoteWebDriver.execute(CRemoteWebDriver.java:30)
	at org.openqa.selenium.remote.RemoteWebDriver.startSession(RemoteWebDriver.java:213)
	at org.openqa.selenium.remote.RemoteWebDriver.<init>(RemoteWebDriver.java:131)
	at com.kms.katalon.selenium.driver.CRemoteWebDriver.<init>(CRemoteWebDriver.java:20)
	at com.kms.katalon.core.webui.driver.DriverFactory.createNewRemoteWebDriver(DriverFactory.java:542)
	at com.kms.katalon.core.webui.driver.DriverFactory.startRemoteBrowser(DriverFactory.java:326)
	at com.kms.katalon.core.webui.driver.DriverFactory.openWebDriver(DriverFactory.java:251)
	at com.kms.katalon.core.webui.keyword.builtin.OpenBrowserKeyword$_openBrowser_closure1.doCall(OpenBrowserKeyword.groovy:74)
	at com.kms.katalon.core.webui.keyword.builtin.OpenBrowserKeyword$_openBrowser_closure1.call(OpenBrowserKeyword.groovy)
	at com.kms.katalon.core.webui.keyword.internal.WebUIKeywordMain.runKeyword(WebUIKeywordMain.groovy:20)
	... 22 more]]></system-err>
      </testcase>
      <system-out><![CDATA[2022-04-07 08:56:33 - [TEST_SUITE][FAILED] - New Test Suite: Test Cases/New Test Case FAILED.
Reason:
com.kms.katalon.core.exception.StepFailedException: Unable to set text 'admin@hosrem.org.vn' of object 'Object Repository/Page_ng nhp - HOSREM/input_ng nhp_username'
	at com.kms.katalon.core.webui.keyword.internal.WebUIKeywordMain.stepFailed(WebUIKeywordMain.groovy:64)
	at com.kms.katalon.core.webui.keyword.internal.WebUIKeywordMain.runKeyword(WebUIKeywordMain.groovy:26)
	at com.kms.katalon.core.webui.keyword.builtin.SetTextKeyword.setText(SetTextKeyword.groovy:66)
	at com.kms.katalon.core.webui.keyword.builtin.SetTextKeyword.execute(SetTextKeyword.groovy:37)
	at com.kms.katalon.core.keyword.internal.KeywordExecutor.executeKeywordForPlatform(KeywordExecutor.groovy:74)
	at com.kms.katalon.core.webui.keyword.WebUiBuiltInKeywords.setText(WebUiBuiltInKeywords.groovy:980)
	at com.kms.katalon.core.webui.keyword.WebUiBuiltInKeywords$setText$1.call(Unknown Source)
	at New Test Case.run(New Test Case:24)
	at com.kms.katalon.core.main.ScriptEngine.run(ScriptEngine.java:194)
	at com.kms.katalon.core.main.ScriptEngine.runScriptAsRawText(ScriptEngine.java:119)
	at com.kms.katalon.core.main.TestCaseExecutor.runScript(TestCaseExecutor.java:442)
	at com.kms.katalon.core.main.TestCaseExecutor.doExecute(TestCaseExecutor.java:433)
	at com.kms.katalon.core.main.TestCaseExecutor.processExecutionPhase(TestCaseExecutor.java:412)
	at com.kms.katalon.core.main.TestCaseExecutor.accessMainPhase(TestCaseExecutor.java:404)
	at com.kms.katalon.core.main.TestCaseExecutor.execute(TestCaseExecutor.java:281)
	at com.kms.katalon.core.main.TestSuiteExecutor.accessTestCaseMainPhase(TestSuiteExecutor.java:202)
	at com.kms.katalon.core.main.TestSuiteExecutor.accessTestSuiteMainPhase(TestSuiteExecutor.java:164)
	at com.kms.katalon.core.main.TestSuiteExecutor.execute(TestSuiteExecutor.java:105)
	at com.kms.katalon.core.main.TestCaseMain.startTestSuite(TestCaseMain.java:185)
	at com.kms.katalon.core.main.TestCaseMain$startTestSuite$0.call(Unknown Source)
	at TempTestSuite1649296582443.run(TempTestSuite1649296582443.groovy:36)
Caused by: org.openqa.selenium.WebDriverException: chrome not reachable
  (Session info: MicrosoftEdge=99.0.1150.36)
Build info: version: '3.141.59', revision: 'e82be7d358', time: '2018-11-14T08:25:53'
System info: host: 'Ans-MacBook-Pro.local', ip: 'fe80:0:0:0:1cbf:b225:2c90:e14b%en0', os.name: 'Mac OS X', os.arch: 'x86_64', os.version: '10.16', java.version: '1.8.0_275'
Driver info: com.kms.katalon.selenium.driver.CRemoteWebDriver
Capabilities {acceptInsecureCerts: false, browserName: msedge, browserVersion: 99.0.1150.36, javascriptEnabled: true, katalon:option: {apiKey: null, class: com.katalon.testcloud.grid...., group: null, jwt: eyJ0eXAiOiJKV1QiLCJhbGciOiJ..., organizationId: 575235, secret: null, teamId: null, tenant: null, unlimitedExecutionMinutes: false, userId: 762100, username: an.le@katalon.com, usingTunnel: false}, ms:edgeOptions: {debuggerAddress: localhost:49462}, msedge: {msedgedriverVersion: 99.0.1150.36 (c438621746b29..., userDataDir: C:\Users\ContainerUser\AppD...}, networkConnectionEnabled: false, pageLoadStrategy: normal, platform: WINDOWS, platformName: WINDOWS, proxy: Proxy(direct), requestId: 586329bb-94f3-44c5-8cc3-3ee..., se:cdp: ws://172.48.123.155:4444/se..., se:cdpVersion: 99.0.1150.36, setWindowRect: true, strictFileInteractability: false, timeouts: {implicit: 0, pageLoad: 300000, script: 30000}, unhandledPromptBehavior: dismiss and notify, webauthn:extension:credBlob: true, webauthn:extension:largeBlob: true, webauthn:virtualAuthenticators: true}
Session ID: bd27542983f38e93dff37e0d810bf53f
*** Element info: {Using=xpath, value=//input[@id='username']}
	at org.openqa.selenium.remote.http.W3CHttpResponseCodec.createException(W3CHttpResponseCodec.java:187)
	at org.openqa.selenium.remote.http.W3CHttpResponseCodec.decode(W3CHttpResponseCodec.java:122)
	at org.openqa.selenium.remote.http.W3CHttpResponseCodec.decode(W3CHttpResponseCodec.java:49)
	at org.openqa.selenium.remote.HttpCommandExecutor.execute(HttpCommandExecutor.java:158)
	at org.openqa.selenium.remote.RemoteWebDriver.execute(RemoteWebDriver.java:552)
	at com.kms.katalon.selenium.driver.CRemoteWebDriver.execute(CRemoteWebDriver.java:30)
	at org.openqa.selenium.remote.RemoteWebDriver.findElements(RemoteWebDriver.java:353)
	at org.openqa.selenium.remote.RemoteWebDriver.findElementsByXPath(RemoteWebDriver.java:432)
	at org.openqa.selenium.By$ByXPath.findElements(By.java:348)
	at org.openqa.selenium.remote.RemoteWebDriver.findElements(RemoteWebDriver.java:311)
	at org.openqa.selenium.support.events.EventFiringWebDriver.lambda$new$1(EventFiringWebDriver.java:105)
	at com.sun.proxy.$Proxy11.findElements(Unknown Source)
	at org.openqa.selenium.support.events.EventFiringWebDriver.findElements(EventFiringWebDriver.java:182)
	at com.kms.katalon.core.webui.common.WebUiCommonHelper.findElementByNormalMethods(WebUiCommonHelper.java:1016)
	at com.kms.katalon.core.webui.common.WebUiCommonHelper.findElementsBySelectedMethod(WebUiCommonHelper.java:911)
	at com.kms.katalon.core.webui.common.WebUiCommonHelper.findElementsBySelectedMethod(WebUiCommonHelper.java:894)
	at com.kms.katalon.core.webui.common.WebUiCommonHelper.findElementsBySelectedMethod(WebUiCommonHelper.java:889)
	at com.kms.katalon.core.webui.common.WebUiCommonHelper.findElementsByDefault(WebUiCommonHelper.java:885)
	at com.kms.katalon.core.webui.common.WebUiCommonHelper.findElementsWithSelfHealing(WebUiCommonHelper.java:733)
	at com.kms.katalon.core.webui.common.WebUiCommonHelper.findWebElements(WebUiCommonHelper.java:718)
	at com.kms.katalon.core.webui.common.WebUiCommonHelper.findWebElement(WebUiCommonHelper.java:1365)
	at com.kms.katalon.core.webui.keyword.internal.WebUIAbstractKeyword.findWebElement(WebUIAbstractKeyword.groovy:27)
	at com.kms.katalon.core.webui.keyword.internal.WebUIAbstractKeyword.findWebElement(WebUIAbstractKeyword.groovy:26)
	at com.kms.katalon.core.webui.keyword.builtin.SetTextKeyword$_setText_closure1.doCall(SetTextKeyword.groovy:51)
	at com.kms.katalon.core.webui.keyword.builtin.SetTextKeyword$_setText_closure1.call(SetTextKeyword.groovy)
	at com.kms.katalon.core.webui.keyword.internal.WebUIKeywordMain.runKeyword(WebUIKeywordMain.groovy:20)
	... 19 more]]></system-out>
      <system-err><![CDATA[2022-04-07 08:56:33 - [TEST_SUITE][FAILED] - New Test Suite: Test Cases/New Test Case FAILED.
Reason:
com.kms.katalon.core.exception.StepFailedException: Unable to set text 'admin@hosrem.org.vn' of object 'Object Repository/Page_ng nhp - HOSREM/input_ng nhp_username'
	at com.kms.katalon.core.webui.keyword.internal.WebUIKeywordMain.stepFailed(WebUIKeywordMain.groovy:64)
	at com.kms.katalon.core.webui.keyword.internal.WebUIKeywordMain.runKeyword(WebUIKeywordMain.groovy:26)
	at com.kms.katalon.core.webui.keyword.builtin.SetTextKeyword.setText(SetTextKeyword.groovy:66)
	at com.kms.katalon.core.webui.keyword.builtin.SetTextKeyword.execute(SetTextKeyword.groovy:37)
	at com.kms.katalon.core.keyword.internal.KeywordExecutor.executeKeywordForPlatform(KeywordExecutor.groovy:74)
	at com.kms.katalon.core.webui.keyword.WebUiBuiltInKeywords.setText(WebUiBuiltInKeywords.groovy:980)
	at com.kms.katalon.core.webui.keyword.WebUiBuiltInKeywords$setText$1.call(Unknown Source)
	at New Test Case.run(New Test Case:24)
	at com.kms.katalon.core.main.ScriptEngine.run(ScriptEngine.java:194)
	at com.kms.katalon.core.main.ScriptEngine.runScriptAsRawText(ScriptEngine.java:119)
	at com.kms.katalon.core.main.TestCaseExecutor.runScript(TestCaseExecutor.java:442)
	at com.kms.katalon.core.main.TestCaseExecutor.doExecute(TestCaseExecutor.java:433)
	at com.kms.katalon.core.main.TestCaseExecutor.processExecutionPhase(TestCaseExecutor.java:412)
	at com.kms.katalon.core.main.TestCaseExecutor.accessMainPhase(TestCaseExecutor.java:404)
	at com.kms.katalon.core.main.TestCaseExecutor.execute(TestCaseExecutor.java:281)
	at com.kms.katalon.core.main.TestSuiteExecutor.accessTestCaseMainPhase(TestSuiteExecutor.java:202)
	at com.kms.katalon.core.main.TestSuiteExecutor.accessTestSuiteMainPhase(TestSuiteExecutor.java:164)
	at com.kms.katalon.core.main.TestSuiteExecutor.execute(TestSuiteExecutor.java:105)
	at com.kms.katalon.core.main.TestCaseMain.startTestSuite(TestCaseMain.java:185)
	at com.kms.katalon.core.main.TestCaseMain$startTestSuite$0.call(Unknown Source)
	at TempTestSuite1649296582443.run(TempTestSuite1649296582443.groovy:36)
Caused by: org.openqa.selenium.WebDriverException: chrome not reachable
  (Session info: MicrosoftEdge=99.0.1150.36)
Build info: version: '3.141.59', revision: 'e82be7d358', time: '2018-11-14T08:25:53'
System info: host: 'Ans-MacBook-Pro.local', ip: 'fe80:0:0:0:1cbf:b225:2c90:e14b%en0', os.name: 'Mac OS X', os.arch: 'x86_64', os.version: '10.16', java.version: '1.8.0_275'
Driver info: com.kms.katalon.selenium.driver.CRemoteWebDriver
Capabilities {acceptInsecureCerts: false, browserName: msedge, browserVersion: 99.0.1150.36, javascriptEnabled: true, katalon:option: {apiKey: null, class: com.katalon.testcloud.grid...., group: null, jwt: eyJ0eXAiOiJKV1QiLCJhbGciOiJ..., organizationId: 575235, secret: null, teamId: null, tenant: null, unlimitedExecutionMinutes: false, userId: 762100, username: an.le@katalon.com, usingTunnel: false}, ms:edgeOptions: {debuggerAddress: localhost:49462}, msedge: {msedgedriverVersion: 99.0.1150.36 (c438621746b29..., userDataDir: C:\Users\ContainerUser\AppD...}, networkConnectionEnabled: false, pageLoadStrategy: normal, platform: WINDOWS, platformName: WINDOWS, proxy: Proxy(direct), requestId: 586329bb-94f3-44c5-8cc3-3ee..., se:cdp: ws://172.48.123.155:4444/se..., se:cdpVersion: 99.0.1150.36, setWindowRect: true, strictFileInteractability: false, timeouts: {implicit: 0, pageLoad: 300000, script: 30000}, unhandledPromptBehavior: dismiss and notify, webauthn:extension:credBlob: true, webauthn:extension:largeBlob: true, webauthn:virtualAuthenticators: true}
Session ID: bd27542983f38e93dff37e0d810bf53f
*** Element info: {Using=xpath, value=//input[@id='username']}
	at org.openqa.selenium.remote.http.W3CHttpResponseCodec.createException(W3CHttpResponseCodec.java:187)
	at org.openqa.selenium.remote.http.W3CHttpResponseCodec.decode(W3CHttpResponseCodec.java:122)
	at org.openqa.selenium.remote.http.W3CHttpResponseCodec.decode(W3CHttpResponseCodec.java:49)
	at org.openqa.selenium.remote.HttpCommandExecutor.execute(HttpCommandExecutor.java:158)
	at org.openqa.selenium.remote.RemoteWebDriver.execute(RemoteWebDriver.java:552)
	at com.kms.katalon.selenium.driver.CRemoteWebDriver.execute(CRemoteWebDriver.java:30)
	at org.openqa.selenium.remote.RemoteWebDriver.findElements(RemoteWebDriver.java:353)
	at org.openqa.selenium.remote.RemoteWebDriver.findElementsByXPath(RemoteWebDriver.java:432)
	at org.openqa.selenium.By$ByXPath.findElements(By.java:348)
	at org.openqa.selenium.remote.RemoteWebDriver.findElements(RemoteWebDriver.java:311)
	at org.openqa.selenium.support.events.EventFiringWebDriver.lambda$new$1(EventFiringWebDriver.java:105)
	at com.sun.proxy.$Proxy11.findElements(Unknown Source)
	at org.openqa.selenium.support.events.EventFiringWebDriver.findElements(EventFiringWebDriver.java:182)
	at com.kms.katalon.core.webui.common.WebUiCommonHelper.findElementByNormalMethods(WebUiCommonHelper.java:1016)
	at com.kms.katalon.core.webui.common.WebUiCommonHelper.findElementsBySelectedMethod(WebUiCommonHelper.java:911)
	at com.kms.katalon.core.webui.common.WebUiCommonHelper.findElementsBySelectedMethod(WebUiCommonHelper.java:894)
	at com.kms.katalon.core.webui.common.WebUiCommonHelper.findElementsBySelectedMethod(WebUiCommonHelper.java:889)
	at com.kms.katalon.core.webui.common.WebUiCommonHelper.findElementsByDefault(WebUiCommonHelper.java:885)
	at com.kms.katalon.core.webui.common.WebUiCommonHelper.findElementsWithSelfHealing(WebUiCommonHelper.java:733)
	at com.kms.katalon.core.webui.common.WebUiCommonHelper.findWebElements(WebUiCommonHelper.java:718)
	at com.kms.katalon.core.webui.common.WebUiCommonHelper.findWebElement(WebUiCommonHelper.java:1365)
	at com.kms.katalon.core.webui.keyword.internal.WebUIAbstractKeyword.findWebElement(WebUIAbstractKeyword.groovy:27)
	at com.kms.katalon.core.webui.keyword.internal.WebUIAbstractKeyword.findWebElement(WebUIAbstractKeyword.groovy:26)
	at com.kms.katalon.core.webui.keyword.builtin.SetTextKeyword$_setText_closure1.doCall(SetTextKeyword.groovy:51)
	at com.kms.katalon.core.webui.keyword.builtin.SetTextKeyword$_setText_closure1.call(SetTextKeyword.groovy)
	at com.kms.katalon.core.webui.keyword.internal.WebUIKeywordMain.runKeyword(WebUIKeywordMain.groovy:20)
	... 19 more]]></system-err>
   </testsuite>
   <testsuite name="New Test Suite" tests="1" failures="0" errors="0" time="177.27" skipped="0" timestamp="2022-04-07 08:56:33" hostname="anle - localhost" id="Test Suites/New Test Suite">
      <properties>
         <property name="deviceName" value=""/>
         <property name="devicePlatform" value=""/>
         <property name="logFolder" value="/Users/anle/Projects/TestCloud/Testing/smart-wait-example-tests/Reports/20220407_085612/New Test Suite/20220407_085624"/>
         <property name="logFiles" value="/Users/anle/Projects/TestCloud/Testing/smart-wait-example-tests/Reports/20220407_085612/New Test Suite/20220407_085624/execution0.log"/>
         <property name="attachments" value=""/>
         <property name="hostName" value="anle - localhost"/>
         <property name="remoteDriverUrl" value="testcloud.katalon.com/hub"/>
         <property name="desiredCapabilities" value="{
  &quot;acceptInsecureCerts&quot;: false,
  &quot;browserName&quot;: &quot;firefox&quot;,
  &quot;browserVersion&quot;: &quot;98&quot;,
  &quot;javascriptEnabled&quot;: true,
  &quot;katalon:option&quot;: {
    &quot;class&quot;: &quot;com.katalon.testcloud.grid.common.tunnel.domain.UserOptionCapability&quot;,
    &quot;jwt&quot;: &quot;eyJ0eXAiOiJKV1QiLCJhbGciOiJSUzI1NiJ9.eyJzdWIiOiJhbi5sZUBrYXRhbG9uLmNvbSIsInVwbiI6Ijc2MjEwMCIsImdyb3VwcyI6WyJVU0VSIl0sInN0YXR1cyI6IlZFUklGSUVEIiwiZ2l2ZW5fbmFtZSI6IkFuIiwiZmFtaWx5X25hbWUiOiJMZSIsImVtYWlsIjoiYW4ubGVAa2F0YWxvbi5jb20iLCJlbWFpbF92ZXJpZmllZCI6dHJ1ZSwiY3JlYXRlZF9hdCI6MTYzMTI2OTcwMSwidXBkYXRlZF9hdCI6MTY0OTI5NjQ2OCwiYW1yIjpbInB3ZCJdLCJpYXQiOjE2NDkyOTY1NzQsImV4cCI6MTY0OTkwMTM3NCwianRpIjoiNzNkYWYyZDMtYmZlMC00Mjc2LWFkMDQtODQwMTZjMjhjZTI5IiwiaXNzIjoia2F0YWxvbi1hdXRoIn0.eMLisrMF7BcVMpvhrWvJtztUs4qmctcm0V_5zVm7E1Bd0-UuNk4UJasXjblT_3DvR0AA5ERWOLy8VbJUZn7MvLqnTCWLfzVtjHi33rUSQzEu24_pz8Z26RhhR5_JGWGnENPLUmaPn0oZ7ZegWaXYmYluOV_qmnd1sUV3HITuA_NoLSiBFMK2DC2B0fssByWpv9rJRKOTUQrnhztdhbM2m4YqyOmnfLTKC3RzinLvj89I4XNmsndYu6ubsnLawqr7W6ZcaEjIQtSRV7t7HPToAw5E4MbGF0VcmZJivxd0R43X6Zxg1PkN9FLQ7n5HBHJRfgR70_B98zGoWXSiM2FgOQ&quot;,
    &quot;organizationId&quot;: &quot;575235&quot;,
    &quot;unlimitedExecutionMinutes&quot;: false,
    &quot;userId&quot;: 762100,
    &quot;username&quot;: &quot;an.le@katalon.com&quot;,
    &quot;usingTunnel&quot;: false
  },
  &quot;moz:accessibilityChecks&quot;: false,
  &quot;moz:buildID&quot;: &quot;20220304153049&quot;,
  &quot;moz:firefoxOptions&quot;: {
    &quot;profile&quot;: &quot;UEsDBBQACAgIABQPh1QAAAAAAAAAAAAAAAA1AAAAZXh0ZW5zaW9ucy97NTRkY2Q5ZTktOTAzZi00M2U5LTk1ZjAtMjJiZDBlMGYzYzBhfS54cGmNe2OQoEuTbnPanLa7p23btm3btqZt27Zt27ZtG3f2xv12zzm7+8V9K+pHxRv5RFVlVlU+mVWyEsAgSADgf8o/P5g/1UrP2szYyMGR2tzBxtowbjpqnhZ+6NoLkkJEMH7GGbQSnsZ3p8efNUeJ0Zn4tOHr54VYv/mii4jzXMNmJ9P2hOfn5LGbGnjsIlpCcdToqiVJ3YUXEoyqOa2tEz/u0Bg5MiVahJWOHx8HBQ6MK0q3n+qH/tzAdD6gYyYx6CyTIQfCt1hIhZCT430xPPri7MWhnkK5e/j6YZMmy/gk+5e76dihOdE54rhxpTgryT4j8kr83lhM5+44c/YdvQTVcSD8cYCdwldM8uswgvU1tPOM/qIHtoTHEfVFmD5a0AcrdRKFSVht+kJDv+lqLgtSX8NKth3dD3TiLmikeQgf/w5w4DHcl+bhHlQhtvGX6O7cy+PaNRhljpL+yRUXVrl0/o6QJTomh5p4tFcXoduqFuS+TMQVN9Pbu1UNqSC082GPTwZTbAUIHWPKBK/1vOhR7kIAxI5Dc850C/D7fAzdxmGL3cZ7Qu7JazfXxfIMuimUuXb8HB1naR6WAidv8HsYTbYwwJBkQ7iSldeV+yEeQCU8renEBd3oVemaazvrEMtIsPica/KuZmRbzri10q2CTnROHTgraCNeNT95NCCxyMThHfdqa/6W/kzSYbllxjRKZVM+8woS/8FXnz+a/f6WlQADv4j0a5sGBADIAgYAkP1fLQHjTzWwsbKysabRt7dxcTCyp7K1sXQzNrO0/GMYF17vNutDSd/XrxTSj52ih7xF8RvX+tdrSs9tZsCGsYzCF5a1Gkg3IZxxxDhTNQwCo+Zn3150NPYvcUhCXeFQlt5xQncOOA7aDkey6NMSWebkrBGokhPg6T0ZBeojkxCe3kC8x7RL6UCDWPQZClG0mdJ6SFkYvfPFX/z8dxNcwF/pt6aRDB3LI8jIHw3wlgzFEZHEN+ekqGqjtg8aUld7ED3AeApoPwff+UUrdzAFGg9gWTFB+b92a3+H0208IsfGhEMXfdmA+x7fvPZ639vO/mC322Z1ImQgW4IkkoSR3stucszizIh4jCuDWGB/8FQ1N5nOUfFmDVy8PxC6A5LebSywVaPeef0OTp7W+aDoeDl/vffh+E7u7qtnCLZ9u0DaCoWe9ruDbuVeNCySdniHKb4A4i5V8AnchVxl62iYDjhWYeQBC8RIUJ5PzlmaT/bFeHB/az4+XtRikSjbUU+gF3Ilog9Y5j/iRS6xf4JQgFH31SYwTWgFomv26fjpIzsErpnIIKyQX29yk1Q0giytm9gzfuAGZHPEi4c8WOR+dkZVEQpEzWioaCZmUjgEvaRI01syDzhJ1g/xkUyKT4Q1IPlzjM8WJE+v1MnO2zmJ4y00JrzeRcVmWpt4ehqRZK5EEfwHx2J+OIkUQxVKw3be1NQOqliY/13goYtyHccwh5IsFf4hLzRHcdqRq3mJEjMvMvwIGSr9Tij/fMYX38Vha8xNmnhG+DtIFZkMQhVUWu4EaHc/jCFQpv0RkQEmaYiiKRqEbukORmtTOa95GdFyglrQsSI5TBBNzpsGKJkedD0EfJZf3UNJEJMRJZ69Zi5I3FkcWhgWHcM5V/+ZHAWHnmRFIpFcae+msNvYGHQ9gKhbDDwr4iiz8kmroOQFVemOeL963N7dWaQ/WYSM7pvXYa6Jyc39e3r2lB/SA7Z5HIJUhXIiIhnRWq3Jy00beJEQpHvaO1iczBhpOn2FXGiQmpjaUQLDuu+AfyxjxYMmGsSkzi+aWVJVo3TFyFfc5WufJkPE78yf1MadUVwAv/pCJhZPON9gdRPoCeseiXpIiz/kqSc2p0kqKQ62dNwQtFxTHHlp0Dmgn1/xroAe9WL6K6hlcYNnzxwCeNIg7JJ/ui0rtQvm2WGuooKB79sPIAS8Ilbi9p0APZYTGaUKfoHP4NIKfaFxbotutBmDmT+3ZVzycwfopfEEMR3oNybOJ/9OoQGjI7ri5xL0Dn5DS1MSNWzjZDZXM+TQ78tqq+Rm4Y+l4KbWut2AFIFa4Imx9OOJebDGFxqtV/EPrXTbhYcATsXs8IF+7kAUUuMEuoJZvECwFO0W46CwA7e8ti8mmIaYVpwW59Hvqm8c6/QO7riQ5U5z++7nH84nF9+Qu9DINAiv8+iFE/EyKmxZ4ncWZBNU+PYNVBKRs72OM9afTMXTSoZCjeJtwZcQdw0T0VFLEMTWuoRaqCbr7wfesgWAH7y1GPFPGF72YzDND9r/VU7Pw362j8RmTrYk0lPBPYyjytSxhiO6WLiqa2Dc4JNJTTc8zijk9JCjhODer1C7oxieP3ua6CqWiGI/n5RsuCri9jBSw/uZrSjXqZQm4MtgWBKdYOXhywPfxdrmwnoiMnM3u1G1rHsS3u3U8UsgstRb4iWPcFgloRRpDik8rCefDXiSPdfpwSPU3qEyet7itDDtpzRKigsm7DfH4EYWpGW+9q90XMymgwQKKTQOLM/mt9YZR2mF9V1rjaWroyN8ixumyvZd+qNZ5SdII+nE0TAbu8ZOTc6Avllnp85yCokqs+IGO6+AmdKWNYQG2NgxeNvPOBZPahzAzzAELlR6H2hXBYRumgoBziBrwi/tvDncy75udX13F0tISLcn2ER2VsxPJ4qHacF55Cs+XZlxK4QZXIGN95fdS72Pa1iPootzex59AiIu6i1csObK+R3xxgNsUQcPge4V0M9+4Xz3fp6ni+EoQcOc2Rqr0i6AzupdW9KHnNlWjILi3huZZubfBGUwMt/TNbsSIR8OGM6PbLAuaROKxS3vYeyWGgqVM4WC9bOZdB349f1x67b+Kz7NjSZqG4I0UMZlu/nnoNd0VEzaxXEoYNYWTSjdwXzWm2Sd5IUbdrCeok51vJ/b/AfBvdZGKz3a+UsJNGtLX4s3Em2q9G2qOFqzCRQJb4uPj3o9/cK15Z8+ok7Ediq/vuCTvTPyIdfbWJlLDB4RlC2m07xcZ5sWLziwr2ijnp1bBHZcbCKeBSu5hyHsIuuzR8OoR3rMvogMqolGm1nWYelyQM2hPEE28Hu5W2CMNcqIdtEFXoGpR8MgX83FXG0m26Nprq2Jq8imB9oqu7jCogT873tfr+3exKKTlZoJuonEu1HMSmG1FrX0rmmx4fKvnG+5HBbin4rBONgtv2bZIrbXxU4OYFnMsSJdsgihX/lpLjlv7+NDoDoT9GGwlm/iE/ijRDZfFwpxA7Lw78wjUEjhBMYeJzpwxVkmXuFMprNA5ad3EL357J+jkHLG1MZC5Gu05xwhppQS0r8afwHx6gqphjqTJt/AbOwObWdAKDIV6UFfl87VaBOA6U/P0Kb3VDBi0YxCIu9wiTGtA9AR8o5E2BOw+KVjSJ4QjTEpLWZQCm58d+LFHdywSTLwuDZtm06ct390j7ufrNp1FkUszo8Je/Abk/JBwRmAuWLSu/Cms5cIZTuKlF2S1i0LAbEs0trCKN+S0Am18TPRneWq++0IK9nLHY1wNeVyCoyhZq1WKM+kfh8s3YtkxMed1kw9pTApLLYtO5uQxBilmuMPN+KQ8DIdQRbJTnZkM2oKJ4KO1XaW0jPXGEsqye/3MKpnhI+YlEVDLexzbDDORoJ5GeQmCa6Ok1AFN6ImejjPFZ1ltZi2WDwEC2qJXwmKAn2GVwk8v02BvdcAUUm8n4WqJYJq4YPtanvnTDVt4joTZPRUahN0B2I9yr/sviXcYCykcEwFChqkCpbSwyk8DtlUtPckIr3CRrs+7cA8F9HrUfHmz4k51j8gemZB9MbcgLWEGtpFy3G0TY9G6EUHruY6lVl/YNM+yggZvCYmbSYWy/R2y+5eZ0jrHTgymutIQh8uhQsocbafaCWoyG1A7sUmHcto6kLakK2w4slBNPHDIxJiGGNI7C032oYFo8ul+IX2619yrftlPlOOknWkNpNuFUmQ2Ut+AIr1hcwxL22vPYOCN0o69Mq4jaY054hh0VysI2VhlnGOP67TCnqAMq/a8pG57w4Ec78rhow8GaUKl5RCDFK6Rr4mk7uTdcH1tkfOu6bY4snHScVsDjDqD0TppNYQAp9vl4UJNE5CZezhAO2ijX21V3QwEFixNl4kKktMxUxIPVFhTft5RBYBqzZw1ZMIBXp0QLKjsTQWdSnRkQDqyzhO30l/NJl2QlYSCAmVorr4YRV6zQ+pLkUUuHDVTO7ExnN4IltnKTPPofIOicWBaCqEZDJe24/qjzSumeWXluwOY7Tme0/SHv2qOtCGnq8d33S9WT7ufty9hpsZs1ws9vpd4JVaxqsGBqpx8vKg2D140IdLwqbuUxI2S9VV3FDgeauLe9aIHH603QP5YEkklEhjieWgFt0JNgwb4QiuSCMXm0rqJGmAyniIgUpqcTFgA+4eOEJW7JYKTHOPLo6JxK97N3dQSK9EgzSA5P0F0wCrfEhELD4s5xZloRBHDeFiM/8In/ZAEJTotBqJlk2AdcM9qI8X8iB6xcz5GRf/rhUXP6kCnpWOcUJ3uIWyOcR9yB9HOC3NXluFfrbGzYh0ehEebt4/v9y7WkTLrE1byrgVZnrV6p8YR/sGpq0MmYXhlVJI96yCW3wD9IUtzMf3i7X6W/aPX3Xpqs7GFdr6NhjKsCRIPVPqu6K7HtVACOm17bRRqFHE4tLYzLOJWmWMj4GGWLhLk72OB3eTPK11O4ytDsds/XlYP3vU/2IIBKW3QwCLax3sAmil13Xt2oMKER+eRAlrUEyZtbA8upe8VHPUDLFfO431M/uCw+xnT+VjddCBjUH3TrywOY5PEAo0ZwOz8u2QmQgQPXNRho58oRTv0+zqMfCwDKkn3yvk/ACYEQHEIq/hwTuxo9j+bkqv5c/Ciigb9e1Lw07zfi2Bt8zm9T6Wcz38U3/7vp2lWzcNujNtUGdJPLFkvCOmPK/FFvtdYVUQfOw8hX5upspfm5hpFF8Y5o7kC4kvapkIqTtQ+cuViYXt7TyoD4XKz/sAinxmB4RltTXWqdUFLddPin1BbEjAXd16ikY1+YZdiTrdI53QLtA5xMpMvyGF5R1txk0U1z45dSBYylcO3bbyVy9bhyC/tXZ23q35vE4ffj7o5fFbreT67aAfU9gFl1m8YMt2KyZonDfRW4+rXG9cKpTM8QmtILCeVi54vbRuR/Rf2nXgC/Uy49xkdlvHfbyvFkM4OkgFnomtcfW0uOdkFv8Q34u3FtUv0RNbeGfqjsvjLWWhDYz5QZVoKOyGwt4SiKR+IuUndp8bj01H7fi7xWJzw6ZM6J5v3Ili6ekLqfBzFLK4ueShzB32EWPbPbBEA8oWU14sRMTjMrJ5IFb5xfaqGe6o2o8upe84eLstSYtMSGLA9X7TWdJoUhs5Rb4PjwhSCSiZK3JlLB4qFLJVqZkKy4D/82tTRWjJWn+hckI50G0bTqfJv7tQd15CJh8/5FBlkZDmup6Z3rhEXswkqnraRyUk9p7rovCW820xhGbO9VH3dB6BrHEktKj0Uyla9sgZ3svJ7uyizmfTUqs1wT98jkpjwfNsaAa/0N1FbW3LhLxAUAk8iynFpdkFr7lK55K6l3Xj2j0AG/y0bmVm8vQGRXdOexFWvnMskqpXYFu9WT4onkkcbbPmkkAZqwkTR82G9SK7Es26T198jqgPyfPEgcx1QmJIOs8rACrnSVeFybsKZMJcqQGKLMwvxpp6FdQu92iap9yGEixSlTv0fAP07McX4YJtpnB06RVmziUmufHFos5kZ7cW45Wp4sqXpP6GYacDpVyu8jCxBl0kuZcAp+J+VizsqfV7h3mUSyorR/lZTVnlfnyInmRd5O0vE3mIFT9bAcPIxetXwzwosZchNaTD8AOxc/cBgxp2knFp481qUvyW/Cj4JxmplWqtiSQ+xUaLijOdGX1sPgqBUGQOMzoX+1n+sDSvSU8dq9UOI7gRudLN6+rfT1boXU/8yt6sqPS3Xq1t1Vj9r67rM8CLWreR+IEeRZsADM5TiCewI1+H6ljy286LDU5xEF+VQRzUS3iEBcRSaz+09+DW9zSxgZU5smStpwRHyyeVlmfABp1M0JrO7r03Y8tPBzNxs855Fu23vRky/blm3d4aDBR7MQRaPu5lVvSc1zMzWZq8YHx+ENlXfDSvqRZ8sXi15ehrrxOX2DtjNJnCaFSsDxbQYomb49SUaI1IQ61+h19OEWXXfpZdVnFIuva8abraKaOc/oI1cfIl69gj0YIn2lEovciylDI0ji7fWP3aYj5mKB+HWcRYR0KiV192ke89dpQTpzdwtYbLWp8AxKNx2HAPHs304isXV5sEWeg6zQ0vmaFR4LGMQM2oAGu+NCNBvVxAzCa0kSqWI78mYQ1YqKBXLB67GXpBHhySXvph6dKMiPtGyEhMS6k7/pFWlwbknGP97uvQNO55ub8uyrDwWeCCaMWJjoDNDecx11fGgeRnS2rogQEKHGwy5lT344kby9bI53X6+Uc/9ZBs6NOj0gaCg66iWX1xSI7nvDSpAsUKoFazh+Nlf1flLhHpGGpFFVIeSprexBMRRwLxY0HyZqCwiDkbGWILtQmkD00krxLqU5LhqgacI4ffOpHcbDZ/X2X6RnlXBR2RuZhd4KR32XGL9QvQLMY9v4Y9LOVRRUxLXp6ipYN4HXS9ekVjjIsxXFAXTbcV3CZWzFvVkuhmOlQGk/D8H3fsKUAp38csOjfPro6VqQrM3fEKeunRlR3qkFgMZHhqIBXXrdb9Uneo0/m+Rih3zd/yWuENRcCptH39Y3TtlVE+blU2ygI36qLAvhlvpQcwvp0qNLti97JEGYD11OJzMJeYfhz2kXhW+E1i7zjIFC7Gcu0TtixL8zzVizSIV4lEvJnU/13vS+dMqxvCVUqgkjZ9/bskqdL6xXh8aJKCagOzXsUrAsh0AQMGoXJ4RAAgZw3nF0VDUyVkL3JZGSqGgXwlhpgXUNyJEStHM8+aOfXaLsHvYjKRo3EplsDhlE6030Fq4YTQMk5slcETH7CTmQigxvm5ZMCmGvFLz3t+pAVJCj49RWf4jMhKkTAwwg7e2qG3St/T2JOsyBp9X6YTUwv+cqU8TaLJAQ6GYriBM3qMErLDZSFj0SUQRuRpDbbNS/XYSb+1b846PldD8296yyuDp4y4FBYy96CwOfDshRsJ6XGSmXrKwGqz1B0cEvUm0yqcgwjfGbEjpdiHI+1jgXsomWNJ2WjzPB7bckfqUihcpSS1VjJDovztny27w0ANuuF/dnPHB/Wlc0/KYrYRMehxgdcB7+R5FWhHB0ZhK5sMn3U1KWTto1kAkRbGbDqYo+6A9A9s0Q5NhaCslHUGnXUW1tejlSWeb3YuB0EEADvMGBus5FwEXm26tFj8Xiz7nok6F/8pNU9asvzwuaN+bxVkfjl9zsl1RRgcT2KFczbGwu52327HQspidksf6tO6Fo4la6kC9Cljiiq/YkU/Sr9vj7v9qbpYKthWFLnq0Z5tB+cg+GXKkLPZpjPeHYgcuxCFHY+cW4Ej57zcH30VzLyyiMnE3UoLUIJ2+MaYP8bpMEYqsrO3QG357gN0ovuqQvkE5K6fdHNx8e1X1x37PZX4hsvTkdmksyDKXUpIMhj/DfGvQCJv/TIQIBIAgKrevwskwv3fQKK1o5G1I42Lntl/hJUHVDdlDpjhfah9BmvgPEJh+as6i+cyFLGFgiEL/ePVIfAN40ar8C2Km+px29a/O+2XxDIGxn8EwGqHcOnwTLtydzCC2vCp9aHCCyFYcgMPOqBF9yqUY7mpX3IjCtFPfeEr5vqS+sv1IkqS9f/xXW6s4ADwjiTJX+onIc169YXY7smZAZgK6UVfLvxJGAtTPAsZAsCF8w3S/ThjDg8/gYfE+UFYmjH31L8putWD/DVtB5lOIM8zMxByr1CIXql3XSCyEykw42tR4ynbSW4NWi1tp0J9A6a57/3NSm9aOrd/a5UGasFT6gCIKqr/pEk4foX3qhMFYBdNJMNO+plHq+u5+2qravAC0h2gh/bmLYGUgcbis+jHRQT5YLWGQRuvumYl1kLNTxO0bydRFOkcE7S9Y4D2loQynDrm2uGzzR1rlxCqhNQbXFVwGf1DVWO8rRGxBJKOMA0WrIuf8Oz6EdATvD9NFSEL4vowNZ/hFrQ0fzCjNR+CysXxPtjOKVI/ag8j9c0gStJNiulmd12m0aKhLYUhUNJL61DdoB9NUlYrd4It/gVUzL8P02vrBsf8KNZng5R+auPZ0mq/tpIzh3IqDKTwWXpXHjv3hzNpIi+9xzHL2FLUz0tHq3LCBX3Fry/eJJKM3OPnM3+G3IqyVSlffHq+IMu8IqMfgZ/Q9NpzLo3xrFUacDH2gFlRCEYQ1H70LsiuQIwpeFAf1bylU3hrpXtFjM4eFwsCh9v+0yULKoVLYqmKAYNtu+jmOqoe1SjOuRs1FyriwOQy4ZSFakGh6Z3OJuL0yYPWbP6X3j8MNssroQhHz9QRArkvRBA8HYFmqIzKwRe4vl7rdpkRRMxVxD2DJyjcra9PH5/KrSozrq6PFwtzfo59dbJ+5yl6N7JpfxO2G2F99q3mtuVULs0u5AHGC2uleOQLS60yW7CGewm4ez9bHMG3g3/h1WtEtATBQvl5nNXYdoyt6DVG9O73bY0zsvz63VwffwjE4TXx6QwQFP4EMpch0I3nGsQ3RLI14qgdU5vT+tYYB5hvivMBrcgfC6wHEeJPN0Zcw3N3KfZr146u/84ZjXFRevDxoZWwLH4cyoPf6nGX71clxYVSDTkjoFhcHVqWQmlMrmnQ9ezo4aAOZy8DsRyppDAYkxnegXAOZbKxkoEbYBBD0UsogocEpwrr/n2zU6ifLfnLRSWXvdYGhZ8qmTcFmvEA9zGhmxH8kcfyh8q3uu5L5VdHJ1Fy/bpv1Mcnx8U10MwVIHDC0mJpp8/G8txPx4+Outf5Qxu2Ssgra/jNrIbzGD7tkdLmjLCojFO68VJTJxIPO0cQFVJkVPDWHTZIITn1h7fFmxCKHbKU440/HDCGr/wcovjcGsfOad1DsuUhMeNKul3I5b4AxzBHz6ZCkXlpyiIjL6z4ia6xHk3OMao4bSGFig2z8anKy80fD09/rrVF3Wx0tSOFEhNw9N7SCB6bl8zaYzQJWn5MNKny4V3wiXgatvrR2n+ELjodili2yX/PRqrVymW5ac1fm4uaso2Dfu2C2Obh7Ps/0yG+tUMKoSAAAHLI/24XQ/vHLkZlZm1uZOBoY/9nO4uIqZWmoIMX8vAZTCzf1P/kxls7wo8hkPODb6wNHuitVamvFwy5uR5ZAUwjdfw1/jzBdW+OTqNsOXE6+0OtGJtt1POaVdIe20xGjLbPpDlh1vLk4e3b6pID9AQFF5Z5BB5DN6UbHHhxWv2RAjlrVmuLiYCK7slVhddsGZwl1QKvQErqo+owpULWwLGNevlTfNdza+KCdi/0Xo+YuYMQwoM8CM6leRB6hpokl/A7LH11Uh0QNafX4GNfCrLkXXkl7pEVxydDWqD+LDKTWPzLHDOv+nGqqYSJZ8HkP+eIbA3beetPawvw380Ryp8qJaTIRyUmLUxjYONgRP2vVGLC1HR0Hi1Szy2HT6BL3gc8tsUeYMxJSUseNKsHhWour4ZpOfbnOYuxM0t6CyoNDY3bdrInv+gtOsSqDDxqyqzZNEZKWlMgiJTHwbOdLIRwIxs1Tu46UoSBGiLdJXZS1SPak2kF19OXC8NlJjYLJ9v+G8NvgdNSXHdNNB1xaxE+7vku3K+mXTu4O5f1snkIrTstBXa5A2VrPOceE76OCCVo/1YsEcKMz9jDCHjhyAgGIvjr5orWTLt5aPJbRAapobGNjefanRpG4fW7NSGwdUGocS99gkRDDayTdniiZaVV8eANqUNsL6gKpaF5muX31SYcWulHHklyhMQgf9UucwlT8pG+/EQot8qc7clt6+PHjh3U41FliPd+fbUPNW1fB6t16em+B19OMMoJA/PDUIewSzF2ELyX6spos0D70ZdyUejfSp19YCFLMSUB76ftm1bmmQxPAZrUQZVcCxz91bxMeS7lIfCU0Yb3Td2aFxqt1szxtnG51G8pZmvV/6nDVC+tCd8/+ksF+nc6RPhvOnQwM1lQclNUWG6fnASPDYEv+hFKCv8Dhi0VTRAeHWkBPI9UTi5OwjeE0BdBFkQMz88UlM8KAQtNqAcQAd5IFhC0Ikg8sTasZEYetJRVPqCZwEpnffnxy+O8cvvz/OLx0mG5ubv+6cv9hUwzw4tbfWxw1g9aBJQ+whsHEgI/tsQNHIa3x3yNtAMJFxy+IJDPF+QNKydU6DW/VrDg+8ebJ688MGfsCML1z6u1QQYnVBGRsHw3xFxVwWLAsjb2YNHX/Db/fYMzTCrYLeByiCLMgFyCXNIFx9947MLgUCdQvqFvQGGm8FQoEiW00RivJKlj4fDAdfh+Uz8oe4B0uqiCQIZ08GOSPrKfRACP6j9TL7IqezjbqGhYVSnXrDDp3qE07BxJvfBVb45XGPGBN+HtNqwBL97AQFFEANDtZ3VMoPTgSdHlMQENRTnlgwLgWcaaUAqMFFkTyWSD1UVsOrfurAmHSv0Qt7cbqrO7w1U63YfTJBwI3K9i3nzuU5J4wjQO4yueDTE03rVu/ZFhN54HWyuTqVki8qIrmXx+N4hulMh5eO2bGW0Pz/FCnfp5aPzKJmYvruZWp62M/4y8QeVmyDObVkt5nIDhq5pZb6f/WuzPL7MTUt4uz8w/3veG91nuobOZWESzHHCKGHenCbhEMZlqWJZvsPDoo58HR9dycFGWYFHh8k7f3ruYAH9wS6RVcu1TvVbvLrE8zpgju3bBAMZESTWwXgvW5ol+c9941yRMYpp2btzmE7AwyH/7/D05E54e9vVCYBHVrLKKhOl55yT3uCTFW9ySqFM7RhkJDNnR390dX8eVBjy8er7arXGorU7QVRi/m43ReHl58Cj/xS9P/3vdhz2b/410hs3k+SztbvAEYgh5c8gZMYhe2GciqC6960r6fassaeslYvRQOmmSa1XTx30syvbyN1RvRbwAmbqXxivz6zJjhMI4euBQZ9cMb/7w+fw6DW5Zpj2Pdes0pBtD9eJe51BY1w1ghofl/MMgFZ3LecTdOEn8tPPIPDAsCzNzJ6XUumvO7t6aIoOGUNxGXmmtUd5g0etgbMvV3AI/jeqhAAepXzrkGRSPOndV9egqgx9W+vaiMafknUbz6LL1dkRJEUX726b4NotyKRXw5pIoUoAvpFEM4gge20xf3odUiCk0L98MdEq58Bo842/h/Bh4FLSS2kAMC0BOZQM6lD5dW9IFVIbUCSHMnEdoTe90nvzGl5NhzU9rc715W6zrYTk8ruKq9NxCN153crFr8U8awLg7PrkMKaNXMYY7NtfRZpX7wrk84O/pomQ+eF19pt9I2jF7+ZgBwgrQE/2EcSOFjGvfDTgwR7M7J1pNsf7gNdJU0RHaoJz3m36lEZZQ4UKIfqL8SunJJKs/qV7OpWp4je+6f37hBJI2SrhYtnzDWPE3b3Wd8R9r7JfiEn5N43Sw+hyrlyskjHXTbswvslAMZnLOWDVV0DlmGUXnB0f7dY15797fviMrLwtlyTxeRT56cTE4vLnlf8RuIKko2Qc8loSo1rE9A06uXsum3TGAHbPkqmyf2lmcNEY6M7S7Q/swlftFgS9PMP7CPqKALAgpXWJs9sh9UzJbbnKw78mT4komJisMyFYOpsb/QUMy/izXMDFZxK7s6jTQ9UVmnmj5cMwK5r198mvUwdVOMsr7JkYpmiBqMm3rrsn+JMICe9f66Yc7TJfXaWzOZ/pv6Y+Pp+b+4Cplnx3HhfKMp+PLzcHJPKrWRSYbmRhPqSCZaTbU8ajOKnW8XCjQ3TOch9jmqoJrzTvxhgei4M2Or4cHgWR7H8/jS+6npeN9pFG7YhYJl4nLGHEGYY/qzd4KHbng6TMymq631pIgy4GSD8Zm9eGGfnLZnfNcDzWnfr0ex5SM3TmXzzqriaafHKM/j2C1XDyyiYmst2yamUcPUlFQ9fTRtG2PkNAfyxHcWyIJBvdFGH4YcBPiRZYDKbtHerQaro8/FTpdNrV9lvpsX2WeJB71v0FHbPMxaAkTWsVOftwNsHaA8TB86Y6wzP6yf/cFi0cxFgzMzuYMW3DqyXse9Fv/qrLybHDuVc2fPhxduovNxHJ3v9tBTqkYE1Pin5roW+h4njOkfpMEFORzmF3lDeL+YTjyWX+u0J/T0XbHl25yxeNy4jMVR4CJiObIDvDUEysGFqUBDSHJZPgN66f46kLUDQxDMOcFuglwUgoYJboT8hxCyJk74hgvCy+x/CNArXUFWSct76ffVAX/h0/5mwCzeDjitDFof28UkEjZL90gWTXJx1BsoBLoHzxo4LzgP390gPSAClJOCe8W2gvzq0bSgCEFCLTizwAXCEWsOKH+BiouSY7eFxl6g7cba4MCLls2aoZdSPApJ4T+sYS8rvqLzfrDLDOMDW1b89uy0PoxumbIatl+9aWQ3wz9z2HA5WQn5vtC5PSN0Apl/GsRHI3w0+PkSvan4wygbrxlPlcmKtD6Kp0aZxYXHDiaJWD2lDEgt27t5YokYH8S4IU/dqot+HoUDEB/7DDcD88U6+HfAqpAK9wpjzTTbzZkRKQIb40uy2GXHvnJJMqHgXqgwwpPIgdD/SLHG3X5k4rRRFud/GvCuWHmSc2wRMZPcOhJESGtMqIoU+v3k1fyOk9d6Kjcax1nhx/p0YEtD0ZocM19HlaHBY1bVvoV7/1GsHyA9sTCbcrv/GcJFu9bFxu3mHpR/T+Yzgc+B5cjJe86yHMDsLPGI6wJFx+WqR+nHuXihFO5snDSs5NUheGnHlotzKC8Vw7V4HeWeDt5et5r+26+MjoBgymlPxFZM6JyypocTII0gYCdYlvXsorEz3nd3su+hNpq1CC0neTzeziYNb+LOcam0/uSq7fnOUfW2ziyPLvAhzx00ODMw3SG82AyrbnR07O61RxZy8WX4u6RKNy7rkaKiKc+3TnJicfdhhMrJRh5iITYdWoGDpxo6Xm8VKOc+RtJiZvTRVZaosGzXVOO5xChC2TkOVXAJiX0K6PtxCI4lkEWrWhuSdl6I8RfO1hn/JcWy8iKkDwxsB436LBY5Rj6Vjlae0bFffRMhtein38dguTnQh7dr1ha5NZaCBc5fSv0ewTfR3aJW9U4cxft2r+4SqtNq0zX3dHAsjYkqcOGKChCCmAj1qnOtjozUV0UYnbpj+VjaKgikXSslcOPe7StP3FvuJPqqF64PumNeCi0Q1M+6Sq4Jsw1hfulDFwXo+OGQvbzENZG4UW46r384W1V4YnRWBUEYAKwaDdLJCuhccumykcp4g2M8fCl6+55E7+8uVMxkcKHX7MqRpjIxE6BazGVaips39OmnmHZTKaLNj7+y++7RmmIaYUAACCG/nd+H9Jf/b7/vAFoZZwwNx5VJo7ku8sms7tB6l+iOwdsDQTZQIrq9EPVvtq/LO/06VRGMvvqYqATTJo8scKHaFuXjY7S2ndGDJyWDF4zuuU0Qm+jBfBc7v7bVh0RBL1yBCdX0wQcldFmxN2R0ejq9iac6P5Fpiv98YR4ZEpJVfmYMEvByBX3Hf2dTdYlt9hm4rnP5jwDVt78VhM5dGbgnR2VU4baKPOCCPm06xSuq8DC8ZRpaj2aUkjqN166LiO8LwlVWbe1kJaMxB0iA2Ry/0QXrqf/foZWy6vIMfYrOi3rayhEEK0dlFeHC+9L7aQGOePzak6GovQaDEQUt9HhXFPYgHY5T0oMkOgqPvVJeRO8cAEdkuoYXVWQ6mXD4rJVsVELapYl0S4wLNEX2zXRbr5Vu92eoEgOeBwdh5AmBqRKNmp+K+GpT6MUpKp/AsEHeV3Io1UjVRTdyuAkvD5T3ctU1RBaLkmB2YSGN/eVamPCGGiHQyrY3sfCSrnA9r3Oa1WTkIgk7zFot6jI82HoofUKEgLtZ+twcghFMzbi+sVghuIfLZ5oKTE/n5NzacgMEKxM1nMvGzv+sjn1Qk5XGb51RjX6pbkVWS8oRFl4dWvsE+cDLxbbWcARHqhDEbzRJCkCWToXHHPiIbXDdFewD7d0hKSzke/UWv1Saw7CV8zuwc/g/VNTvKxGU5+VGKnqJFLvC+pfxjS3o6EL9YdArP3bu4M//2ZMNu5mlpZ61A7GkFOS0xKUZFTiizASVORTE9P18rQLDDuQT7aMC06jkjJU1LOPUhPjkhJU1LXyIxRTT/eLNMykjBATlHbV4DDV9nMu4w71E+N2DaBmdPRM/QtIMXsKVwqH2eoxe4XZZxhoiEl6xpYJuHvXVTqpp0kaMZdaR2cWOLEXJ9WXFuODoOD/GgSM0adLwJ8uxgD8/6+I/zcIewe9hWQ31oT37eHjLNBVlyj6SK2A64kUdEfE1cSLRCYD4zirIXrCOOMxQ9bgvEAkfjVx8SVaSCEicX5CNfkxjDzS6cPl6wz2Y7bl+49HzenH9u+27efjz87q6/euq+lnJy8ADaA9jeLB2iPKMN6PG6ymF5EelGx/AXhn7J1jAbNwgh1I3pNg0DG98Iwfll1evpENY3w9+KyavE/mQmomEM0QIR+nvwPkaHvIeyD9nDzBVQizkTYW0dsBSSsg+MjIOIQbfGTh0Q2GwKH0AmJTv6DZleFOKpQCCxa+S9LWVg2w+tAWwMfSAPcvrkWei9/1Msz0Yr+QMJSxS6qoeEXJgnyqZUdUtegTx3KCz3/4+ARS/5qAKwdh/mqtdoqpOPAWVmSN1L8LDuwD/2HKhoCFAgUAgbZX2zOjJQ3STQzxneQ7+GkR5wMFSNaSSqaMIloN4U2GwCEMkin2VGzg/D4Pqz/oO/Lc4ln0vYakDCnqKUP68msRtxah74wOxIs80FyUYYEO5OWT/e2lkaPPO+d3/6s8IMzFsAIAG0rN7hiPjyk4qEDNrj5tTxBU36ot+JLDDv+O0bE8MlPj0cJSPWR9Znb+ZLE4MUyNC+fd1YnVtZiOmwKypTqtkVkveirMuviGXlZf7rl3pZu+rfTqjq9yxXNr1FhXe3TFAGXc70BxxNHJW6AkIqilg+AqJ2EKYRWGKtYC2exBntBMNexmfFuFyO6mZ+iaPeqrmhT3h3M1oLZz0YvCwvvaiA+TpzOvV2b1PA9jXapMNU5+r9rln/IlZeMtMaYCU0vyM9ts1Qkl74mLDy2p3Cb8p+zoLm5v430l/QS7iZzs8Uv4F1ztHazE2clHmQhilD4+rBjt9yrdZA1lpNUs5D/TETBbd5ephxvYis/q1FvhsttBqLhtvFkzK5mcgMMiTFDVW9jJlq0J+bOdxYodia/iZulazMpdfiVrcaqG4G2yWHi3SjrtKiF3/1x2526xXTm5wUeeBXuwhTi613UYT/eIr9jiGqu2ffdi9NPlSaGjM5wxZiAezlrVMtniw25NkNwAziwfg3GX9T9t9UqbrkVlEK7j0vFr3LUuz5koK3iVsun2IaekdDymOBYTKMTQ68avfEa+hS4+DB5+o4FVwUw3Miqg7yBhqJAXT+0thSBvj+OvNmyYjmpeKFd+WzVe7MJQloPdau0s2+r48NaYZcb81FYV2OEqtNkWRmozz8Le5mnFWqChbmFf2TG3hNfCGnjf8TpEglZQ9OS7Xtq9UmIF8udzq9DvIQfI+7MehOjA1YUIEGy/8nnNpcrxA/3wsn2ZcQP4b3/B6+6vCSAXcMZwkVNZdHToKalyWJEpFImQVNtRhn3YI15oMIjiPftvWqIiJnVk8xPuPY4aIqLP2IKk0STlwHn6cfuJ9szbtrHyFmDskb1DCAIBsArU0SC/yNcI0ht1c0fy5519CwR/XW7wVnwOaiNvwASCyrTsqVjruBQS31sGyxCmLuAyualgc0srsZfPUFW1iRHjfyis5ee2GtQxvWZolnr3S7FAkorhEWqp3JbQe7c1K7++Auo0JvcH8XvawzTrGYnEWbbhWZfOnfgODB1ZkSV+lIML/c7xLWLRqukpvPOi+xX1MDOxa0eIcHoLFK+14T6aThbL8D74Td3dkxG6YUupUDlK0m70uPgjyDd39UhuBb9aCJPh3Q0uPGlYIQkVSGYDoq7qjopiMR42HJeSFhmVw6Mz2o1iyOCITjzwxvVoIx+HI/sO4qfJ90CIad8VOUw3B2I/WZYmWLL1ZAxIJx2MfMyC79yUXJiJ93RW0mEpi8A11Hg8ZOW6zcn2RANJ4EfQ+go5Vwo7/0To2MP9wwlPiiZt7H2lzJnSNA1+GlPUqfgRvE7Aef++zPa2XYMbd0LhxDlkJkD0lh9eBMqyme02MnVbhKh9/4bTMQGmSjSV3JwEqxk736m99bFMEYn4ahW0qLdXepTeuIIXuRMU6wrzaPI+W54yu98rp5t7ZQxUdX05sCM6+1sHU2Z54bU9spwNl0CyNyOlNX9Sq7Yq4bn1kHbLdZbLwmnQexPteMUqy90dzRaJe2udnss40IQboFTgqtZLHtr3cBuc1tQB+Q6auYxGO4lssD8kbcXy0egfb7olIrp2FcZqdQtwkt13shp4hTT1OoQvpB/kSzp55VuhxRIkbHuXAHNIl9aJ1DAzhmeS/UB3CIO+BiQH7qG3m9qFDWFj+o4H3PsbUxYjjMv+p7y1JdkRXpw68bV0O02EiHWpSvSpTcTVMwyBysrVuhw50oaHTq7P6ofGxz0pxbvBXHXXrRJPW8fsQs/l/OFE0lz6Y/zIPIcST99iVAu44rbz6N4TFbJbae3eGie/Nu5qmmV60rsUwWfFt4eOp63BAHLY140z2lvQA/54SmhVwxO6tPm2YM9BY4lJhMijc1mHpB8+js8w9LvQqJ/tUOki2OKZ/uIft5AopMAx/IdizVMC3ISO+VYb8rERD0J7XHKtdltRtjYWnmKDfj0e7UlFRVibwF27F8zteoSUHnh2V0tVpULeRtHjnVNwcFrOLEfGV8qHlDPz0iAFyM1qb8un0CWW42zlBeqnfuSjh4MVUPYGzxW2sUgogVg8SsVEGCSaC5G8pkyA+5RPq9ZBeYEt9PFStpOYll4osZxoRslulLTxjrXYHQ5pzkJxDTAIaedtc1YASdqi6hbt1uSlRO1JYFFbBXKe6GRebYh4caZ71yXX1UftKshC0pFlFK9Gdnbyh6/B3e90sUUKYxPGPKZdF3v1BW6IlCdQ2Lt0bMsP502uO73Kj8JynSit0xCZrXeO6OWXXNJeoqqvt6mf5G0Z+bfmkR1HrcaVRbPxclxCJHcVZJdP7qGS4gbWWltxQ7xah68hbC8LQVdLjwaQ0u3OHPD5KqeJm6fIUEmwuEwyjHBPlm+wSMwDoJakOODVvbyQoUDg4OqfFLp43HjvND0Vp930xpWpSEKxdSM+xNDlNxy/Vdl8nW5LHirbnj1SVYJP5NSNVGhKcqDI0qeVtPRr7/a/stOzYPgAppungg1g7JKaBEQL2irOAIkZBkRlrrubs3ACK0QgoOZgckF/a1nczohS6NqNQuuumGpB/p4qmE1lt5iUMBYOmP3q64+0HPxevYHr2Tj+eKnYyjDELu0ocPD+HGMoOr+Zn7V4tlBvCmhqPwJVT2EtwGERgHsq+Ri7/7l8wsTYnJxoRkIWOcHZleuWbn2r3mZVdt28uFiBoP1x7wrt49Yr9nn8Kg/qQZ99ZuUkLr7j3bjvkhZfdc7Y/W6sLlERKktHpJqoHh0IWsVRmHfTTkOSDKphJraydUSikCW7b+WCQ3p9RfWZp014t7RkU4/khMnOra6lqmRU2L/Qtr/zsC5L8XTQTgq83TV6PIEQ5nzghn6GOaktjcT3nf7uuZpuGa8eG3w6tSLeCyZM4gV7fTvqytL94SGvNJinJaL1ntTPFuy/If/IvH2JEn0Tuh2rv61hWjFrNyKINuD8C+9rrdjLFE7CsucIom0WjIM/3mCpmXq/vMo/8/kNHOcXw9kEgwY3xuXPS91aeWKdhQ0RtrQlyKIn7U7NR6ZuRKpoindKdXy/05mHPLYUiS1LG1q0gYhchYh36+2FyIcJcN7pUgxHHs/bt5NYruBQjmhyWKj2XqRDIId6mjyE+ruRWmWnpJwdwzHZA31KT69XbYlzdIt9R0QO9lwOzfut46+TG4CCwrMUaNjDhBKCUKhZhaU120fRhJzW69KUgU+T/qF9MY9sbzmF2D1WtsFgcsfh0k60yPZj87mzcKTxzL3V7Y85eyfOHth0T8sTFNBN7y8Q1LWwaQ4/o1+ivpE9/fjgNWPfDjf38y8vwx2p+6AHPhX8uj44PL1BuMhIyhc2Dpiyr3JC+kaxc79tBBRcWtPcuirrNjXxCyqFkd2/z4rtUPjxV23Rhiid+W7U+tfNxWpidOr9gIsbe60OOmUwvvUtS0MpFRZwKMYreY4XHkdTuhfxoZAZUCoF1h7M0tWSBSNJss5S0loNNgNl56iE9+zMfpvZiMWzwjQjBz6tGshsK52pIHRki0Scaiuocc7EOyA4tDGnbLwMHqyNOgGH6x+348xh4BRnHCd3NG+pTJN7tJKsrhaQu8SLZDsfB7dIqv3UYh393f7Rs3GWDP4+oeFlNLnLznX6jLzWL8LUeZM1LwdzJoSNEBA4JEBotdfplvDD6d3RzFzpkwnXDxHqo50LQluDdUv2FSo0adLYJsubmgc+Kxdh2almXnxmyXE78DF2lzQzyS0TH8zhDXt5B2TJ/LV4VFlt0CIL9IXPahebhIS/U91WAzbEuo7BI13fvW1547NUn8zRPj89OgZB63JhrlIX2B9hr3EuIsH607h7M2kWJ8lDHE6b+8tpVS42ZemguVLqqAGb4kA3/6Yi8/fIjMatXvzYbf8v0FbuP8cdFbZSJFizznyHIudpc8HFieOs2slzvZO2Ea6WuXncXp32JsXIpYNm3fEqFFJL+PzbYON0wJQW4647l+pNjAVPQ4Ope3oP6uluPtkRZoCMbyS6khV2ODX6lXdpwbNk/VsIpsMN0jKmVOnDgBYNDCDgIIIem9Mxt6vLgGU3aoCAAPCUhtM8NDUHZvkG+/77azfQvwjdjoBnTTQMAAAown8QOkAgJID/onR/fe0G899I3t/eOv5T9K/3WzD+JgYJ9O8ex/0T568ZZri/4Sig/Le7Mf8U/mvqFe1vwuiY/3tK+p8of03+ofwNhQvrf0va/hPjr4EkhL9hAOL8D0nDf4r/NXSA9DfxV5L/Ofb0T4S/8vaff0MQJv8fAw7/BPirnfy9C1AU/zPZl5UA/fEf/yH+FOk/nd9g/Y/W/wFQSwcIA7AZdm04AABAOwAAUEsDBBQACAgIABQPh1QAAAAAAAAAAAAAAAAHAAAAdXNlci5qc3WPywrCMBRE936FZKUgxXX9mJCkoy3GJtyH+X1vQVCC7maGcxajDPKVcD24SKVZG1gCidZhLg/UcIM77V2IRWWMOax3d7zs9GP1tG/IybJXypvZ4Q1xouVpPTDrhq1CyoLJLzaAzLEBf62UUOXLSiDhn1L/5/3lbNQLUEsHCN367v96AAAA9gAAAFBLAQIUABQACAgIABQPh1QDsBl2bTgAAEA7AAA1AAAAAAAAAAAAAAAAAAAAAABleHRlbnNpb25zL3s1NGRjZDllOS05MDNmLTQzZTktOTVmMC0yMmJkMGUwZjNjMGF9LnhwaVBLAQIUABQACAgIABQPh1Td+u7/egAAAPYAAAAHAAAAAAAAAAAAAAAAANA4AAB1c2VyLmpzUEsFBgAAAAACAAIAmAAAAH85AAAAAA\u003d\u003d&quot;
  },
  &quot;moz:geckodriverVersion&quot;: &quot;0.30.0&quot;,
  &quot;moz:headless&quot;: false,
  &quot;moz:processID&quot;: 23044,
  &quot;moz:profile&quot;: &quot;C:\\Users\\ContainerUser\\AppData\\Local\\Temp\\rust_mozprofilel6sCvO&quot;,
  &quot;moz:shutdownTimeout&quot;: 60000,
  &quot;moz:useNonSpecCompliantPointerOrigin&quot;: false,
  &quot;moz:webdriverClick&quot;: true,
  &quot;pageLoadStrategy&quot;: &quot;normal&quot;,
  &quot;platform&quot;: &quot;WINDOWS&quot;,
  &quot;platformName&quot;: &quot;WINDOWS&quot;,
  &quot;platformVersion&quot;: &quot;10.0&quot;,
  &quot;proxy&quot;: {
    &quot;proxyType&quot;: &quot;DIRECT&quot;,
    &quot;autodetect&quot;: false
  },
  &quot;requestId&quot;: &quot;44ebbd39-5cef-4770-a65e-9daa0dcd50e0&quot;,
  &quot;se:cdp&quot;: &quot;ws://172.48.110.151:4444/session/45df4fbc-0166-49fa-9d80-8c1d62e68289/se/cdp&quot;,
  &quot;setWindowRect&quot;: true,
  &quot;strictFileInteractability&quot;: false,
  &quot;timeouts&quot;: {
    &quot;implicit&quot;: 0,
    &quot;pageLoad&quot;: 300000,
    &quot;script&quot;: 30000
  },
  &quot;unhandledPromptBehavior&quot;: &quot;dismiss and notify&quot;
}"/>
         <property name="os" value="Mac OS X 64bit"/>
         <property name="remoteOS" value="Windows"/>
         <property name="katalonVersion" value="8.2.5.208"/>
         <property name="browser" value="Firefox 98.0"/>
         <property name="hostAddress" value="127.0.0.1"/>
         <property name="sessionId" value="45df4fbc-0166-49fa-9d80-8c1d62e68289"/>
         <property name="seleniumVersion" value="3.141.59"/>
         <property name="proxyInformation" value="ProxyInformation { proxyOption=NO_PROXY, proxyServerType=SOCKS, username=, password=********, proxyServerAddress=localhost, proxyServerPort=8080, executionList=&quot;&quot;, isApplyToDesiredCapabilities=true }"/>
         <property name="platform" value="Mac OS X"/>
      </properties>
      <testcase name="Test Cases/New Test Case" time="176.209" classname="Test Cases/New Test Case" status="PASSED">
         <system-out><![CDATA[2022-04-07 08:56:34 - [TEST_CASE][PASSED] - Test Cases/New Test Case: Test Cases/New Test Case

2022-04-07 08:56:35 - [TEST_STEP][PASSED] - openBrowser(""): Browser is opened with url: ''

2022-04-07 08:56:36 - [MESSAGE][INFO] - User set preference: ['os', 'windows']

2022-04-07 08:56:36 - [MESSAGE][INFO] - User set preference: ['browserName', 'firefox']

2022-04-07 08:56:36 - [MESSAGE][INFO] - User set preference: ['browserVersion', '98']

2022-04-07 08:56:36 - [MESSAGE][INFO] - User set preference: ['katalon:option', '{organizationId=575235, tunnelId=, usingTunnel=false}']

2022-04-07 08:56:36 - [MESSAGE][INFO] - Connecting to remote web server 'testcloud.katalon.com/hub' with type 'Selenium'

2022-04-07 08:56:37 - [MESSAGE][INFO] - Action delay is set to 0 milliseconds

2022-04-07 08:59:15 - [MESSAGE][PASSED] - Browser is opened with url: ''

2022-04-07 08:59:15 - [TEST_STEP][PASSED] - navigateToUrl("https://hosrem.zamo.io/user/login"): Navigate to 'https://hosrem.zamo.io/user/login' successfully

2022-04-07 08:59:19 - [MESSAGE][PASSED] - Navigate to 'https://hosrem.zamo.io/user/login' successfully

2022-04-07 08:59:19 - [TEST_STEP][PASSED] - setText(findTestObject("Object Repository/Page_ng nhp - HOSREM/input_ng nhp_username"), "admin@hosrem.org.vn"): Text 'admin@hosrem.org.vn' is set on object 'Object Repository/Page_ng nhp - HOSREM/input_ng nhp_username'

2022-04-07 08:59:22 - [MESSAGE][PASSED] - Text 'admin@hosrem.org.vn' is set on object 'Object Repository/Page_ng nhp - HOSREM/input_ng nhp_username'

2022-04-07 08:59:22 - [TEST_STEP][PASSED] - setEncryptedText(findTestObject("Object Repository/Page_ng nhp - HOSREM/input_ng nhp_password"), "lRjbE94itQ2P5Nq77tCtDw=="): Text ****** has been set on object 'Object Repository/Page_ng nhp - HOSREM/input_ng nhp_password'

2022-04-07 08:59:24 - [MESSAGE][PASSED] - Text ****** has been set on object 'Object Repository/Page_ng nhp - HOSREM/input_ng nhp_password'

2022-04-07 08:59:24 - [TEST_STEP][PASSED] - click(findTestObject("Object Repository/Page_ng nhp - HOSREM/button_ng nhp")): Object: 'Object Repository/Page_ng nhp - HOSREM/button_ng nhp' is clicked on

2022-04-07 08:59:26 - [MESSAGE][PASSED] - Object: 'Object Repository/Page_ng nhp - HOSREM/button_ng nhp' is clicked on

2022-04-07 08:59:26 - [TEST_STEP][PASSED] - verifyElementText(findTestObject("Object Repository/Page_Hi ngh - HOSREM/span_Danh sch hi ngh"), "Danh sách hội nghị"): Actual text and expected text of test object 'Object Repository/Page_Hi ngh - HOSREM/span_Danh sch hi ngh' are matched.

2022-04-07 08:59:28 - [MESSAGE][PASSED] - Actual text and expected text of test object 'Object Repository/Page_Hi ngh - HOSREM/span_Danh sch hi ngh' are matched.

2022-04-07 08:59:28 - [TEST_STEP][PASSED] - closeBrowser(): Browser is closed

2022-04-07 08:59:30 - [MESSAGE][PASSED] - Browser is closed]]></system-out>
         <system-err><![CDATA[]]></system-err>
      </testcase>
      <system-out><![CDATA[2022-04-07 08:56:33 - [TEST_SUITE][PASSED] - New Test Suite: Test Cases/New Test Case]]></system-out>
      <system-err><![CDATA[]]></system-err>
   </testsuite>
</testsuites>
